2019-01-05 10:17:30,358-ERROR-my_log.py--Ting日志信息: 测试结果是：PASS
2019-01-05 10:17:31,106-ERROR-my_log.py--Ting日志信息: 测试结果是：PASS
2019-01-05 10:17:31,430-ERROR-my_log.py--Ting日志信息: 测试结果是：PASS
2019-01-05 10:17:31,711-ERROR-my_log.py--Ting日志信息: 测试结果是：PASS
2019-01-05 10:17:31,914-ERROR-my_log.py--Ting日志信息: 测试结果是：PASS
2019-01-05 10:17:32,075-ERROR-my_log.py--Ting日志信息: 测试结果是：PASS
2019-01-05 10:17:32,248-ERROR-my_log.py--Ting日志信息: 测试结果是：PASS
2019-01-05 10:17:32,427-ERROR-my_log.py--Ting日志信息: 测试结果是：PASS
2019-01-05 10:17:32,579-ERROR-my_log.py--Ting日志信息: 测试结果是：PASS
2019-01-05 10:17:32,816-ERROR-my_log.py--Ting日志信息: 测试结果是：PASS
2019-01-05 10:17:32,986-ERROR-my_log.py--Ting日志信息: 测试结果是：PASS
2019-01-05 10:17:33,184-ERROR-my_log.py--Ting日志信息: 断言报错啦！，错误原因：'20105' != '20109'
- 20105
?     ^
+ 20109
?     ^

2019-01-05 10:17:33,187-ERROR-my_log.py--Ting日志信息: 测试结果是：False
2019-01-05 10:17:33,477-ERROR-my_log.py--Ting日志信息: 断言报错啦！，错误原因：'20106' != '10001'
- 20106
+ 10001

2019-01-05 10:17:33,480-ERROR-my_log.py--Ting日志信息: 测试结果是：False
2019-01-05 10:17:33,764-ERROR-my_log.py--Ting日志信息: 测试结果是：PASS
2019-01-05 10:17:33,983-ERROR-my_log.py--Ting日志信息: 测试结果是：PASS
2019-01-05 10:17:34,222-ERROR-my_log.py--Ting日志信息: 测试结果是：PASS
2019-01-05 10:17:34,464-ERROR-my_log.py--Ting日志信息: 测试结果是：PASS
2019-01-05 10:17:34,625-ERROR-my_log.py--Ting日志信息: 测试结果是：PASS
2019-01-05 10:17:34,818-ERROR-my_log.py--Ting日志信息: 测试结果是：PASS
2019-01-05 14:15:06,041-ERROR-my_log.py--Ting日志信息: 测试结果是：PASS
2019-01-05 14:15:06,350-ERROR-my_log.py--Ting日志信息: 测试结果是：PASS
2019-01-05 14:15:06,456-ERROR-my_log.py--Ting日志信息: 测试结果是：PASS
2019-01-05 14:15:06,571-ERROR-my_log.py--Ting日志信息: 测试结果是：PASS
2019-01-05 14:15:06,657-ERROR-my_log.py--Ting日志信息: 测试结果是：PASS
2019-01-05 14:15:06,702-ERROR-my_log.py--Ting日志信息: 测试结果是：PASS
2019-01-05 14:15:06,761-ERROR-my_log.py--Ting日志信息: 测试结果是：PASS
2019-01-05 14:15:06,811-ERROR-my_log.py--Ting日志信息: 测试结果是：PASS
2019-01-05 14:15:06,862-ERROR-my_log.py--Ting日志信息: 测试结果是：PASS
2019-01-05 14:15:06,907-ERROR-my_log.py--Ting日志信息: 测试结果是：PASS
2019-01-05 14:15:06,964-ERROR-my_log.py--Ting日志信息: 测试结果是：PASS
2019-01-05 14:15:07,005-ERROR-my_log.py--Ting日志信息: 断言报错啦！，错误原因：'20105' != '20109'
- 20105
?     ^
+ 20109
?     ^

2019-01-05 14:15:07,008-ERROR-my_log.py--Ting日志信息: 测试结果是：False
2019-01-05 14:15:07,068-ERROR-my_log.py--Ting日志信息: 断言报错啦！，错误原因：'20106' != '10001'
- 20106
+ 10001

2019-01-05 14:15:07,071-ERROR-my_log.py--Ting日志信息: 测试结果是：False
2019-01-05 14:15:07,128-ERROR-my_log.py--Ting日志信息: 测试结果是：PASS
2019-01-05 14:15:07,182-ERROR-my_log.py--Ting日志信息: 测试结果是：PASS
2019-01-05 14:15:07,231-ERROR-my_log.py--Ting日志信息: 测试结果是：PASS
2019-01-05 14:15:07,291-ERROR-my_log.py--Ting日志信息: 测试结果是：PASS
2019-01-05 14:15:07,343-ERROR-my_log.py--Ting日志信息: 测试结果是：PASS
2019-01-05 14:15:07,437-ERROR-my_log.py--Ting日志信息: 测试结果是：PASS
2019-01-05 14:51:05,875-ERROR-my_log.py--Ting日志信息: 测试结果是：PASS
2019-01-05 14:55:15,913-ERROR-my_log.py--Ting日志信息: 测试结果是：PASS
2019-01-05 14:58:05,019-ERROR-my_log.py--Ting日志信息: 测试结果是：PASS
2019-01-05 14:58:05,269-ERROR-my_log.py--Ting日志信息: 断言报错啦！，错误原因：'20207' != '10001'
- 20207
+ 10001

2019-01-05 14:58:05,273-ERROR-my_log.py--Ting日志信息: 测试结果是：False
2019-01-05 14:58:05,485-ERROR-my_log.py--Ting日志信息: 断言报错啦！，错误原因：'20207' != '10001'
- 20207
+ 10001

2019-01-05 14:58:05,492-ERROR-my_log.py--Ting日志信息: 测试结果是：False
2019-01-05 14:58:05,749-ERROR-my_log.py--Ting日志信息: 测试结果是：PASS
2019-01-05 14:58:05,958-ERROR-my_log.py--Ting日志信息: 断言报错啦！，错误原因：'20207' != '10001'
- 20207
+ 10001

2019-01-05 14:58:05,961-ERROR-my_log.py--Ting日志信息: 测试结果是：False
2019-01-05 14:58:06,224-ERROR-my_log.py--Ting日志信息: 测试结果是：PASS
2019-01-05 14:58:06,445-ERROR-my_log.py--Ting日志信息: 测试结果是：PASS
2019-01-05 14:58:06,643-ERROR-my_log.py--Ting日志信息: 测试结果是：PASS
2019-01-05 14:58:06,835-ERROR-my_log.py--Ting日志信息: 断言报错啦！，错误原因：'10001' != '20211'
- 10001
+ 20211

2019-01-05 14:58:06,838-ERROR-my_log.py--Ting日志信息: 测试结果是：False
2019-01-05 14:58:07,045-ERROR-my_log.py--Ting日志信息: 断言报错啦！，错误原因：'10001' != '20211'
- 10001
+ 20211

2019-01-05 14:58:07,048-ERROR-my_log.py--Ting日志信息: 测试结果是：False
2019-01-05 14:58:07,269-ERROR-my_log.py--Ting日志信息: 断言报错啦！，错误原因：'10001' != '20211'
- 10001
+ 20211

2019-01-05 14:58:07,272-ERROR-my_log.py--Ting日志信息: 测试结果是：False
2019-01-05 14:58:07,477-ERROR-my_log.py--Ting日志信息: 断言报错啦！，错误原因：'10001' != '20211'
- 10001
+ 20211

2019-01-05 14:58:07,479-ERROR-my_log.py--Ting日志信息: 测试结果是：False
2019-01-05 14:58:07,905-ERROR-my_log.py--Ting日志信息: 测试结果是：PASS
2019-01-05 15:06:39,969-ERROR-my_log.py--Ting日志信息: 测试结果是：PASS
2019-01-05 15:07:58,940-ERROR-my_log.py--Ting日志信息: 测试结果是：PASS
2019-01-05 15:08:40,819-ERROR-my_log.py--Ting日志信息: 测试结果是：PASS
2019-01-05 15:08:41,058-ERROR-my_log.py--Ting日志信息: 断言报错啦！，错误原因：'1001' != '10001'
- 1001
+ 10001
?  +

2019-01-05 15:08:41,062-ERROR-my_log.py--Ting日志信息: 测试结果是：False
2019-01-05 15:08:41,314-ERROR-my_log.py--Ting日志信息: 断言报错啦！，错误原因：'20207' != '10001'
- 20207
+ 10001

2019-01-05 15:08:41,317-ERROR-my_log.py--Ting日志信息: 测试结果是：False
2019-01-05 15:08:41,540-ERROR-my_log.py--Ting日志信息: 测试结果是：PASS
2019-01-05 15:08:41,789-ERROR-my_log.py--Ting日志信息: 断言报错啦！，错误原因：'20207' != '10001'
- 20207
+ 10001

2019-01-05 15:08:41,792-ERROR-my_log.py--Ting日志信息: 测试结果是：False
2019-01-05 15:08:42,015-ERROR-my_log.py--Ting日志信息: 测试结果是：PASS
2019-01-05 15:08:42,293-ERROR-my_log.py--Ting日志信息: 测试结果是：PASS
2019-01-05 15:08:42,504-ERROR-my_log.py--Ting日志信息: 测试结果是：PASS
2019-01-05 15:08:42,716-ERROR-my_log.py--Ting日志信息: 断言报错啦！，错误原因：'10001' != '20211'
- 10001
+ 20211

2019-01-05 15:08:42,720-ERROR-my_log.py--Ting日志信息: 测试结果是：False
2019-01-05 15:08:42,953-ERROR-my_log.py--Ting日志信息: 断言报错啦！，错误原因：'10001' != '20211'
- 10001
+ 20211

2019-01-05 15:08:42,956-ERROR-my_log.py--Ting日志信息: 测试结果是：False
2019-01-05 15:08:43,169-ERROR-my_log.py--Ting日志信息: 断言报错啦！，错误原因：'10001' != '20211'
- 10001
+ 20211

2019-01-05 15:08:43,172-ERROR-my_log.py--Ting日志信息: 测试结果是：False
2019-01-05 15:08:43,410-ERROR-my_log.py--Ting日志信息: 断言报错啦！，错误原因：'10001' != '20211'
- 10001
+ 20211

2019-01-05 15:08:43,412-ERROR-my_log.py--Ting日志信息: 测试结果是：False
2019-01-05 15:08:43,821-ERROR-my_log.py--Ting日志信息: 测试结果是：PASS
2019-01-05 15:12:11,710-ERROR-my_log.py--Ting日志信息: 测试结果是：PASS
2019-01-05 15:12:11,942-ERROR-my_log.py--Ting日志信息: 测试结果是：PASS
2019-01-05 15:12:12,172-ERROR-my_log.py--Ting日志信息: 断言报错啦！，错误原因：'20207' != '10001'
- 20207
+ 10001

2019-01-05 15:12:12,175-ERROR-my_log.py--Ting日志信息: 测试结果是：False
2019-01-05 15:12:12,410-ERROR-my_log.py--Ting日志信息: 测试结果是：PASS
2019-01-05 15:12:12,649-ERROR-my_log.py--Ting日志信息: 断言报错啦！，错误原因：'20207' != '10001'
- 20207
+ 10001

2019-01-05 15:12:12,653-ERROR-my_log.py--Ting日志信息: 测试结果是：False
2019-01-05 15:12:12,883-ERROR-my_log.py--Ting日志信息: 测试结果是：PASS
2019-01-05 15:12:13,121-ERROR-my_log.py--Ting日志信息: 测试结果是：PASS
2019-01-05 15:12:13,344-ERROR-my_log.py--Ting日志信息: 测试结果是：PASS
2019-01-05 15:12:13,568-ERROR-my_log.py--Ting日志信息: 断言报错啦！，错误原因：'10001' != '20211'
- 10001
+ 20211

2019-01-05 15:12:13,571-ERROR-my_log.py--Ting日志信息: 测试结果是：False
2019-01-05 15:12:13,811-ERROR-my_log.py--Ting日志信息: 断言报错啦！，错误原因：'10001' != '20211'
- 10001
+ 20211

2019-01-05 15:12:13,815-ERROR-my_log.py--Ting日志信息: 测试结果是：False
2019-01-05 15:12:14,057-ERROR-my_log.py--Ting日志信息: 断言报错啦！，错误原因：'10001' != '20211'
- 10001
+ 20211

2019-01-05 15:12:14,061-ERROR-my_log.py--Ting日志信息: 测试结果是：False
2019-01-05 15:12:14,287-ERROR-my_log.py--Ting日志信息: 断言报错啦！，错误原因：'10001' != '20211'
- 10001
+ 20211

2019-01-05 15:12:14,290-ERROR-my_log.py--Ting日志信息: 测试结果是：False
2019-01-05 15:12:14,512-ERROR-my_log.py--Ting日志信息: 测试结果是：PASS
2019-01-05 15:13:08,952-ERROR-my_log.py--Ting日志信息: 测试结果是：PASS
2019-01-05 15:13:09,185-ERROR-my_log.py--Ting日志信息: 测试结果是：PASS
2019-01-05 15:13:09,413-ERROR-my_log.py--Ting日志信息: 断言报错啦！，错误原因：'20207' != '10001'
- 20207
+ 10001

2019-01-05 15:13:09,420-ERROR-my_log.py--Ting日志信息: 测试结果是：False
2019-01-05 15:13:09,658-ERROR-my_log.py--Ting日志信息: 测试结果是：PASS
2019-01-05 15:13:09,891-ERROR-my_log.py--Ting日志信息: 断言报错啦！，错误原因：'20207' != '10001'
- 20207
+ 10001

2019-01-05 15:13:09,895-ERROR-my_log.py--Ting日志信息: 测试结果是：False
2019-01-05 15:13:10,132-ERROR-my_log.py--Ting日志信息: 测试结果是：PASS
2019-01-05 15:13:10,364-ERROR-my_log.py--Ting日志信息: 测试结果是：PASS
2019-01-05 15:13:10,593-ERROR-my_log.py--Ting日志信息: 测试结果是：PASS
2019-01-05 15:13:10,816-ERROR-my_log.py--Ting日志信息: 测试结果是：PASS
2019-01-05 15:13:11,036-ERROR-my_log.py--Ting日志信息: 测试结果是：PASS
2019-01-05 15:13:11,276-ERROR-my_log.py--Ting日志信息: 测试结果是：PASS
2019-01-05 15:13:11,501-ERROR-my_log.py--Ting日志信息: 测试结果是：PASS
2019-01-05 15:13:11,725-ERROR-my_log.py--Ting日志信息: 测试结果是：PASS
2019-01-05 15:14:19,689-ERROR-my_log.py--Ting日志信息: 测试结果是：PASS
2019-01-05 15:14:19,948-ERROR-my_log.py--Ting日志信息: 测试结果是：PASS
2019-01-05 15:14:20,221-ERROR-my_log.py--Ting日志信息: 断言报错啦！，错误原因：'20207' != '10001'
- 20207
+ 10001

2019-01-05 15:14:20,224-ERROR-my_log.py--Ting日志信息: 测试结果是：False
2019-01-05 15:14:20,461-ERROR-my_log.py--Ting日志信息: 测试结果是：PASS
2019-01-05 15:14:20,689-ERROR-my_log.py--Ting日志信息: 断言报错啦！，错误原因：'20207' != '10001'
- 20207
+ 10001

2019-01-05 15:14:20,693-ERROR-my_log.py--Ting日志信息: 测试结果是：False
2019-01-05 15:14:20,930-ERROR-my_log.py--Ting日志信息: 测试结果是：PASS
2019-01-05 15:14:21,159-ERROR-my_log.py--Ting日志信息: 测试结果是：PASS
2019-01-05 15:14:21,472-ERROR-my_log.py--Ting日志信息: 测试结果是：PASS
2019-01-05 15:14:21,709-ERROR-my_log.py--Ting日志信息: 测试结果是：PASS
2019-01-05 15:14:21,929-ERROR-my_log.py--Ting日志信息: 测试结果是：PASS
2019-01-05 15:14:22,164-ERROR-my_log.py--Ting日志信息: 测试结果是：PASS
2019-01-05 15:14:22,388-ERROR-my_log.py--Ting日志信息: 测试结果是：PASS
2019-01-05 15:14:22,610-ERROR-my_log.py--Ting日志信息: 测试结果是：PASS
2019-01-05 15:16:02,617-ERROR-my_log.py--Ting日志信息: 测试结果是：PASS
2019-01-05 15:16:02,849-ERROR-my_log.py--Ting日志信息: 测试结果是：PASS
2019-01-05 15:16:03,084-ERROR-my_log.py--Ting日志信息: 断言报错啦！，错误原因：'20207' != '10001'
- 20207
+ 10001

2019-01-05 15:16:03,087-ERROR-my_log.py--Ting日志信息: 测试结果是：False
2019-01-05 15:16:03,333-ERROR-my_log.py--Ting日志信息: 测试结果是：PASS
2019-01-05 15:16:03,564-ERROR-my_log.py--Ting日志信息: 断言报错啦！，错误原因：'20207' != '10001'
- 20207
+ 10001

2019-01-05 15:16:03,569-ERROR-my_log.py--Ting日志信息: 测试结果是：False
2019-01-05 15:16:03,840-ERROR-my_log.py--Ting日志信息: 测试结果是：PASS
2019-01-05 15:16:04,057-ERROR-my_log.py--Ting日志信息: 测试结果是：PASS
2019-01-05 15:16:04,365-ERROR-my_log.py--Ting日志信息: 测试结果是：PASS
2019-01-05 15:16:04,620-ERROR-my_log.py--Ting日志信息: 测试结果是：PASS
2019-01-05 15:16:04,961-ERROR-my_log.py--Ting日志信息: 测试结果是：PASS
2019-01-05 15:16:05,188-ERROR-my_log.py--Ting日志信息: 测试结果是：PASS
2019-01-05 15:16:05,403-ERROR-my_log.py--Ting日志信息: 测试结果是：PASS
2019-01-05 15:16:05,627-ERROR-my_log.py--Ting日志信息: 测试结果是：PASS
2019-01-05 16:26:41,806-ERROR-my_log.py--Ting日志信息: 测试结果是：PASS
2019-01-05 16:26:42,064-ERROR-my_log.py--Ting日志信息: 测试结果是：PASS
2019-01-05 16:28:28,844-ERROR-my_log.py--Ting日志信息: 测试结果是：PASS
2019-01-05 16:28:29,059-ERROR-my_log.py--Ting日志信息: 测试结果是：PASS
2019-01-05 16:29:55,531-ERROR-my_log.py--Ting日志信息: 测试结果是：PASS
2019-01-05 16:29:55,739-ERROR-my_log.py--Ting日志信息: 测试结果是：PASS
2019-01-05 16:30:51,168-ERROR-my_log.py--Ting日志信息: 测试结果是：PASS
2019-01-05 16:30:51,381-ERROR-my_log.py--Ting日志信息: 测试结果是：PASS
2019-01-05 16:30:51,510-ERROR-my_log.py--Ting日志信息: 错误原因:0 != None
2019-01-05 16:33:50,540-ERROR-my_log.py--Ting日志信息: 测试结果是：PASS
2019-01-05 16:33:50,775-ERROR-my_log.py--Ting日志信息: 测试结果是：PASS
2019-01-05 16:33:50,902-ERROR-my_log.py--Ting日志信息: 错误原因:0 != None
2019-01-05 16:34:55,888-ERROR-my_log.py--Ting日志信息: 测试结果是：PASS
2019-01-05 16:34:56,094-ERROR-my_log.py--Ting日志信息: 测试结果是：PASS
2019-01-05 16:34:56,232-ERROR-my_log.py--Ting日志信息: 错误原因:0 != None
2019-01-05 16:35:32,060-ERROR-my_log.py--Ting日志信息: 测试结果是：PASS
2019-01-05 16:35:32,262-ERROR-my_log.py--Ting日志信息: 测试结果是：PASS
2019-01-05 16:35:32,408-ERROR-my_log.py--Ting日志信息: 错误原因:27920800.0 != 0
2019-01-05 16:36:10,293-ERROR-my_log.py--Ting日志信息: 测试结果是：PASS
2019-01-05 16:36:10,492-ERROR-my_log.py--Ting日志信息: 测试结果是：PASS
2019-01-05 16:36:10,638-ERROR-my_log.py--Ting日志信息: 错误原因:27920800.0 != 0
2019-01-05 16:38:33,759-ERROR-my_log.py--Ting日志信息: 测试结果是：PASS
2019-01-05 16:38:33,987-ERROR-my_log.py--Ting日志信息: 测试结果是：PASS
2019-01-05 16:38:34,124-ERROR-my_log.py--Ting日志信息: 错误原因:0 != None
2019-01-05 16:39:04,393-ERROR-my_log.py--Ting日志信息: 测试结果是：PASS
2019-01-05 16:39:04,631-ERROR-my_log.py--Ting日志信息: 测试结果是：PASS
2019-01-05 16:39:42,088-ERROR-my_log.py--Ting日志信息: 测试结果是：PASS
2019-01-05 16:39:42,381-ERROR-my_log.py--Ting日志信息: 测试结果是：PASS
2019-01-05 16:39:42,519-ERROR-my_log.py--Ting日志信息: 错误原因:0 != None
2019-01-05 16:41:25,094-ERROR-my_log.py--Ting日志信息: 测试结果是：PASS
2019-01-05 16:41:25,316-ERROR-my_log.py--Ting日志信息: 测试结果是：PASS
2019-01-05 16:41:25,454-ERROR-my_log.py--Ting日志信息: 错误原因:0 != None
2019-01-05 16:42:19,163-ERROR-my_log.py--Ting日志信息: 测试结果是：PASS
2019-01-05 16:42:19,361-ERROR-my_log.py--Ting日志信息: 测试结果是：PASS
2019-01-05 16:42:19,493-ERROR-my_log.py--Ting日志信息: 错误原因:0 != None
2019-01-05 16:44:40,272-ERROR-my_log.py--Ting日志信息: 测试结果是：PASS
2019-01-05 16:44:40,476-ERROR-my_log.py--Ting日志信息: 测试结果是：PASS
2019-01-05 16:44:40,613-ERROR-my_log.py--Ting日志信息: 错误原因:920000.0 != 15
2019-01-05 16:46:17,841-ERROR-my_log.py--Ting日志信息: 测试结果是：PASS
2019-01-05 16:46:18,056-ERROR-my_log.py--Ting日志信息: 测试结果是：PASS
2019-01-05 16:46:18,254-ERROR-my_log.py--Ting日志信息: 错误原因:15 != Decimal('920000.00')
2019-01-05 16:47:28,495-ERROR-my_log.py--Ting日志信息: 测试结果是：PASS
2019-01-05 16:47:28,702-ERROR-my_log.py--Ting日志信息: 测试结果是：PASS
2019-01-05 16:56:32,187-ERROR-my_log.py--Ting日志信息: 测试结果是：PASS
2019-01-05 16:56:32,380-ERROR-my_log.py--Ting日志信息: 测试结果是：PASS
2019-01-05 16:56:32,514-ERROR-my_log.py--Ting日志信息: json数据里面的总投标次数为：22，数据库里面投资的总次数为：22
2019-01-05 16:56:32,525-ERROR-my_log.py--Ting日志信息: json数据里面 投资标id=4243的总次数：15
2019-01-05 16:56:32,528-ERROR-my_log.py--Ting日志信息: 数据库里面，投资标id=4243的总次数：15
2019-01-05 16:56:32,531-ERROR-my_log.py--Ting日志信息: json数据里面，投资标id=4243的总金额=920000.0
2019-01-05 16:56:32,534-ERROR-my_log.py--Ting日志信息: 数据库里面 投资标id=4243的总金额=920000.00
2019-01-05 16:57:43,647-ERROR-my_log.py--Ting日志信息: 测试结果是：PASS
2019-01-05 16:57:43,852-ERROR-my_log.py--Ting日志信息: 测试结果是：PASS
2019-01-05 16:57:44,136-ERROR-my_log.py--Ting日志信息: json数据里面的总投标次数为：22，数据库里面投资的总次数为：22
2019-01-05 16:57:44,139-ERROR-my_log.py--Ting日志信息: json数据里面 投资标id=4243的总次数：15
2019-01-05 16:57:44,143-ERROR-my_log.py--Ting日志信息: 数据库里面，投资标id=4243的总次数：15
2019-01-05 16:57:44,146-ERROR-my_log.py--Ting日志信息: json数据里面，投资标id=4243的总金额=920000.0
2019-01-05 16:57:44,148-ERROR-my_log.py--Ting日志信息: 数据库里面 投资标id=4243的总金额=920000.00
