2019-01-03 14:12:50,559-ERROR-my_log.py--Ting日志信息: 测试结果是：PASS
2019-01-03 14:12:50,716-ERROR-my_log.py--Ting日志信息: 注册手机号码：13729990000
2019-01-03 14:12:50,768-ERROR-my_log.py--Ting日志信息: 测试结果是：PASS
2019-01-03 14:13:15,824-ERROR-my_log.py--Ting日志信息: 测试结果是：PASS
2019-01-03 14:13:15,970-ERROR-my_log.py--Ting日志信息: 注册手机号码：13888888913
2019-01-03 14:13:16,056-ERROR-my_log.py--Ting日志信息: 测试结果是：PASS
2019-01-03 14:13:16,194-ERROR-my_log.py--Ting日志信息: 注册手机号码：13888888914
2019-01-03 14:13:16,258-ERROR-my_log.py--Ting日志信息: 测试结果是：PASS
2019-01-03 14:13:16,383-ERROR-my_log.py--Ting日志信息: 注册手机号码：13729990000
2019-01-03 14:13:16,441-ERROR-my_log.py--Ting日志信息: 测试结果是：PASS
2019-01-03 14:38:56,886-ERROR-my_log.py--Ting日志信息: 断言报错啦！，错误原因：'10001' != '20111'
- 10001
+ 20111

2019-01-03 14:38:56,892-ERROR-my_log.py--Ting日志信息: 测试结果是：False
2019-01-03 14:38:57,177-ERROR-my_log.py--Ting日志信息: 断言报错啦！，错误原因：'10001' != None
2019-01-03 14:38:57,180-ERROR-my_log.py--Ting日志信息: 测试结果是：False
2019-01-03 14:38:57,397-ERROR-my_log.py--Ting日志信息: 断言报错啦！，错误原因：'20104' != None
2019-01-03 14:38:57,400-ERROR-my_log.py--Ting日志信息: 测试结果是：False
2019-01-03 14:38:57,481-ERROR-my_log.py--Ting日志信息: 断言报错啦！，错误原因：'20109' != None
2019-01-03 14:38:57,485-ERROR-my_log.py--Ting日志信息: 测试结果是：False
2019-01-03 14:38:57,592-ERROR-my_log.py--Ting日志信息: 断言报错啦！，错误原因：'20103' != None
2019-01-03 14:38:57,596-ERROR-my_log.py--Ting日志信息: 测试结果是：False
2019-01-03 14:38:57,683-ERROR-my_log.py--Ting日志信息: 断言报错啦！，错误原因：'20115' != None
2019-01-03 14:38:57,686-ERROR-my_log.py--Ting日志信息: 测试结果是：False
2019-01-03 14:38:57,759-ERROR-my_log.py--Ting日志信息: 断言报错啦！，错误原因：'20117' != None
2019-01-03 14:38:57,762-ERROR-my_log.py--Ting日志信息: 测试结果是：False
2019-01-03 14:38:57,830-ERROR-my_log.py--Ting日志信息: 断言报错啦！，错误原因：'20117' != None
2019-01-03 14:38:57,833-ERROR-my_log.py--Ting日志信息: 测试结果是：False
2019-01-03 14:38:57,909-ERROR-my_log.py--Ting日志信息: 断言报错啦！，错误原因：'20118' != None
2019-01-03 14:38:57,912-ERROR-my_log.py--Ting日志信息: 测试结果是：False
2019-01-03 14:38:57,988-ERROR-my_log.py--Ting日志信息: 断言报错啦！，错误原因：'10001' != None
2019-01-03 14:38:57,991-ERROR-my_log.py--Ting日志信息: 测试结果是：False
2019-01-03 14:38:58,064-ERROR-my_log.py--Ting日志信息: 断言报错啦！，错误原因：'20116' != None
2019-01-03 14:38:58,066-ERROR-my_log.py--Ting日志信息: 测试结果是：False
2019-01-03 14:38:58,146-ERROR-my_log.py--Ting日志信息: 断言报错啦！，错误原因：'20119' != None
2019-01-03 14:38:58,149-ERROR-my_log.py--Ting日志信息: 测试结果是：False
2019-01-03 14:39:15,585-ERROR-my_log.py--Ting日志信息: 断言报错啦！，错误原因：'10001' != '20111'
- 10001
+ 20111

2019-01-03 14:39:15,588-ERROR-my_log.py--Ting日志信息: 测试结果是：False
2019-01-03 14:39:15,736-ERROR-my_log.py--Ting日志信息: 提现金额：-44987770.96
2019-01-03 14:39:15,844-ERROR-my_log.py--Ting日志信息: 断言报错啦！，错误原因：'10001' != None
2019-01-03 14:39:15,849-ERROR-my_log.py--Ting日志信息: 测试结果是：False
2019-01-03 14:39:16,052-ERROR-my_log.py--Ting日志信息: 提现金额：-44987770.96
2019-01-03 14:39:16,143-ERROR-my_log.py--Ting日志信息: 断言报错啦！，错误原因：'20104' != None
2019-01-03 14:39:16,146-ERROR-my_log.py--Ting日志信息: 测试结果是：False
2019-01-03 14:39:16,343-ERROR-my_log.py--Ting日志信息: 提现金额：-44987770.96
2019-01-03 14:39:16,434-ERROR-my_log.py--Ting日志信息: 断言报错啦！，错误原因：'20109' != None
2019-01-03 14:39:16,437-ERROR-my_log.py--Ting日志信息: 测试结果是：False
2019-01-03 14:39:16,639-ERROR-my_log.py--Ting日志信息: 提现金额：-44987770.96
2019-01-03 14:39:16,746-ERROR-my_log.py--Ting日志信息: 断言报错啦！，错误原因：'20103' != None
2019-01-03 14:39:16,749-ERROR-my_log.py--Ting日志信息: 测试结果是：False
2019-01-03 14:39:16,882-ERROR-my_log.py--Ting日志信息: 提现金额：-44987770.96
2019-01-03 14:39:16,977-ERROR-my_log.py--Ting日志信息: 断言报错啦！，错误原因：'20115' != None
2019-01-03 14:39:16,980-ERROR-my_log.py--Ting日志信息: 测试结果是：False
2019-01-03 14:39:17,119-ERROR-my_log.py--Ting日志信息: 提现金额：-44987770.96
2019-01-03 14:39:17,203-ERROR-my_log.py--Ting日志信息: 断言报错啦！，错误原因：'20117' != None
2019-01-03 14:39:17,205-ERROR-my_log.py--Ting日志信息: 测试结果是：False
2019-01-03 14:39:17,349-ERROR-my_log.py--Ting日志信息: 提现金额：-44987770.96
2019-01-03 14:39:17,750-ERROR-my_log.py--Ting日志信息: 断言报错啦！，错误原因：'20117' != None
2019-01-03 14:39:17,753-ERROR-my_log.py--Ting日志信息: 测试结果是：False
2019-01-03 14:39:17,902-ERROR-my_log.py--Ting日志信息: 提现金额：-44987770.96
2019-01-03 14:39:18,016-ERROR-my_log.py--Ting日志信息: 断言报错啦！，错误原因：'20118' != None
2019-01-03 14:39:18,019-ERROR-my_log.py--Ting日志信息: 测试结果是：False
2019-01-03 14:39:18,158-ERROR-my_log.py--Ting日志信息: 提现金额：-44987770.96
2019-01-03 14:39:18,287-ERROR-my_log.py--Ting日志信息: 断言报错啦！，错误原因：'10001' != None
2019-01-03 14:39:18,324-ERROR-my_log.py--Ting日志信息: 测试结果是：False
2019-01-03 14:39:18,447-ERROR-my_log.py--Ting日志信息: 提现金额：-44987770.96
2019-01-03 14:39:18,551-ERROR-my_log.py--Ting日志信息: 断言报错啦！，错误原因：'20116' != None
2019-01-03 14:39:18,554-ERROR-my_log.py--Ting日志信息: 测试结果是：False
2019-01-03 14:39:18,692-ERROR-my_log.py--Ting日志信息: 提现金额：-44987770.96
2019-01-03 14:42:33,413-ERROR-my_log.py--Ting日志信息: 断言报错啦！，错误原因：'10001' != '20111'
- 10001
+ 20111

2019-01-03 14:42:33,419-ERROR-my_log.py--Ting日志信息: 测试结果是：False
2019-01-03 14:42:33,555-ERROR-my_log.py--Ting日志信息: 提现金额：-44987770.96
2019-01-03 14:42:33,644-ERROR-my_log.py--Ting日志信息: 断言报错啦！，错误原因：'10001' != None
2019-01-03 14:42:33,646-ERROR-my_log.py--Ting日志信息: 测试结果是：False
2019-01-03 14:42:33,786-ERROR-my_log.py--Ting日志信息: 提现金额：-44987770.96
2019-01-03 14:42:33,864-ERROR-my_log.py--Ting日志信息: 断言报错啦！，错误原因：'20104' != None
2019-01-03 14:42:33,868-ERROR-my_log.py--Ting日志信息: 测试结果是：False
2019-01-03 14:42:33,998-ERROR-my_log.py--Ting日志信息: 提现金额：-44987770.96
2019-01-03 14:42:34,083-ERROR-my_log.py--Ting日志信息: 断言报错啦！，错误原因：'20109' != None
2019-01-03 14:42:34,086-ERROR-my_log.py--Ting日志信息: 测试结果是：False
2019-01-03 14:42:34,211-ERROR-my_log.py--Ting日志信息: 提现金额：-44987770.96
2019-01-03 14:42:34,316-ERROR-my_log.py--Ting日志信息: 断言报错啦！，错误原因：'20103' != None
2019-01-03 14:42:34,320-ERROR-my_log.py--Ting日志信息: 测试结果是：False
2019-01-03 14:42:34,453-ERROR-my_log.py--Ting日志信息: 提现金额：-44987770.96
2019-01-03 14:42:34,538-ERROR-my_log.py--Ting日志信息: 断言报错啦！，错误原因：'20115' != None
2019-01-03 14:42:34,540-ERROR-my_log.py--Ting日志信息: 测试结果是：False
2019-01-03 14:42:34,677-ERROR-my_log.py--Ting日志信息: 提现金额：-44987770.96
2019-01-03 14:42:34,761-ERROR-my_log.py--Ting日志信息: 断言报错啦！，错误原因：'20117' != None
2019-01-03 14:42:34,763-ERROR-my_log.py--Ting日志信息: 测试结果是：False
2019-01-03 14:42:34,912-ERROR-my_log.py--Ting日志信息: 提现金额：-44987770.96
2019-01-03 14:42:34,992-ERROR-my_log.py--Ting日志信息: 断言报错啦！，错误原因：'20117' != None
2019-01-03 14:42:34,995-ERROR-my_log.py--Ting日志信息: 测试结果是：False
2019-01-03 14:42:35,131-ERROR-my_log.py--Ting日志信息: 提现金额：-44987770.96
2019-01-03 14:42:35,210-ERROR-my_log.py--Ting日志信息: 断言报错啦！，错误原因：'20118' != None
2019-01-03 14:42:35,213-ERROR-my_log.py--Ting日志信息: 测试结果是：False
2019-01-03 14:42:35,336-ERROR-my_log.py--Ting日志信息: 提现金额：-44987770.96
2019-01-03 14:42:35,430-ERROR-my_log.py--Ting日志信息: 断言报错啦！，错误原因：'10001' != None
2019-01-03 14:42:35,434-ERROR-my_log.py--Ting日志信息: 测试结果是：False
2019-01-03 14:42:35,593-ERROR-my_log.py--Ting日志信息: 提现金额：-44987770.96
2019-01-03 14:42:35,672-ERROR-my_log.py--Ting日志信息: 断言报错啦！，错误原因：'20116' != None
2019-01-03 14:42:35,675-ERROR-my_log.py--Ting日志信息: 测试结果是：False
2019-01-03 14:42:35,815-ERROR-my_log.py--Ting日志信息: 提现金额：-44987770.96
2019-01-03 14:44:22,627-ERROR-my_log.py--Ting日志信息: 测试结果是：PASS
2019-01-03 14:44:22,849-ERROR-my_log.py--Ting日志信息: 断言报错啦！，错误原因：'10001' != '20119'
- 10001
+ 20119

2019-01-03 14:44:22,852-ERROR-my_log.py--Ting日志信息: 测试结果是：False
2019-01-03 14:44:22,975-ERROR-my_log.py--Ting日志信息: 提现金额：-44987770.96
2019-01-03 14:44:23,048-ERROR-my_log.py--Ting日志信息: 测试结果是：PASS
2019-01-03 14:44:23,167-ERROR-my_log.py--Ting日志信息: 提现金额：-44987770.96
2019-01-03 14:44:23,247-ERROR-my_log.py--Ting日志信息: 测试结果是：PASS
2019-01-03 14:44:23,363-ERROR-my_log.py--Ting日志信息: 提现金额：-44987770.96
2019-01-03 14:44:23,428-ERROR-my_log.py--Ting日志信息: 测试结果是：PASS
2019-01-03 14:44:23,599-ERROR-my_log.py--Ting日志信息: 测试结果是：PASS
2019-01-03 14:44:23,716-ERROR-my_log.py--Ting日志信息: 提现金额：-44987770.96
2019-01-03 14:44:23,787-ERROR-my_log.py--Ting日志信息: 断言报错啦！，错误原因：'20117' != '20119'
- 20117
?     ^
+ 20119
?     ^

2019-01-03 14:44:23,789-ERROR-my_log.py--Ting日志信息: 测试结果是：False
2019-01-03 14:44:23,919-ERROR-my_log.py--Ting日志信息: 提现金额：-44987770.96
2019-01-03 14:44:24,002-ERROR-my_log.py--Ting日志信息: 测试结果是：PASS
2019-01-03 14:44:24,118-ERROR-my_log.py--Ting日志信息: 提现金额：-44987770.96
2019-01-03 14:44:24,178-ERROR-my_log.py--Ting日志信息: 测试结果是：PASS
2019-01-03 14:44:24,326-ERROR-my_log.py--Ting日志信息: 提现金额：-44987770.96
2019-01-03 14:44:24,412-ERROR-my_log.py--Ting日志信息: 断言报错啦！，错误原因：'10001' != '20119'
- 10001
+ 20119

2019-01-03 14:44:24,415-ERROR-my_log.py--Ting日志信息: 测试结果是：False
2019-01-03 14:44:24,537-ERROR-my_log.py--Ting日志信息: 提现金额：-44987770.96
2019-01-03 14:44:24,607-ERROR-my_log.py--Ting日志信息: 测试结果是：PASS
2019-01-03 14:44:24,721-ERROR-my_log.py--Ting日志信息: 提现金额：-44987770.96
2019-01-03 14:45:00,473-ERROR-my_log.py--Ting日志信息: 测试结果是：PASS
2019-01-03 14:45:00,721-ERROR-my_log.py--Ting日志信息: 测试结果是：PASS
2019-01-03 14:45:00,928-ERROR-my_log.py--Ting日志信息: 测试结果是：PASS
2019-01-03 14:45:01,129-ERROR-my_log.py--Ting日志信息: 测试结果是：PASS
2019-01-03 14:45:01,360-ERROR-my_log.py--Ting日志信息: 断言报错啦！，错误原因：'20109' != '10001'
- 20109
+ 10001

2019-01-03 14:45:01,363-ERROR-my_log.py--Ting日志信息: 测试结果是：False
2019-01-03 14:45:01,564-ERROR-my_log.py--Ting日志信息: 断言报错啦！，错误原因：'20117' != '10001'
- 20117
+ 10001

2019-01-03 14:45:01,567-ERROR-my_log.py--Ting日志信息: 测试结果是：False
2019-01-03 14:45:01,765-ERROR-my_log.py--Ting日志信息: 测试结果是：PASS
2019-01-03 14:45:01,962-ERROR-my_log.py--Ting日志信息: 测试结果是：PASS
2019-01-03 14:45:02,170-ERROR-my_log.py--Ting日志信息: 测试结果是：PASS
2019-01-03 14:45:02,394-ERROR-my_log.py--Ting日志信息: 测试结果是：PASS
2019-01-03 14:45:07,906-ERROR-my_log.py--Ting日志信息: 测试结果是：PASS
2019-01-03 14:45:08,116-ERROR-my_log.py--Ting日志信息: 测试结果是：PASS
2019-01-03 14:45:08,313-ERROR-my_log.py--Ting日志信息: 测试结果是：PASS
2019-01-03 14:45:08,520-ERROR-my_log.py--Ting日志信息: 测试结果是：PASS
2019-01-03 14:45:08,725-ERROR-my_log.py--Ting日志信息: 断言报错啦！，错误原因：'20109' != '10001'
- 20109
+ 10001

2019-01-03 14:45:08,728-ERROR-my_log.py--Ting日志信息: 测试结果是：False
2019-01-03 14:45:08,938-ERROR-my_log.py--Ting日志信息: 断言报错啦！，错误原因：'20117' != '10001'
- 20117
+ 10001

2019-01-03 14:45:08,942-ERROR-my_log.py--Ting日志信息: 测试结果是：False
2019-01-03 14:45:09,150-ERROR-my_log.py--Ting日志信息: 测试结果是：PASS
2019-01-03 14:45:09,381-ERROR-my_log.py--Ting日志信息: 测试结果是：PASS
2019-01-03 14:45:09,586-ERROR-my_log.py--Ting日志信息: 测试结果是：PASS
2019-01-03 14:45:09,750-ERROR-my_log.py--Ting日志信息: 测试结果是：PASS
2019-01-03 14:45:58,782-ERROR-my_log.py--Ting日志信息: 断言报错啦！，错误原因：'10001' != '20111'
- 10001
+ 20111

2019-01-03 14:45:58,786-ERROR-my_log.py--Ting日志信息: 测试结果是：False
2019-01-03 14:45:58,907-ERROR-my_log.py--Ting日志信息: 提现金额：199852.80
2019-01-03 14:45:58,998-ERROR-my_log.py--Ting日志信息: 断言报错啦！，错误原因：'10001' != None
2019-01-03 14:45:59,002-ERROR-my_log.py--Ting日志信息: 测试结果是：False
2019-01-03 14:45:59,136-ERROR-my_log.py--Ting日志信息: 提现金额：199852.80
2019-01-03 14:45:59,223-ERROR-my_log.py--Ting日志信息: 断言报错啦！，错误原因：'20104' != None
2019-01-03 14:45:59,225-ERROR-my_log.py--Ting日志信息: 测试结果是：False
2019-01-03 14:45:59,354-ERROR-my_log.py--Ting日志信息: 提现金额：199852.80
2019-01-03 14:45:59,433-ERROR-my_log.py--Ting日志信息: 断言报错啦！，错误原因：'20109' != None
2019-01-03 14:45:59,436-ERROR-my_log.py--Ting日志信息: 测试结果是：False
2019-01-03 14:45:59,576-ERROR-my_log.py--Ting日志信息: 提现金额：199852.80
2019-01-03 14:45:59,658-ERROR-my_log.py--Ting日志信息: 断言报错啦！，错误原因：'20103' != None
2019-01-03 14:45:59,660-ERROR-my_log.py--Ting日志信息: 测试结果是：False
2019-01-03 14:45:59,784-ERROR-my_log.py--Ting日志信息: 提现金额：199852.80
2019-01-03 14:45:59,872-ERROR-my_log.py--Ting日志信息: 断言报错啦！，错误原因：'20115' != None
2019-01-03 14:45:59,877-ERROR-my_log.py--Ting日志信息: 测试结果是：False
2019-01-03 14:46:00,003-ERROR-my_log.py--Ting日志信息: 提现金额：199852.80
2019-01-03 14:46:00,084-ERROR-my_log.py--Ting日志信息: 断言报错啦！，错误原因：'20117' != None
2019-01-03 14:46:00,087-ERROR-my_log.py--Ting日志信息: 测试结果是：False
2019-01-03 14:46:00,210-ERROR-my_log.py--Ting日志信息: 提现金额：199852.80
2019-01-03 14:46:00,297-ERROR-my_log.py--Ting日志信息: 断言报错啦！，错误原因：'20117' != None
2019-01-03 14:46:00,299-ERROR-my_log.py--Ting日志信息: 测试结果是：False
2019-01-03 14:46:00,423-ERROR-my_log.py--Ting日志信息: 提现金额：199852.80
2019-01-03 14:46:00,506-ERROR-my_log.py--Ting日志信息: 断言报错啦！，错误原因：'20118' != None
2019-01-03 14:46:00,510-ERROR-my_log.py--Ting日志信息: 测试结果是：False
2019-01-03 14:46:00,666-ERROR-my_log.py--Ting日志信息: 提现金额：199852.80
2019-01-03 14:46:00,744-ERROR-my_log.py--Ting日志信息: 断言报错啦！，错误原因：'10001' != None
2019-01-03 14:46:00,747-ERROR-my_log.py--Ting日志信息: 测试结果是：False
2019-01-03 14:46:00,868-ERROR-my_log.py--Ting日志信息: 提现金额：199852.80
2019-01-03 14:46:00,946-ERROR-my_log.py--Ting日志信息: 断言报错啦！，错误原因：'20116' != None
2019-01-03 14:46:00,948-ERROR-my_log.py--Ting日志信息: 测试结果是：False
2019-01-03 14:46:01,073-ERROR-my_log.py--Ting日志信息: 提现金额：199852.80
2019-01-03 14:46:36,854-ERROR-my_log.py--Ting日志信息: 断言报错啦！，错误原因：'10001' != '20111'
- 10001
+ 20111

2019-01-03 14:46:36,858-ERROR-my_log.py--Ting日志信息: 测试结果是：False
2019-01-03 14:46:37,239-ERROR-my_log.py--Ting日志信息: 提现金额：199852.80
2019-01-03 14:46:37,332-ERROR-my_log.py--Ting日志信息: 断言报错啦！，错误原因：'10001' != None
2019-01-03 14:46:37,335-ERROR-my_log.py--Ting日志信息: 测试结果是：False
2019-01-03 14:46:37,537-ERROR-my_log.py--Ting日志信息: 提现金额：199852.80
2019-01-03 14:46:37,634-ERROR-my_log.py--Ting日志信息: 断言报错啦！，错误原因：'20104' != None
2019-01-03 14:46:37,641-ERROR-my_log.py--Ting日志信息: 测试结果是：False
2019-01-03 14:46:37,818-ERROR-my_log.py--Ting日志信息: 提现金额：199852.80
2019-01-03 14:46:37,897-ERROR-my_log.py--Ting日志信息: 断言报错啦！，错误原因：'20109' != None
2019-01-03 14:46:37,900-ERROR-my_log.py--Ting日志信息: 测试结果是：False
2019-01-03 14:46:38,028-ERROR-my_log.py--Ting日志信息: 提现金额：199852.80
2019-01-03 14:46:38,144-ERROR-my_log.py--Ting日志信息: 断言报错啦！，错误原因：'20103' != None
2019-01-03 14:46:38,148-ERROR-my_log.py--Ting日志信息: 测试结果是：False
2019-01-03 14:46:38,327-ERROR-my_log.py--Ting日志信息: 提现金额：199852.80
2019-01-03 14:46:38,418-ERROR-my_log.py--Ting日志信息: 断言报错啦！，错误原因：'20115' != None
2019-01-03 14:46:38,421-ERROR-my_log.py--Ting日志信息: 测试结果是：False
2019-01-03 14:46:38,545-ERROR-my_log.py--Ting日志信息: 提现金额：199852.80
2019-01-03 14:46:38,631-ERROR-my_log.py--Ting日志信息: 断言报错啦！，错误原因：'20117' != None
2019-01-03 14:46:38,634-ERROR-my_log.py--Ting日志信息: 测试结果是：False
2019-01-03 14:46:38,770-ERROR-my_log.py--Ting日志信息: 提现金额：199852.80
2019-01-03 14:46:38,866-ERROR-my_log.py--Ting日志信息: 断言报错啦！，错误原因：'20117' != None
2019-01-03 14:46:38,870-ERROR-my_log.py--Ting日志信息: 测试结果是：False
2019-01-03 14:46:39,002-ERROR-my_log.py--Ting日志信息: 提现金额：199852.80
2019-01-03 14:46:39,099-ERROR-my_log.py--Ting日志信息: 断言报错啦！，错误原因：'20118' != None
2019-01-03 14:46:39,101-ERROR-my_log.py--Ting日志信息: 测试结果是：False
2019-01-03 14:46:39,280-ERROR-my_log.py--Ting日志信息: 提现金额：199852.80
2019-01-03 14:46:39,423-ERROR-my_log.py--Ting日志信息: 断言报错啦！，错误原因：'10001' != None
2019-01-03 14:46:39,426-ERROR-my_log.py--Ting日志信息: 测试结果是：False
2019-01-03 14:46:39,582-ERROR-my_log.py--Ting日志信息: 提现金额：199852.80
2019-01-03 14:46:39,666-ERROR-my_log.py--Ting日志信息: 断言报错啦！，错误原因：'20116' != None
2019-01-03 14:46:39,669-ERROR-my_log.py--Ting日志信息: 测试结果是：False
2019-01-03 14:46:39,804-ERROR-my_log.py--Ting日志信息: 提现金额：199852.80
2019-01-03 14:48:07,324-ERROR-my_log.py--Ting日志信息: 测试结果是：PASS
2019-01-03 14:48:07,605-ERROR-my_log.py--Ting日志信息: 测试结果是：PASS
2019-01-03 14:48:07,828-ERROR-my_log.py--Ting日志信息: 测试结果是：PASS
2019-01-03 14:48:07,951-ERROR-my_log.py--Ting日志信息: 提现金额：199752.80
2019-01-03 14:48:08,030-ERROR-my_log.py--Ting日志信息: 测试结果是：PASS
2019-01-03 14:48:08,168-ERROR-my_log.py--Ting日志信息: 提现金额：199752.80
2019-01-03 14:48:08,235-ERROR-my_log.py--Ting日志信息: 测试结果是：PASS
2019-01-03 14:48:08,441-ERROR-my_log.py--Ting日志信息: 测试结果是：PASS
2019-01-03 14:48:08,574-ERROR-my_log.py--Ting日志信息: 提现金额：199752.80
2019-01-03 14:48:08,661-ERROR-my_log.py--Ting日志信息: 断言报错啦！，错误原因：'20117' != '10001'
- 20117
+ 10001

2019-01-03 14:48:08,666-ERROR-my_log.py--Ting日志信息: 测试结果是：False
2019-01-03 14:48:08,876-ERROR-my_log.py--Ting日志信息: 测试结果是：PASS
2019-01-03 14:48:09,054-ERROR-my_log.py--Ting日志信息: 提现金额：199752.80
2019-01-03 14:48:09,140-ERROR-my_log.py--Ting日志信息: 测试结果是：PASS
2019-01-03 14:48:09,343-ERROR-my_log.py--Ting日志信息: 提现金额：199752.80
2019-01-03 14:48:09,460-ERROR-my_log.py--Ting日志信息: 测试结果是：PASS
2019-01-03 14:48:09,679-ERROR-my_log.py--Ting日志信息: 测试结果是：PASS
2019-01-03 14:48:09,849-ERROR-my_log.py--Ting日志信息: 提现金额：199651.92
2019-01-03 14:50:49,331-ERROR-my_log.py--Ting日志信息: 测试结果是：PASS
2019-01-03 14:50:49,535-ERROR-my_log.py--Ting日志信息: 测试结果是：PASS
2019-01-03 14:50:49,863-ERROR-my_log.py--Ting日志信息: 测试结果是：PASS
2019-01-03 14:50:50,026-ERROR-my_log.py--Ting日志信息: 提现金额：199551.92
2019-01-03 14:50:50,112-ERROR-my_log.py--Ting日志信息: 测试结果是：PASS
2019-01-03 14:50:50,284-ERROR-my_log.py--Ting日志信息: 提现金额：199551.92
2019-01-03 14:50:50,382-ERROR-my_log.py--Ting日志信息: 测试结果是：PASS
2019-01-03 14:50:50,606-ERROR-my_log.py--Ting日志信息: 测试结果是：PASS
2019-01-03 14:50:50,731-ERROR-my_log.py--Ting日志信息: 提现金额：199551.92
2019-01-03 14:50:50,818-ERROR-my_log.py--Ting日志信息: 断言报错啦！，错误原因：'20117' != '10001'
- 20117
+ 10001

2019-01-03 14:50:50,821-ERROR-my_log.py--Ting日志信息: 测试结果是：False
2019-01-03 14:50:51,026-ERROR-my_log.py--Ting日志信息: 测试结果是：PASS
2019-01-03 14:50:51,145-ERROR-my_log.py--Ting日志信息: 提现金额：199551.92
2019-01-03 14:50:51,222-ERROR-my_log.py--Ting日志信息: 测试结果是：PASS
2019-01-03 14:50:51,352-ERROR-my_log.py--Ting日志信息: 提现金额：199551.92
2019-01-03 14:50:51,438-ERROR-my_log.py--Ting日志信息: 测试结果是：PASS
2019-01-03 14:50:51,636-ERROR-my_log.py--Ting日志信息: 测试结果是：PASS
2019-01-03 14:50:51,764-ERROR-my_log.py--Ting日志信息: 提现金额：199451.04
2019-01-03 14:51:48,984-ERROR-my_log.py--Ting日志信息: 测试结果是：PASS
2019-01-03 14:51:49,186-ERROR-my_log.py--Ting日志信息: 测试结果是：PASS
2019-01-03 14:51:49,327-ERROR-my_log.py--Ting日志信息: 提现金额：100
2019-01-03 14:51:49,403-ERROR-my_log.py--Ting日志信息: 测试结果是：PASS
2019-01-03 14:51:49,541-ERROR-my_log.py--Ting日志信息: 提现金额：199351.04
2019-01-03 14:51:49,627-ERROR-my_log.py--Ting日志信息: 测试结果是：PASS
2019-01-03 14:51:49,756-ERROR-my_log.py--Ting日志信息: 提现金额：199351.04
2019-01-03 14:51:49,822-ERROR-my_log.py--Ting日志信息: 测试结果是：PASS
2019-01-03 14:51:50,020-ERROR-my_log.py--Ting日志信息: 测试结果是：PASS
2019-01-03 14:51:50,140-ERROR-my_log.py--Ting日志信息: 提现金额：199351.04
2019-01-03 14:51:50,228-ERROR-my_log.py--Ting日志信息: 断言报错啦！，错误原因：'20117' != '10001'
- 20117
+ 10001

2019-01-03 14:51:50,231-ERROR-my_log.py--Ting日志信息: 测试结果是：False
2019-01-03 14:51:50,381-ERROR-my_log.py--Ting日志信息: 提现金额：0
2019-01-03 14:51:50,476-ERROR-my_log.py--Ting日志信息: 测试结果是：PASS
2019-01-03 14:51:50,602-ERROR-my_log.py--Ting日志信息: 提现金额：199351.04
2019-01-03 14:51:50,675-ERROR-my_log.py--Ting日志信息: 测试结果是：PASS
2019-01-03 14:51:50,798-ERROR-my_log.py--Ting日志信息: 提现金额：199351.04
2019-01-03 14:51:50,906-ERROR-my_log.py--Ting日志信息: 测试结果是：PASS
2019-01-03 14:51:51,045-ERROR-my_log.py--Ting日志信息: 提现金额：100.88
2019-01-03 14:51:51,110-ERROR-my_log.py--Ting日志信息: 测试结果是：PASS
2019-01-03 14:51:51,242-ERROR-my_log.py--Ting日志信息: 提现金额：199250.16
2019-01-03 14:52:26,841-ERROR-my_log.py--Ting日志信息: 测试结果是：PASS
2019-01-03 14:52:27,055-ERROR-my_log.py--Ting日志信息: 测试结果是：PASS
2019-01-03 14:52:27,173-ERROR-my_log.py--Ting日志信息: 提现金额：100
2019-01-03 14:52:27,245-ERROR-my_log.py--Ting日志信息: 测试结果是：PASS
2019-01-03 14:52:27,362-ERROR-my_log.py--Ting日志信息: 提现金额：199150.16
2019-01-03 14:52:27,425-ERROR-my_log.py--Ting日志信息: 测试结果是：PASS
2019-01-03 14:52:27,543-ERROR-my_log.py--Ting日志信息: 提现金额：199150.16
2019-01-03 14:52:27,604-ERROR-my_log.py--Ting日志信息: 测试结果是：PASS
2019-01-03 14:52:27,780-ERROR-my_log.py--Ting日志信息: 测试结果是：PASS
2019-01-03 14:52:27,899-ERROR-my_log.py--Ting日志信息: 提现金额：199150.16
2019-01-03 14:52:27,982-ERROR-my_log.py--Ting日志信息: 断言报错啦！，错误原因：'20117' != '10001'
- 20117
+ 10001

2019-01-03 14:52:27,985-ERROR-my_log.py--Ting日志信息: 测试结果是：False
2019-01-03 14:52:28,107-ERROR-my_log.py--Ting日志信息: 提现金额：0
2019-01-03 14:52:28,174-ERROR-my_log.py--Ting日志信息: 测试结果是：PASS
2019-01-03 14:52:28,324-ERROR-my_log.py--Ting日志信息: 提现金额：199150.16
2019-01-03 14:52:28,417-ERROR-my_log.py--Ting日志信息: 测试结果是：PASS
2019-01-03 14:52:28,563-ERROR-my_log.py--Ting日志信息: 提现金额：199150.16
2019-01-03 14:52:28,650-ERROR-my_log.py--Ting日志信息: 测试结果是：PASS
2019-01-03 14:52:28,768-ERROR-my_log.py--Ting日志信息: 提现金额：100.88
2019-01-03 14:52:28,831-ERROR-my_log.py--Ting日志信息: 测试结果是：PASS
2019-01-03 14:52:28,952-ERROR-my_log.py--Ting日志信息: 提现金额：199049.28
2019-01-03 14:55:31,388-ERROR-my_log.py--Ting日志信息: 测试结果是：PASS
2019-01-03 14:55:31,652-ERROR-my_log.py--Ting日志信息: 测试结果是：PASS
2019-01-03 14:55:31,788-ERROR-my_log.py--Ting日志信息: 提现金额：100
2019-01-03 14:55:31,857-ERROR-my_log.py--Ting日志信息: 测试结果是：PASS
2019-01-03 14:55:31,981-ERROR-my_log.py--Ting日志信息: 提现金额：198949.28
2019-01-03 14:55:32,046-ERROR-my_log.py--Ting日志信息: 测试结果是：PASS
2019-01-03 14:55:32,193-ERROR-my_log.py--Ting日志信息: 提现金额：198949.28
2019-01-03 14:55:32,261-ERROR-my_log.py--Ting日志信息: 测试结果是：PASS
2019-01-03 14:55:32,447-ERROR-my_log.py--Ting日志信息: 测试结果是：PASS
2019-01-03 14:55:32,591-ERROR-my_log.py--Ting日志信息: 提现金额：198949.28
2019-01-03 14:55:32,687-ERROR-my_log.py--Ting日志信息: 断言报错啦！，错误原因：'20117' != '10001'
- 20117
+ 10001

2019-01-03 14:55:32,690-ERROR-my_log.py--Ting日志信息: 测试结果是：False
2019-01-03 14:55:32,812-ERROR-my_log.py--Ting日志信息: 提现金额：0
2019-01-03 14:55:32,877-ERROR-my_log.py--Ting日志信息: 测试结果是：PASS
2019-01-03 14:55:33,000-ERROR-my_log.py--Ting日志信息: 提现金额：198949.28
2019-01-03 14:55:33,064-ERROR-my_log.py--Ting日志信息: 测试结果是：PASS
2019-01-03 14:55:33,195-ERROR-my_log.py--Ting日志信息: 提现金额：198949.28
2019-01-03 14:55:33,273-ERROR-my_log.py--Ting日志信息: 测试结果是：PASS
2019-01-03 14:55:33,395-ERROR-my_log.py--Ting日志信息: 提现金额：100.88
2019-01-03 14:55:33,456-ERROR-my_log.py--Ting日志信息: 测试结果是：PASS
2019-01-03 14:55:33,595-ERROR-my_log.py--Ting日志信息: 提现金额：198848.40
2019-01-03 14:56:45,874-ERROR-my_log.py--Ting日志信息: 断言报错啦！，错误原因：'10001' != None
2019-01-03 14:56:45,877-ERROR-my_log.py--Ting日志信息: 测试结果是：False
2019-01-03 14:56:46,065-ERROR-my_log.py--Ting日志信息: 提现金额：198848.40
2019-01-03 14:56:46,162-ERROR-my_log.py--Ting日志信息: 断言报错啦！，错误原因：'20104' != None
2019-01-03 14:56:46,164-ERROR-my_log.py--Ting日志信息: 测试结果是：False
2019-01-03 14:56:46,350-ERROR-my_log.py--Ting日志信息: 提现金额：198848.40
2019-01-03 14:56:46,454-ERROR-my_log.py--Ting日志信息: 断言报错啦！，错误原因：'20109' != None
2019-01-03 14:56:46,457-ERROR-my_log.py--Ting日志信息: 测试结果是：False
2019-01-03 14:56:46,651-ERROR-my_log.py--Ting日志信息: 提现金额：198848.40
2019-01-03 14:56:46,748-ERROR-my_log.py--Ting日志信息: 断言报错啦！，错误原因：'20103' != None
2019-01-03 14:56:46,751-ERROR-my_log.py--Ting日志信息: 测试结果是：False
2019-01-03 14:56:46,923-ERROR-my_log.py--Ting日志信息: 提现金额：198848.40
2019-01-03 14:56:47,032-ERROR-my_log.py--Ting日志信息: 断言报错啦！，错误原因：'20115' != None
2019-01-03 14:56:47,043-ERROR-my_log.py--Ting日志信息: 测试结果是：False
2019-01-03 14:56:47,250-ERROR-my_log.py--Ting日志信息: 提现金额：198848.40
2019-01-03 14:56:47,353-ERROR-my_log.py--Ting日志信息: 断言报错啦！，错误原因：'20117' != None
2019-01-03 14:56:47,355-ERROR-my_log.py--Ting日志信息: 测试结果是：False
2019-01-03 14:56:47,571-ERROR-my_log.py--Ting日志信息: 提现金额：198848.40
2019-01-03 14:56:47,671-ERROR-my_log.py--Ting日志信息: 断言报错啦！，错误原因：'20117' != None
2019-01-03 14:56:47,674-ERROR-my_log.py--Ting日志信息: 测试结果是：False
2019-01-03 14:56:47,867-ERROR-my_log.py--Ting日志信息: 提现金额：198848.40
2019-01-03 14:56:47,971-ERROR-my_log.py--Ting日志信息: 断言报错啦！，错误原因：'20118' != None
2019-01-03 14:56:47,974-ERROR-my_log.py--Ting日志信息: 测试结果是：False
2019-01-03 14:56:48,142-ERROR-my_log.py--Ting日志信息: 提现金额：198848.40
2019-01-03 14:56:48,226-ERROR-my_log.py--Ting日志信息: 断言报错啦！，错误原因：'10001' != None
2019-01-03 14:56:48,229-ERROR-my_log.py--Ting日志信息: 测试结果是：False
2019-01-03 14:56:48,416-ERROR-my_log.py--Ting日志信息: 提现金额：198848.40
2019-01-03 14:56:48,503-ERROR-my_log.py--Ting日志信息: 断言报错啦！，错误原因：'20116' != None
2019-01-03 14:56:48,506-ERROR-my_log.py--Ting日志信息: 测试结果是：False
2019-01-03 14:56:48,655-ERROR-my_log.py--Ting日志信息: 提现金额：198848.40
2019-01-03 14:57:13,401-ERROR-my_log.py--Ting日志信息: 测试结果是：PASS
2019-01-03 14:57:13,622-ERROR-my_log.py--Ting日志信息: 测试结果是：PASS
2019-01-03 14:57:13,740-ERROR-my_log.py--Ting日志信息: 提现金额：100
2019-01-03 14:57:13,825-ERROR-my_log.py--Ting日志信息: 测试结果是：PASS
2019-01-03 14:57:13,949-ERROR-my_log.py--Ting日志信息: 提现金额：198748.40
2019-01-03 14:57:14,011-ERROR-my_log.py--Ting日志信息: 测试结果是：PASS
2019-01-03 14:57:14,129-ERROR-my_log.py--Ting日志信息: 提现金额：198748.40
2019-01-03 14:57:14,193-ERROR-my_log.py--Ting日志信息: 测试结果是：PASS
2019-01-03 14:57:14,379-ERROR-my_log.py--Ting日志信息: 测试结果是：PASS
2019-01-03 14:57:14,497-ERROR-my_log.py--Ting日志信息: 提现金额：198748.40
2019-01-03 14:57:14,575-ERROR-my_log.py--Ting日志信息: 断言报错啦！，错误原因：'20117' != '10001'
- 20117
+ 10001

2019-01-03 14:57:14,577-ERROR-my_log.py--Ting日志信息: 测试结果是：False
2019-01-03 14:57:14,731-ERROR-my_log.py--Ting日志信息: 提现金额：0
2019-01-03 14:57:14,820-ERROR-my_log.py--Ting日志信息: 测试结果是：PASS
2019-01-03 14:57:15,066-ERROR-my_log.py--Ting日志信息: 提现金额：198748.40
2019-01-03 14:57:15,138-ERROR-my_log.py--Ting日志信息: 测试结果是：PASS
2019-01-03 14:57:15,329-ERROR-my_log.py--Ting日志信息: 提现金额：198748.40
2019-01-03 14:57:15,411-ERROR-my_log.py--Ting日志信息: 测试结果是：PASS
2019-01-03 14:57:15,543-ERROR-my_log.py--Ting日志信息: 提现金额：100.88
2019-01-03 14:57:15,613-ERROR-my_log.py--Ting日志信息: 测试结果是：PASS
2019-01-03 14:57:15,734-ERROR-my_log.py--Ting日志信息: 提现金额：198647.52
2019-01-03 14:58:41,454-ERROR-my_log.py--Ting日志信息: 测试结果是：PASS
2019-01-03 14:58:41,743-ERROR-my_log.py--Ting日志信息: 测试结果是：PASS
2019-01-03 14:58:41,885-ERROR-my_log.py--Ting日志信息: 提现金额：100
2019-01-03 14:58:42,008-ERROR-my_log.py--Ting日志信息: 测试结果是：PASS
2019-01-03 14:58:42,145-ERROR-my_log.py--Ting日志信息: 提现金额：198547.52
2019-01-03 14:58:42,278-ERROR-my_log.py--Ting日志信息: 测试结果是：PASS
2019-01-03 14:58:42,434-ERROR-my_log.py--Ting日志信息: 提现金额：198547.52
2019-01-03 14:58:42,574-ERROR-my_log.py--Ting日志信息: 测试结果是：PASS
2019-01-03 14:58:42,798-ERROR-my_log.py--Ting日志信息: 测试结果是：PASS
2019-01-03 14:58:42,952-ERROR-my_log.py--Ting日志信息: 提现金额：198547.52
2019-01-03 14:58:43,064-ERROR-my_log.py--Ting日志信息: 断言报错啦！，错误原因：'20117' != '10001'
- 20117
+ 10001

2019-01-03 14:58:43,067-ERROR-my_log.py--Ting日志信息: 测试结果是：False
2019-01-03 14:58:43,278-ERROR-my_log.py--Ting日志信息: 提现金额：0
2019-01-03 14:58:43,366-ERROR-my_log.py--Ting日志信息: 测试结果是：PASS
2019-01-03 14:58:43,565-ERROR-my_log.py--Ting日志信息: 提现金额：198547.52
2019-01-03 14:58:43,658-ERROR-my_log.py--Ting日志信息: 测试结果是：PASS
2019-01-03 14:58:43,802-ERROR-my_log.py--Ting日志信息: 提现金额：198547.52
2019-01-03 14:58:43,895-ERROR-my_log.py--Ting日志信息: 测试结果是：PASS
2019-01-03 14:58:44,085-ERROR-my_log.py--Ting日志信息: 提现金额：100.88
2019-01-03 14:58:44,149-ERROR-my_log.py--Ting日志信息: 测试结果是：PASS
2019-01-03 14:58:44,300-ERROR-my_log.py--Ting日志信息: 提现金额：198446.64
2019-01-03 15:00:53,569-ERROR-my_log.py--Ting日志信息: 测试结果是：PASS
2019-01-03 15:00:53,861-ERROR-my_log.py--Ting日志信息: 测试结果是：PASS
2019-01-03 15:00:54,055-ERROR-my_log.py--Ting日志信息: 提现金额：100
2019-01-03 15:00:54,098-ERROR-my_log.py--Ting日志信息: 数据库手机号不等于注册手机号，错误原因:'198346.64' != Decimal('198346.64')
2019-01-03 15:00:54,195-ERROR-my_log.py--Ting日志信息: 测试结果是：PASS
2019-01-03 15:00:54,363-ERROR-my_log.py--Ting日志信息: 提现金额：198346.64
2019-01-03 15:00:54,379-ERROR-my_log.py--Ting日志信息: 数据库手机号不等于注册手机号，错误原因:'198346.64' != Decimal('198346.64')
2019-01-03 15:00:54,447-ERROR-my_log.py--Ting日志信息: 测试结果是：PASS
2019-01-03 15:00:54,574-ERROR-my_log.py--Ting日志信息: 提现金额：198346.64
2019-01-03 15:00:54,586-ERROR-my_log.py--Ting日志信息: 数据库手机号不等于注册手机号，错误原因:'198346.64' != Decimal('198346.64')
2019-01-03 15:00:54,647-ERROR-my_log.py--Ting日志信息: 测试结果是：PASS
2019-01-03 15:00:54,829-ERROR-my_log.py--Ting日志信息: 测试结果是：PASS
2019-01-03 15:00:54,952-ERROR-my_log.py--Ting日志信息: 提现金额：198346.64
2019-01-03 15:00:54,964-ERROR-my_log.py--Ting日志信息: 数据库手机号不等于注册手机号，错误原因:'198346.64' != Decimal('198346.64')
2019-01-03 15:00:55,038-ERROR-my_log.py--Ting日志信息: 断言报错啦！，错误原因：'20117' != '10001'
- 20117
+ 10001

2019-01-03 15:00:55,042-ERROR-my_log.py--Ting日志信息: 测试结果是：False
2019-01-03 15:00:55,179-ERROR-my_log.py--Ting日志信息: 提现金额：0
2019-01-03 15:00:55,191-ERROR-my_log.py--Ting日志信息: 数据库手机号不等于注册手机号，错误原因:'198346.64' != Decimal('198346.64')
2019-01-03 15:00:55,265-ERROR-my_log.py--Ting日志信息: 测试结果是：PASS
2019-01-03 15:00:55,409-ERROR-my_log.py--Ting日志信息: 提现金额：198346.64
2019-01-03 15:00:55,424-ERROR-my_log.py--Ting日志信息: 数据库手机号不等于注册手机号，错误原因:'198346.64' != Decimal('198346.64')
2019-01-03 15:00:55,483-ERROR-my_log.py--Ting日志信息: 测试结果是：PASS
2019-01-03 15:00:55,607-ERROR-my_log.py--Ting日志信息: 提现金额：198346.64
2019-01-03 15:00:55,620-ERROR-my_log.py--Ting日志信息: 数据库手机号不等于注册手机号，错误原因:'198346.64' != Decimal('198346.64')
2019-01-03 15:00:55,704-ERROR-my_log.py--Ting日志信息: 测试结果是：PASS
2019-01-03 15:00:55,824-ERROR-my_log.py--Ting日志信息: 提现金额：100.88
2019-01-03 15:00:55,836-ERROR-my_log.py--Ting日志信息: 数据库手机号不等于注册手机号，错误原因:'198245.76' != Decimal('198245.76')
2019-01-03 15:00:55,896-ERROR-my_log.py--Ting日志信息: 测试结果是：PASS
2019-01-03 15:00:56,029-ERROR-my_log.py--Ting日志信息: 提现金额：198245.76
2019-01-03 15:00:56,042-ERROR-my_log.py--Ting日志信息: 数据库手机号不等于注册手机号，错误原因:'198245.76' != Decimal('198245.76')
2019-01-03 15:05:18,381-ERROR-my_log.py--Ting日志信息: 测试结果是：PASS
2019-01-03 15:05:18,481-ERROR-my_log.py--Ting日志信息: 测试结果是：PASS
2019-01-03 15:05:18,560-ERROR-my_log.py--Ting日志信息: 测试结果是：PASS
2019-01-03 15:05:18,652-ERROR-my_log.py--Ting日志信息: 测试结果是：PASS
2019-01-03 15:05:18,732-ERROR-my_log.py--Ting日志信息: 测试结果是：PASS
2019-01-03 15:05:18,804-ERROR-my_log.py--Ting日志信息: 测试结果是：PASS
2019-01-03 15:05:18,885-ERROR-my_log.py--Ting日志信息: 断言报错啦！，错误原因：'20117' != '10001'
- 20117
+ 10001

2019-01-03 15:05:18,888-ERROR-my_log.py--Ting日志信息: 测试结果是：False
2019-01-03 15:05:18,956-ERROR-my_log.py--Ting日志信息: 测试结果是：PASS
2019-01-03 15:05:19,024-ERROR-my_log.py--Ting日志信息: 测试结果是：PASS
2019-01-03 15:05:19,116-ERROR-my_log.py--Ting日志信息: 测试结果是：PASS
2019-01-03 15:05:19,182-ERROR-my_log.py--Ting日志信息: 测试结果是：PASS
2019-01-03 15:05:34,996-ERROR-my_log.py--Ting日志信息: 测试结果是：PASS
2019-01-03 15:05:35,203-ERROR-my_log.py--Ting日志信息: 测试结果是：PASS
2019-01-03 15:05:35,359-ERROR-my_log.py--Ting日志信息: 提现金额：100
2019-01-03 15:05:35,376-ERROR-my_log.py--Ting日志信息: 数据库手机号不等于注册手机号，错误原因:'197944.88' != Decimal('197944.88')
2019-01-03 15:05:35,444-ERROR-my_log.py--Ting日志信息: 测试结果是：PASS
2019-01-03 15:05:35,570-ERROR-my_log.py--Ting日志信息: 提现金额：197944.88
2019-01-03 15:05:35,585-ERROR-my_log.py--Ting日志信息: 数据库手机号不等于注册手机号，错误原因:'197944.88' != Decimal('197944.88')
2019-01-03 15:05:35,652-ERROR-my_log.py--Ting日志信息: 测试结果是：PASS
2019-01-03 15:05:35,783-ERROR-my_log.py--Ting日志信息: 提现金额：197944.88
2019-01-03 15:05:35,797-ERROR-my_log.py--Ting日志信息: 数据库手机号不等于注册手机号，错误原因:'197944.88' != Decimal('197944.88')
2019-01-03 15:05:35,876-ERROR-my_log.py--Ting日志信息: 测试结果是：PASS
2019-01-03 15:05:36,105-ERROR-my_log.py--Ting日志信息: 测试结果是：PASS
2019-01-03 15:05:36,264-ERROR-my_log.py--Ting日志信息: 提现金额：197944.88
2019-01-03 15:05:36,278-ERROR-my_log.py--Ting日志信息: 数据库手机号不等于注册手机号，错误原因:'197944.88' != Decimal('197944.88')
2019-01-03 15:05:36,366-ERROR-my_log.py--Ting日志信息: 断言报错啦！，错误原因：'20117' != '10001'
- 20117
+ 10001

2019-01-03 15:05:36,369-ERROR-my_log.py--Ting日志信息: 测试结果是：False
2019-01-03 15:05:36,505-ERROR-my_log.py--Ting日志信息: 提现金额：0
2019-01-03 15:05:36,520-ERROR-my_log.py--Ting日志信息: 数据库手机号不等于注册手机号，错误原因:'197944.88' != Decimal('197944.88')
2019-01-03 15:05:36,596-ERROR-my_log.py--Ting日志信息: 测试结果是：PASS
2019-01-03 15:05:36,721-ERROR-my_log.py--Ting日志信息: 提现金额：197944.88
2019-01-03 15:05:36,736-ERROR-my_log.py--Ting日志信息: 数据库手机号不等于注册手机号，错误原因:'197944.88' != Decimal('197944.88')
2019-01-03 15:05:36,803-ERROR-my_log.py--Ting日志信息: 测试结果是：PASS
2019-01-03 15:05:36,929-ERROR-my_log.py--Ting日志信息: 提现金额：197944.88
2019-01-03 15:05:36,942-ERROR-my_log.py--Ting日志信息: 数据库手机号不等于注册手机号，错误原因:'197944.88' != Decimal('197944.88')
2019-01-03 15:05:37,026-ERROR-my_log.py--Ting日志信息: 测试结果是：PASS
2019-01-03 15:05:37,166-ERROR-my_log.py--Ting日志信息: 提现金额：100.88
2019-01-03 15:05:37,181-ERROR-my_log.py--Ting日志信息: 数据库手机号不等于注册手机号，错误原因:'197844.0' != Decimal('197844.00')
2019-01-03 15:05:37,245-ERROR-my_log.py--Ting日志信息: 测试结果是：PASS
2019-01-03 15:05:37,397-ERROR-my_log.py--Ting日志信息: 提现金额：197844.00
2019-01-03 15:05:37,412-ERROR-my_log.py--Ting日志信息: 数据库手机号不等于注册手机号，错误原因:'197844.00' != Decimal('197844.00')
2019-01-03 15:05:37,478-ERROR-my_log.py--Ting日志信息: 断言报错啦！，错误原因：'20119' != '20118'
- 20119
?     ^
+ 20118
?     ^

2019-01-03 15:05:37,481-ERROR-my_log.py--Ting日志信息: 测试结果是：False
2019-01-03 15:05:37,606-ERROR-my_log.py--Ting日志信息: 提现金额：197844.00
2019-01-03 15:05:37,620-ERROR-my_log.py--Ting日志信息: 数据库手机号不等于注册手机号，错误原因:'197844.00' != Decimal('197844.00')
2019-01-03 15:06:52,812-ERROR-my_log.py--Ting日志信息: 测试结果是：PASS
2019-01-03 15:06:53,039-ERROR-my_log.py--Ting日志信息: 测试结果是：PASS
2019-01-03 15:06:53,188-ERROR-my_log.py--Ting日志信息: 提现金额：100
2019-01-03 15:06:53,288-ERROR-my_log.py--Ting日志信息: 测试结果是：PASS
2019-01-03 15:06:53,423-ERROR-my_log.py--Ting日志信息: 提现金额：197744.00
2019-01-03 15:06:53,502-ERROR-my_log.py--Ting日志信息: 测试结果是：PASS
2019-01-03 15:06:53,643-ERROR-my_log.py--Ting日志信息: 提现金额：197744.00
2019-01-03 15:06:53,728-ERROR-my_log.py--Ting日志信息: 测试结果是：PASS
2019-01-03 15:06:53,943-ERROR-my_log.py--Ting日志信息: 测试结果是：PASS
2019-01-03 15:06:54,092-ERROR-my_log.py--Ting日志信息: 提现金额：197744.00
2019-01-03 15:06:54,192-ERROR-my_log.py--Ting日志信息: 断言报错啦！，错误原因：'20117' != '10001'
- 20117
+ 10001

2019-01-03 15:06:54,195-ERROR-my_log.py--Ting日志信息: 测试结果是：False
2019-01-03 15:06:54,334-ERROR-my_log.py--Ting日志信息: 提现金额：0
2019-01-03 15:06:54,432-ERROR-my_log.py--Ting日志信息: 测试结果是：PASS
2019-01-03 15:06:54,563-ERROR-my_log.py--Ting日志信息: 提现金额：197744.00
2019-01-03 15:06:54,639-ERROR-my_log.py--Ting日志信息: 测试结果是：PASS
2019-01-03 15:06:54,768-ERROR-my_log.py--Ting日志信息: 提现金额：197744.00
2019-01-03 15:06:54,866-ERROR-my_log.py--Ting日志信息: 测试结果是：PASS
2019-01-03 15:06:55,026-ERROR-my_log.py--Ting日志信息: 提现金额：100.88
2019-01-03 15:06:55,040-ERROR-my_log.py--Ting日志信息: 数据库手机号不等于注册手机号，错误原因:197643.12 != Decimal('197643.12')
2019-01-03 15:06:55,111-ERROR-my_log.py--Ting日志信息: 测试结果是：PASS
2019-01-03 15:06:55,230-ERROR-my_log.py--Ting日志信息: 提现金额：197643.12
2019-01-03 15:06:55,320-ERROR-my_log.py--Ting日志信息: 断言报错啦！，错误原因：'20119' != '20118'
- 20119
?     ^
+ 20118
?     ^

2019-01-03 15:06:55,324-ERROR-my_log.py--Ting日志信息: 测试结果是：False
2019-01-03 15:06:55,450-ERROR-my_log.py--Ting日志信息: 提现金额：197643.12
2019-01-03 15:12:01,607-ERROR-my_log.py--Ting日志信息: 测试结果是：PASS
2019-01-03 15:12:01,931-ERROR-my_log.py--Ting日志信息: 测试结果是：PASS
2019-01-03 15:12:02,056-ERROR-my_log.py--Ting日志信息: 提现金额：100
2019-01-03 15:12:02,070-ERROR-my_log.py--Ting日志信息: 数据库手机号不等于注册手机号，错误原因:197543.12 != Decimal('197543.12')
2019-01-03 15:12:02,243-ERROR-my_log.py--Ting日志信息: 测试结果是：PASS
2019-01-03 15:12:02,372-ERROR-my_log.py--Ting日志信息: 提现金额：197543.12
2019-01-03 15:12:02,570-ERROR-my_log.py--Ting日志信息: 测试结果是：PASS
2019-01-03 15:12:02,689-ERROR-my_log.py--Ting日志信息: 提现金额：197543.12
2019-01-03 15:12:02,762-ERROR-my_log.py--Ting日志信息: 测试结果是：PASS
2019-01-03 15:12:02,943-ERROR-my_log.py--Ting日志信息: 测试结果是：PASS
2019-01-03 15:12:03,065-ERROR-my_log.py--Ting日志信息: 提现金额：197543.12
2019-01-03 15:12:03,143-ERROR-my_log.py--Ting日志信息: 断言报错啦！，错误原因：'20117' != '10001'
- 20117
+ 10001

2019-01-03 15:12:03,146-ERROR-my_log.py--Ting日志信息: 测试结果是：False
2019-01-03 15:12:03,273-ERROR-my_log.py--Ting日志信息: 提现金额：0
2019-01-03 15:12:03,286-ERROR-my_log.py--Ting日志信息: 数据库手机号不等于注册手机号，错误原因:197543.12 != Decimal('197543.12')
2019-01-03 15:12:03,354-ERROR-my_log.py--Ting日志信息: 测试结果是：PASS
2019-01-03 15:12:03,475-ERROR-my_log.py--Ting日志信息: 提现金额：197543.12
2019-01-03 15:12:03,559-ERROR-my_log.py--Ting日志信息: 测试结果是：PASS
2019-01-03 15:12:03,680-ERROR-my_log.py--Ting日志信息: 提现金额：197543.12
2019-01-03 15:12:03,777-ERROR-my_log.py--Ting日志信息: 测试结果是：PASS
2019-01-03 15:12:03,893-ERROR-my_log.py--Ting日志信息: 提现金额：100.88
2019-01-03 15:12:03,906-ERROR-my_log.py--Ting日志信息: 数据库手机号不等于注册手机号，错误原因:197442.24 != Decimal('197442.24')
2019-01-03 15:12:03,971-ERROR-my_log.py--Ting日志信息: 测试结果是：PASS
2019-01-03 15:12:04,094-ERROR-my_log.py--Ting日志信息: 提现金额：197442.24
2019-01-03 15:12:04,200-ERROR-my_log.py--Ting日志信息: 断言报错啦！，错误原因：'20119' != '10001'
- 20119
+ 10001

2019-01-03 15:12:04,203-ERROR-my_log.py--Ting日志信息: 测试结果是：False
2019-01-03 15:12:04,357-ERROR-my_log.py--Ting日志信息: 提现金额：197400
2019-01-03 15:12:04,370-ERROR-my_log.py--Ting日志信息: 数据库手机号不等于注册手机号，错误原因:42.23999999999069 != Decimal('42.24')
2019-01-03 15:13:53,496-ERROR-my_log.py--Ting日志信息: 测试结果是：PASS
2019-01-03 15:13:53,693-ERROR-my_log.py--Ting日志信息: 断言报错啦！，错误原因：'10001' != '20119'
- 10001
+ 20119

2019-01-03 15:13:53,697-ERROR-my_log.py--Ting日志信息: 测试结果是：False
2019-01-03 15:13:53,834-ERROR-my_log.py--Ting日志信息: 提现金额：42.24
2019-01-03 15:13:53,847-ERROR-my_log.py--Ting日志信息: 数据库手机号不等于注册手机号，错误原因:Decimal('42.24') != 42.24
2019-01-03 15:13:53,927-ERROR-my_log.py--Ting日志信息: 测试结果是：PASS
2019-01-03 15:13:54,057-ERROR-my_log.py--Ting日志信息: 提现金额：42.24
2019-01-03 15:13:54,071-ERROR-my_log.py--Ting日志信息: 数据库手机号不等于注册手机号，错误原因:Decimal('42.24') != 42.24
2019-01-03 15:13:54,138-ERROR-my_log.py--Ting日志信息: 测试结果是：PASS
2019-01-03 15:13:54,263-ERROR-my_log.py--Ting日志信息: 提现金额：42.24
2019-01-03 15:13:54,276-ERROR-my_log.py--Ting日志信息: 数据库手机号不等于注册手机号，错误原因:Decimal('42.24') != 42.24
2019-01-03 15:13:54,336-ERROR-my_log.py--Ting日志信息: 测试结果是：PASS
2019-01-03 15:13:54,530-ERROR-my_log.py--Ting日志信息: 测试结果是：PASS
2019-01-03 15:13:54,650-ERROR-my_log.py--Ting日志信息: 提现金额：42.24
2019-01-03 15:13:54,662-ERROR-my_log.py--Ting日志信息: 数据库手机号不等于注册手机号，错误原因:Decimal('42.24') != 42.24
2019-01-03 15:13:54,736-ERROR-my_log.py--Ting日志信息: 断言报错啦！，错误原因：'20117' != '10001'
- 20117
+ 10001

2019-01-03 15:13:54,738-ERROR-my_log.py--Ting日志信息: 测试结果是：False
2019-01-03 15:13:54,864-ERROR-my_log.py--Ting日志信息: 提现金额：0
2019-01-03 15:13:54,877-ERROR-my_log.py--Ting日志信息: 数据库手机号不等于注册手机号，错误原因:42.24 != Decimal('42.24')
2019-01-03 15:13:54,942-ERROR-my_log.py--Ting日志信息: 测试结果是：PASS
2019-01-03 15:13:55,093-ERROR-my_log.py--Ting日志信息: 提现金额：42.24
2019-01-03 15:13:55,106-ERROR-my_log.py--Ting日志信息: 数据库手机号不等于注册手机号，错误原因:Decimal('42.24') != 42.24
2019-01-03 15:13:55,173-ERROR-my_log.py--Ting日志信息: 测试结果是：PASS
2019-01-03 15:13:55,314-ERROR-my_log.py--Ting日志信息: 提现金额：42.24
2019-01-03 15:13:55,327-ERROR-my_log.py--Ting日志信息: 数据库手机号不等于注册手机号，错误原因:Decimal('42.24') != 42.24
2019-01-03 15:13:55,395-ERROR-my_log.py--Ting日志信息: 断言报错啦！，错误原因：'10001' != '20119'
- 10001
+ 20119

2019-01-03 15:13:55,398-ERROR-my_log.py--Ting日志信息: 测试结果是：False
2019-01-03 15:13:55,529-ERROR-my_log.py--Ting日志信息: 提现金额：42.24
2019-01-03 15:13:55,541-ERROR-my_log.py--Ting日志信息: 数据库手机号不等于注册手机号，错误原因:Decimal('42.24') != 42.24
2019-01-03 15:13:55,616-ERROR-my_log.py--Ting日志信息: 测试结果是：PASS
2019-01-03 15:13:55,782-ERROR-my_log.py--Ting日志信息: 提现金额：42.24
2019-01-03 15:13:55,794-ERROR-my_log.py--Ting日志信息: 数据库手机号不等于注册手机号，错误原因:Decimal('42.24') != 42.24
2019-01-03 15:13:55,867-ERROR-my_log.py--Ting日志信息: 断言报错啦！，错误原因：'20119' != '10001'
- 20119
+ 10001

2019-01-03 15:13:55,870-ERROR-my_log.py--Ting日志信息: 测试结果是：False
2019-01-03 15:13:56,033-ERROR-my_log.py--Ting日志信息: 提现金额：0
2019-01-03 15:13:56,052-ERROR-my_log.py--Ting日志信息: 数据库手机号不等于注册手机号，错误原因:42.24 != Decimal('42.24')
2019-01-03 15:14:39,379-ERROR-my_log.py--Ting日志信息: 测试结果是：PASS
2019-01-03 15:14:39,575-ERROR-my_log.py--Ting日志信息: 测试结果是：PASS
2019-01-03 15:14:39,737-ERROR-my_log.py--Ting日志信息: 测试结果是：PASS
2019-01-03 15:14:39,921-ERROR-my_log.py--Ting日志信息: 测试结果是：PASS
2019-01-03 15:14:40,139-ERROR-my_log.py--Ting日志信息: 断言报错啦！，错误原因：'20109' != '10001'
- 20109
+ 10001

2019-01-03 15:14:40,142-ERROR-my_log.py--Ting日志信息: 测试结果是：False
2019-01-03 15:14:40,375-ERROR-my_log.py--Ting日志信息: 断言报错啦！，错误原因：'20117' != '10001'
- 20117
+ 10001

2019-01-03 15:14:40,378-ERROR-my_log.py--Ting日志信息: 测试结果是：False
2019-01-03 15:14:40,565-ERROR-my_log.py--Ting日志信息: 测试结果是：PASS
2019-01-03 15:14:40,744-ERROR-my_log.py--Ting日志信息: 测试结果是：PASS
2019-01-03 15:14:40,944-ERROR-my_log.py--Ting日志信息: 测试结果是：PASS
2019-01-03 15:14:41,114-ERROR-my_log.py--Ting日志信息: 测试结果是：PASS
2019-01-03 15:15:08,145-ERROR-my_log.py--Ting日志信息: 测试结果是：PASS
2019-01-03 15:15:08,343-ERROR-my_log.py--Ting日志信息: 测试结果是：PASS
2019-01-03 15:15:08,518-ERROR-my_log.py--Ting日志信息: 测试结果是：PASS
2019-01-03 15:15:08,706-ERROR-my_log.py--Ting日志信息: 测试结果是：PASS
2019-01-03 15:15:09,029-ERROR-my_log.py--Ting日志信息: 断言报错啦！，错误原因：'20109' != '10001'
- 20109
+ 10001

2019-01-03 15:15:09,032-ERROR-my_log.py--Ting日志信息: 测试结果是：False
2019-01-03 15:15:09,401-ERROR-my_log.py--Ting日志信息: 断言报错啦！，错误原因：'20117' != '10001'
- 20117
+ 10001

2019-01-03 15:15:09,404-ERROR-my_log.py--Ting日志信息: 测试结果是：False
2019-01-03 15:15:09,626-ERROR-my_log.py--Ting日志信息: 测试结果是：PASS
2019-01-03 15:15:09,814-ERROR-my_log.py--Ting日志信息: 测试结果是：PASS
2019-01-03 15:15:10,025-ERROR-my_log.py--Ting日志信息: 测试结果是：PASS
2019-01-03 15:15:10,247-ERROR-my_log.py--Ting日志信息: 测试结果是：PASS
2019-01-03 15:15:20,190-ERROR-my_log.py--Ting日志信息: 测试结果是：PASS
2019-01-03 15:15:20,548-ERROR-my_log.py--Ting日志信息: 测试结果是：PASS
2019-01-03 15:15:20,727-ERROR-my_log.py--Ting日志信息: 测试结果是：PASS
2019-01-03 15:15:20,916-ERROR-my_log.py--Ting日志信息: 测试结果是：PASS
2019-01-03 15:15:21,127-ERROR-my_log.py--Ting日志信息: 断言报错啦！，错误原因：'20109' != '10001'
- 20109
+ 10001

2019-01-03 15:15:21,130-ERROR-my_log.py--Ting日志信息: 测试结果是：False
2019-01-03 15:15:21,407-ERROR-my_log.py--Ting日志信息: 断言报错啦！，错误原因：'20117' != '10001'
- 20117
+ 10001

2019-01-03 15:15:21,410-ERROR-my_log.py--Ting日志信息: 测试结果是：False
2019-01-03 15:15:21,615-ERROR-my_log.py--Ting日志信息: 测试结果是：PASS
2019-01-03 15:15:21,852-ERROR-my_log.py--Ting日志信息: 测试结果是：PASS
2019-01-03 15:15:22,121-ERROR-my_log.py--Ting日志信息: 测试结果是：PASS
2019-01-03 15:15:22,373-ERROR-my_log.py--Ting日志信息: 测试结果是：PASS
2019-01-03 15:15:39,450-ERROR-my_log.py--Ting日志信息: 测试结果是：PASS
2019-01-03 15:15:39,659-ERROR-my_log.py--Ting日志信息: 测试结果是：PASS
2019-01-03 15:15:39,779-ERROR-my_log.py--Ting日志信息: 提现金额：100
2019-01-03 15:15:39,854-ERROR-my_log.py--Ting日志信息: 测试结果是：PASS
2019-01-03 15:15:39,976-ERROR-my_log.py--Ting日志信息: 提现金额：6544.88
2019-01-03 15:15:39,987-ERROR-my_log.py--Ting日志信息: 数据库手机号不等于注册手机号，错误原因:Decimal('6544.88') != 6544.88
2019-01-03 15:15:40,046-ERROR-my_log.py--Ting日志信息: 测试结果是：PASS
2019-01-03 15:15:40,175-ERROR-my_log.py--Ting日志信息: 提现金额：6544.88
2019-01-03 15:15:40,186-ERROR-my_log.py--Ting日志信息: 数据库手机号不等于注册手机号，错误原因:Decimal('6544.88') != 6544.88
2019-01-03 15:15:40,255-ERROR-my_log.py--Ting日志信息: 测试结果是：PASS
2019-01-03 15:15:40,453-ERROR-my_log.py--Ting日志信息: 测试结果是：PASS
2019-01-03 15:15:40,576-ERROR-my_log.py--Ting日志信息: 提现金额：6544.88
2019-01-03 15:15:40,589-ERROR-my_log.py--Ting日志信息: 数据库手机号不等于注册手机号，错误原因:Decimal('6544.88') != 6544.88
2019-01-03 15:15:40,658-ERROR-my_log.py--Ting日志信息: 断言报错啦！，错误原因：'20117' != '10001'
- 20117
+ 10001

2019-01-03 15:15:40,662-ERROR-my_log.py--Ting日志信息: 测试结果是：False
2019-01-03 15:15:40,812-ERROR-my_log.py--Ting日志信息: 提现金额：0
2019-01-03 15:15:40,898-ERROR-my_log.py--Ting日志信息: 测试结果是：PASS
2019-01-03 15:15:41,036-ERROR-my_log.py--Ting日志信息: 提现金额：6544.88
2019-01-03 15:15:41,048-ERROR-my_log.py--Ting日志信息: 数据库手机号不等于注册手机号，错误原因:Decimal('6544.88') != 6544.88
2019-01-03 15:15:41,119-ERROR-my_log.py--Ting日志信息: 测试结果是：PASS
2019-01-03 15:15:41,257-ERROR-my_log.py--Ting日志信息: 提现金额：6544.88
2019-01-03 15:15:41,269-ERROR-my_log.py--Ting日志信息: 数据库手机号不等于注册手机号，错误原因:Decimal('6544.88') != 6544.88
2019-01-03 15:15:41,355-ERROR-my_log.py--Ting日志信息: 测试结果是：PASS
2019-01-03 15:15:41,480-ERROR-my_log.py--Ting日志信息: 提现金额：100.88
2019-01-03 15:15:41,557-ERROR-my_log.py--Ting日志信息: 测试结果是：PASS
2019-01-03 15:15:41,679-ERROR-my_log.py--Ting日志信息: 提现金额：6444.00
2019-01-03 15:15:41,765-ERROR-my_log.py--Ting日志信息: 断言报错啦！，错误原因：'20119' != '10001'
- 20119
+ 10001

2019-01-03 15:15:41,768-ERROR-my_log.py--Ting日志信息: 测试结果是：False
2019-01-03 15:15:41,890-ERROR-my_log.py--Ting日志信息: 提现金额：6400
2019-01-03 15:17:00,507-ERROR-my_log.py--Ting日志信息: 测试结果是：PASS
2019-01-03 15:17:00,704-ERROR-my_log.py--Ting日志信息: 断言报错啦！，错误原因：'10001' != '20119'
- 10001
+ 20119

2019-01-03 15:17:00,706-ERROR-my_log.py--Ting日志信息: 测试结果是：False
2019-01-03 15:17:00,861-ERROR-my_log.py--Ting日志信息: 提现金额：44.00
2019-01-03 15:17:00,935-ERROR-my_log.py--Ting日志信息: 测试结果是：PASS
2019-01-03 15:17:01,055-ERROR-my_log.py--Ting日志信息: 提现金额：44.00
2019-01-03 15:17:01,126-ERROR-my_log.py--Ting日志信息: 测试结果是：PASS
2019-01-03 15:17:01,258-ERROR-my_log.py--Ting日志信息: 提现金额：44.00
2019-01-03 15:17:01,349-ERROR-my_log.py--Ting日志信息: 测试结果是：PASS
2019-01-03 15:17:01,545-ERROR-my_log.py--Ting日志信息: 测试结果是：PASS
2019-01-03 15:17:01,671-ERROR-my_log.py--Ting日志信息: 提现金额：44.00
2019-01-03 15:17:01,747-ERROR-my_log.py--Ting日志信息: 断言报错啦！，错误原因：'20117' != '10001'
- 20117
+ 10001

2019-01-03 15:17:01,749-ERROR-my_log.py--Ting日志信息: 测试结果是：False
2019-01-03 15:17:01,868-ERROR-my_log.py--Ting日志信息: 提现金额：0
2019-01-03 15:17:01,948-ERROR-my_log.py--Ting日志信息: 测试结果是：PASS
2019-01-03 15:17:02,070-ERROR-my_log.py--Ting日志信息: 提现金额：44.00
2019-01-03 15:17:02,141-ERROR-my_log.py--Ting日志信息: 测试结果是：PASS
2019-01-03 15:17:02,265-ERROR-my_log.py--Ting日志信息: 提现金额：44.00
2019-01-03 15:17:02,345-ERROR-my_log.py--Ting日志信息: 断言报错啦！，错误原因：'10001' != '20119'
- 10001
+ 20119

2019-01-03 15:17:02,348-ERROR-my_log.py--Ting日志信息: 测试结果是：False
2019-01-03 15:17:02,478-ERROR-my_log.py--Ting日志信息: 提现金额：44.00
2019-01-03 15:17:02,555-ERROR-my_log.py--Ting日志信息: 测试结果是：PASS
2019-01-03 15:17:02,694-ERROR-my_log.py--Ting日志信息: 提现金额：44.00
2019-01-03 15:17:02,769-ERROR-my_log.py--Ting日志信息: 断言报错啦！，错误原因：'20119' != '10001'
- 20119
+ 10001

2019-01-03 15:17:02,772-ERROR-my_log.py--Ting日志信息: 测试结果是：False
2019-01-03 15:17:02,899-ERROR-my_log.py--Ting日志信息: 提现金额：0
2019-01-03 15:17:59,194-ERROR-my_log.py--Ting日志信息: 测试结果是：PASS
2019-01-03 15:17:59,443-ERROR-my_log.py--Ting日志信息: 测试结果是：PASS
2019-01-03 15:17:59,730-ERROR-my_log.py--Ting日志信息: 测试结果是：PASS
2019-01-03 15:17:59,934-ERROR-my_log.py--Ting日志信息: 提现金额：100
2019-01-03 15:18:00,018-ERROR-my_log.py--Ting日志信息: 测试结果是：PASS
2019-01-03 15:18:00,204-ERROR-my_log.py--Ting日志信息: 提现金额：19944.00
2019-01-03 15:18:00,271-ERROR-my_log.py--Ting日志信息: 测试结果是：PASS
2019-01-03 15:18:00,418-ERROR-my_log.py--Ting日志信息: 提现金额：19944.00
2019-01-03 15:18:00,485-ERROR-my_log.py--Ting日志信息: 测试结果是：PASS
2019-01-03 15:18:00,698-ERROR-my_log.py--Ting日志信息: 测试结果是：PASS
2019-01-03 15:18:00,820-ERROR-my_log.py--Ting日志信息: 提现金额：19944.00
2019-01-03 15:18:00,898-ERROR-my_log.py--Ting日志信息: 断言报错啦！，错误原因：'20117' != '10001'
- 20117
+ 10001

2019-01-03 15:18:00,901-ERROR-my_log.py--Ting日志信息: 测试结果是：False
2019-01-03 15:18:01,026-ERROR-my_log.py--Ting日志信息: 提现金额：0
2019-01-03 15:18:01,103-ERROR-my_log.py--Ting日志信息: 测试结果是：PASS
2019-01-03 15:18:01,223-ERROR-my_log.py--Ting日志信息: 提现金额：19944.00
2019-01-03 15:18:01,296-ERROR-my_log.py--Ting日志信息: 测试结果是：PASS
2019-01-03 15:18:01,421-ERROR-my_log.py--Ting日志信息: 提现金额：19944.00
2019-01-03 15:18:01,506-ERROR-my_log.py--Ting日志信息: 测试结果是：PASS
2019-01-03 15:18:01,669-ERROR-my_log.py--Ting日志信息: 提现金额：100.88
2019-01-03 15:18:01,738-ERROR-my_log.py--Ting日志信息: 测试结果是：PASS
2019-01-03 15:18:01,898-ERROR-my_log.py--Ting日志信息: 提现金额：19843.12
2019-01-03 15:18:01,998-ERROR-my_log.py--Ting日志信息: 断言报错啦！，错误原因：'20119' != '10001'
- 20119
+ 10001

2019-01-03 15:18:02,001-ERROR-my_log.py--Ting日志信息: 测试结果是：False
2019-01-03 15:18:02,171-ERROR-my_log.py--Ting日志信息: 提现金额：19800
2019-01-03 15:18:02,188-ERROR-my_log.py--Ting日志信息: 数据库手机号不等于注册手机号，错误原因:43.11999999999898 != 43.12
2019-01-03 15:21:04,780-ERROR-my_log.py--Ting日志信息: 测试结果是：PASS
2019-01-03 15:21:05,031-ERROR-my_log.py--Ting日志信息: 测试结果是：PASS
2019-01-03 15:21:05,244-ERROR-my_log.py--Ting日志信息: 测试结果是：PASS
2019-01-03 15:21:05,385-ERROR-my_log.py--Ting日志信息: 提现金额：100
2019-01-03 15:21:05,467-ERROR-my_log.py--Ting日志信息: 测试结果是：PASS
2019-01-03 15:21:05,636-ERROR-my_log.py--Ting日志信息: 提现金额：19943.12
2019-01-03 15:21:05,733-ERROR-my_log.py--Ting日志信息: 测试结果是：PASS
2019-01-03 15:21:05,895-ERROR-my_log.py--Ting日志信息: 提现金额：19943.12
2019-01-03 15:21:05,976-ERROR-my_log.py--Ting日志信息: 测试结果是：PASS
2019-01-03 15:21:06,283-ERROR-my_log.py--Ting日志信息: 测试结果是：PASS
2019-01-03 15:21:06,457-ERROR-my_log.py--Ting日志信息: 提现金额：19943.12
2019-01-03 15:21:06,575-ERROR-my_log.py--Ting日志信息: 断言报错啦！，错误原因：'20117' != '10001'
- 20117
+ 10001

2019-01-03 15:21:06,577-ERROR-my_log.py--Ting日志信息: 测试结果是：False
2019-01-03 15:21:06,813-ERROR-my_log.py--Ting日志信息: 提现金额：0
2019-01-03 15:21:06,897-ERROR-my_log.py--Ting日志信息: 测试结果是：PASS
2019-01-03 15:21:07,016-ERROR-my_log.py--Ting日志信息: 提现金额：19943.12
2019-01-03 15:21:07,107-ERROR-my_log.py--Ting日志信息: 测试结果是：PASS
2019-01-03 15:21:07,255-ERROR-my_log.py--Ting日志信息: 提现金额：19943.12
2019-01-03 15:21:07,363-ERROR-my_log.py--Ting日志信息: 测试结果是：PASS
2019-01-03 15:21:07,483-ERROR-my_log.py--Ting日志信息: 提现金额：100.88
2019-01-03 15:21:07,502-ERROR-my_log.py--Ting日志信息: 数据库手机号不等于注册手机号，错误原因:19842.239999999998 != 19842.24
2019-01-03 15:21:07,566-ERROR-my_log.py--Ting日志信息: 测试结果是：PASS
2019-01-03 15:21:07,694-ERROR-my_log.py--Ting日志信息: 提现金额：19842.24
2019-01-03 15:21:07,773-ERROR-my_log.py--Ting日志信息: 测试结果是：PASS
2019-01-03 15:21:07,897-ERROR-my_log.py--Ting日志信息: 提现金额：19842.24
2019-01-03 16:12:31,558-ERROR-my_log.py--Ting日志信息: 测试结果是：PASS
2019-01-03 16:12:31,737-ERROR-my_log.py--Ting日志信息: 测试结果是：PASS
2019-01-03 16:12:31,892-ERROR-my_log.py--Ting日志信息: 测试结果是：PASS
2019-01-03 16:12:32,050-ERROR-my_log.py--Ting日志信息: 测试结果是：PASS
2019-01-03 16:12:32,110-ERROR-my_log.py--Ting日志信息: 测试结果是：PASS
2019-01-03 16:12:32,176-ERROR-my_log.py--Ting日志信息: 测试结果是：PASS
2019-01-03 16:12:32,231-ERROR-my_log.py--Ting日志信息: 测试结果是：PASS
2019-01-03 16:12:32,292-ERROR-my_log.py--Ting日志信息: 测试结果是：PASS
2019-01-03 16:12:32,357-ERROR-my_log.py--Ting日志信息: 测试结果是：PASS
2019-01-03 16:12:32,421-ERROR-my_log.py--Ting日志信息: 测试结果是：PASS
2019-01-03 16:12:32,471-ERROR-my_log.py--Ting日志信息: 测试结果是：PASS
2019-01-03 16:12:32,536-ERROR-my_log.py--Ting日志信息: 测试结果是：PASS
2019-01-03 16:12:32,587-ERROR-my_log.py--Ting日志信息: 测试结果是：PASS
2019-01-03 16:12:32,676-ERROR-my_log.py--Ting日志信息: 断言报错啦！，错误原因：'11012' != '10001'
- 11012
+ 10001

2019-01-03 16:12:32,680-ERROR-my_log.py--Ting日志信息: 测试结果是：False
2019-01-03 16:12:32,755-ERROR-my_log.py--Ting日志信息: 测试结果是：PASS
2019-01-03 16:12:32,809-ERROR-my_log.py--Ting日志信息: 断言报错啦！，错误原因：'20119' != '11007'
- 20119
+ 11007

2019-01-03 16:12:32,812-ERROR-my_log.py--Ting日志信息: 测试结果是：False
2019-01-03 16:12:32,897-ERROR-my_log.py--Ting日志信息: 断言报错啦！，错误原因：'11011' != '11010'
- 11011
?     ^
+ 11010
?     ^

2019-01-03 16:12:32,900-ERROR-my_log.py--Ting日志信息: 测试结果是：False
2019-01-03 16:13:23,931-ERROR-my_log.py--Ting日志信息: 测试结果是：PASS
2019-01-03 16:13:24,162-ERROR-my_log.py--Ting日志信息: 测试结果是：PASS
2019-01-03 16:13:24,277-ERROR-my_log.py--Ting日志信息: 投标金额=200
2019-01-03 16:13:24,332-ERROR-my_log.py--Ting日志信息: 测试结果是：PASS
2019-01-03 16:13:24,504-ERROR-my_log.py--Ting日志信息: 测试结果是：PASS
2019-01-03 16:13:24,674-ERROR-my_log.py--Ting日志信息: 测试结果是：PASS
2019-01-03 16:13:24,844-ERROR-my_log.py--Ting日志信息: 测试结果是：PASS
2019-01-03 16:13:25,063-ERROR-my_log.py--Ting日志信息: 测试结果是：PASS
2019-01-03 16:13:25,273-ERROR-my_log.py--Ting日志信息: 测试结果是：PASS
2019-01-03 16:13:25,458-ERROR-my_log.py--Ting日志信息: 测试结果是：PASS
2019-01-03 16:13:25,645-ERROR-my_log.py--Ting日志信息: 测试结果是：PASS
2019-01-03 16:13:25,819-ERROR-my_log.py--Ting日志信息: 测试结果是：PASS
2019-01-03 16:13:25,999-ERROR-my_log.py--Ting日志信息: 测试结果是：PASS
2019-01-03 16:13:26,169-ERROR-my_log.py--Ting日志信息: 测试结果是：PASS
2019-01-03 16:13:26,405-ERROR-my_log.py--Ting日志信息: 断言报错啦！，错误原因：'11012' != '10001'
- 11012
+ 10001

2019-01-03 16:13:26,408-ERROR-my_log.py--Ting日志信息: 测试结果是：False
2019-01-03 16:13:26,522-ERROR-my_log.py--Ting日志信息: 投标金额=9000000
2019-01-03 16:13:26,578-ERROR-my_log.py--Ting日志信息: 数据库账户余额不等于实际余额，错误原因:-17980557.759999998 != -17980557.76
2019-01-03 16:13:26,581-ERROR-my_log.py--Ting日志信息: 数据库账户余额-17980557.76，实际余额应为-17980557.759999998
2019-01-03 16:13:26,639-ERROR-my_log.py--Ting日志信息: 测试结果是：PASS
2019-01-03 16:13:26,816-ERROR-my_log.py--Ting日志信息: 断言报错啦！，错误原因：'20119' != '11007'
- 20119
+ 11007

2019-01-03 16:13:26,818-ERROR-my_log.py--Ting日志信息: 测试结果是：False
2019-01-03 16:13:27,016-ERROR-my_log.py--Ting日志信息: 断言报错啦！，错误原因：'11011' != '11010'
- 11011
?     ^
+ 11010
?     ^

2019-01-03 16:13:27,019-ERROR-my_log.py--Ting日志信息: 测试结果是：False
2019-01-03 16:53:42,514-ERROR-my_log.py--Ting日志信息: 测试结果是：PASS
2019-01-03 16:53:42,719-ERROR-my_log.py--Ting日志信息: 测试结果是：PASS
2019-01-03 16:53:42,886-ERROR-my_log.py--Ting日志信息: 断言报错啦！，错误原因：'10001' != '20119'
- 10001
+ 20119

2019-01-03 16:53:42,889-ERROR-my_log.py--Ting日志信息: 测试结果是：False
2019-01-03 16:53:43,042-ERROR-my_log.py--Ting日志信息: 断言报错啦！，错误原因：'20104' != '20103'
- 20104
?     ^
+ 20103
?     ^

2019-01-03 16:53:43,046-ERROR-my_log.py--Ting日志信息: 测试结果是：False
2019-01-03 16:53:43,130-ERROR-my_log.py--Ting日志信息: 测试结果是：PASS
2019-01-03 16:53:43,176-ERROR-my_log.py--Ting日志信息: 测试结果是：PASS
2019-01-03 16:53:43,219-ERROR-my_log.py--Ting日志信息: 测试结果是：PASS
2019-01-03 16:53:43,265-ERROR-my_log.py--Ting日志信息: 断言报错啦！，错误原因：'20117' != '20119'
- 20117
?     ^
+ 20119
?     ^

2019-01-03 16:53:43,268-ERROR-my_log.py--Ting日志信息: 测试结果是：False
2019-01-03 16:53:43,322-ERROR-my_log.py--Ting日志信息: 测试结果是：PASS
2019-01-03 16:53:43,361-ERROR-my_log.py--Ting日志信息: 测试结果是：PASS
2019-01-03 16:53:43,427-ERROR-my_log.py--Ting日志信息: 断言报错啦！，错误原因：'10001' != '20119'
- 10001
+ 20119

2019-01-03 16:53:43,430-ERROR-my_log.py--Ting日志信息: 测试结果是：False
2019-01-03 16:53:43,477-ERROR-my_log.py--Ting日志信息: 测试结果是：PASS
2019-01-03 16:54:27,638-ERROR-my_log.py--Ting日志信息: 测试结果是：PASS
2019-01-03 16:54:27,814-ERROR-my_log.py--Ting日志信息: 测试结果是：PASS
2019-01-03 16:54:27,971-ERROR-my_log.py--Ting日志信息: 断言报错啦！，错误原因：'10001' != '20119'
- 10001
+ 20119

2019-01-03 16:54:27,974-ERROR-my_log.py--Ting日志信息: 测试结果是：False
2019-01-03 16:54:28,153-ERROR-my_log.py--Ting日志信息: 断言报错啦！，错误原因：'20104' != '20103'
- 20104
?     ^
+ 20103
?     ^

2019-01-03 16:54:28,156-ERROR-my_log.py--Ting日志信息: 测试结果是：False
2019-01-03 16:54:28,321-ERROR-my_log.py--Ting日志信息: 测试结果是：PASS
2019-01-03 16:54:28,509-ERROR-my_log.py--Ting日志信息: 测试结果是：PASS
2019-01-03 16:54:28,661-ERROR-my_log.py--Ting日志信息: 测试结果是：PASS
2019-01-03 16:54:28,819-ERROR-my_log.py--Ting日志信息: 断言报错啦！，错误原因：'20117' != '20119'
- 20117
?     ^
+ 20119
?     ^

2019-01-03 16:54:28,822-ERROR-my_log.py--Ting日志信息: 测试结果是：False
2019-01-03 16:54:28,981-ERROR-my_log.py--Ting日志信息: 测试结果是：PASS
2019-01-03 16:54:29,173-ERROR-my_log.py--Ting日志信息: 测试结果是：PASS
2019-01-03 16:54:29,337-ERROR-my_log.py--Ting日志信息: 断言报错啦！，错误原因：'10001' != '20119'
- 10001
+ 20119

2019-01-03 16:54:29,340-ERROR-my_log.py--Ting日志信息: 测试结果是：False
2019-01-03 16:54:29,504-ERROR-my_log.py--Ting日志信息: 测试结果是：PASS
2019-01-03 16:55:27,509-ERROR-my_log.py--Ting日志信息: 测试结果是：PASS
2019-01-03 16:55:27,678-ERROR-my_log.py--Ting日志信息: 测试结果是：PASS
2019-01-03 16:55:27,870-ERROR-my_log.py--Ting日志信息: 测试结果是：PASS
2019-01-03 16:55:28,041-ERROR-my_log.py--Ting日志信息: 测试结果是：PASS
2019-01-03 16:55:28,202-ERROR-my_log.py--Ting日志信息: 测试结果是：PASS
2019-01-03 16:55:28,370-ERROR-my_log.py--Ting日志信息: 测试结果是：PASS
2019-01-03 16:55:28,536-ERROR-my_log.py--Ting日志信息: 测试结果是：PASS
2019-01-03 16:55:28,688-ERROR-my_log.py--Ting日志信息: 测试结果是：PASS
2019-01-03 16:55:28,843-ERROR-my_log.py--Ting日志信息: 测试结果是：PASS
2019-01-03 16:55:29,002-ERROR-my_log.py--Ting日志信息: 测试结果是：PASS
2019-01-03 16:55:29,157-ERROR-my_log.py--Ting日志信息: 测试结果是：PASS
2019-01-03 16:55:29,313-ERROR-my_log.py--Ting日志信息: 断言报错啦！，错误原因：'20105' != '20109'
- 20105
?     ^
+ 20109
?     ^

2019-01-03 16:55:29,316-ERROR-my_log.py--Ting日志信息: 测试结果是：False
2019-01-03 16:55:29,481-ERROR-my_log.py--Ting日志信息: 断言报错啦！，错误原因：'20106' != '10001'
- 20106
+ 10001

2019-01-03 16:55:29,492-ERROR-my_log.py--Ting日志信息: 测试结果是：False
2019-01-03 16:55:29,778-ERROR-my_log.py--Ting日志信息: 测试结果是：PASS
2019-01-03 16:55:30,044-ERROR-my_log.py--Ting日志信息: 测试结果是：PASS
2019-01-03 16:55:30,265-ERROR-my_log.py--Ting日志信息: 测试结果是：PASS
2019-01-03 16:55:30,478-ERROR-my_log.py--Ting日志信息: 测试结果是：PASS
2019-01-03 16:55:30,636-ERROR-my_log.py--Ting日志信息: 测试结果是：PASS
2019-01-03 16:55:30,791-ERROR-my_log.py--Ting日志信息: 测试结果是：PASS
2019-01-03 16:56:00,461-ERROR-my_log.py--Ting日志信息: 测试结果是：PASS
2019-01-03 16:56:00,657-ERROR-my_log.py--Ting日志信息: 测试结果是：PASS
2019-01-03 16:56:00,835-ERROR-my_log.py--Ting日志信息: 测试结果是：PASS
2019-01-03 16:56:01,001-ERROR-my_log.py--Ting日志信息: 测试结果是：PASS
2019-01-03 16:56:01,162-ERROR-my_log.py--Ting日志信息: 测试结果是：PASS
2019-01-03 16:56:01,329-ERROR-my_log.py--Ting日志信息: 测试结果是：PASS
2019-01-03 16:56:01,487-ERROR-my_log.py--Ting日志信息: 测试结果是：PASS
2019-01-03 16:56:01,645-ERROR-my_log.py--Ting日志信息: 测试结果是：PASS
2019-01-03 16:56:01,798-ERROR-my_log.py--Ting日志信息: 测试结果是：PASS
2019-01-03 16:56:01,963-ERROR-my_log.py--Ting日志信息: 测试结果是：PASS
2019-01-03 16:56:02,129-ERROR-my_log.py--Ting日志信息: 测试结果是：PASS
2019-01-03 16:56:02,282-ERROR-my_log.py--Ting日志信息: 断言报错啦！，错误原因：'20105' != '20109'
- 20105
?     ^
+ 20109
?     ^

2019-01-03 16:56:02,286-ERROR-my_log.py--Ting日志信息: 测试结果是：False
2019-01-03 16:56:02,471-ERROR-my_log.py--Ting日志信息: 断言报错啦！，错误原因：'20106' != '10001'
- 20106
+ 10001

2019-01-03 16:56:02,474-ERROR-my_log.py--Ting日志信息: 测试结果是：False
2019-01-03 16:56:02,653-ERROR-my_log.py--Ting日志信息: 测试结果是：PASS
2019-01-03 16:56:02,868-ERROR-my_log.py--Ting日志信息: 测试结果是：PASS
2019-01-03 16:56:03,044-ERROR-my_log.py--Ting日志信息: 测试结果是：PASS
2019-01-03 16:56:03,234-ERROR-my_log.py--Ting日志信息: 测试结果是：PASS
2019-01-03 16:56:03,399-ERROR-my_log.py--Ting日志信息: 测试结果是：PASS
2019-01-03 16:56:03,559-ERROR-my_log.py--Ting日志信息: 测试结果是：PASS
2019-01-03 17:05:53,632-ERROR-my_log.py--Ting日志信息: 断言报错啦！，错误原因：'10001' != None
2019-01-03 17:05:53,635-ERROR-my_log.py--Ting日志信息: 测试结果是：False
2019-01-03 17:05:53,807-ERROR-my_log.py--Ting日志信息: 断言报错啦！，错误原因：'20103' != None
2019-01-03 17:05:53,810-ERROR-my_log.py--Ting日志信息: 测试结果是：False
2019-01-03 17:05:54,039-ERROR-my_log.py--Ting日志信息: 断言报错啦！，错误原因：'20103' != None
2019-01-03 17:05:54,041-ERROR-my_log.py--Ting日志信息: 测试结果是：False
2019-01-03 17:05:54,216-ERROR-my_log.py--Ting日志信息: 断言报错啦！，错误原因：'20103' != None
2019-01-03 17:05:54,219-ERROR-my_log.py--Ting日志信息: 测试结果是：False
2019-01-03 17:05:54,383-ERROR-my_log.py--Ting日志信息: 断言报错啦！，错误原因：'20103' != None
2019-01-03 17:05:54,386-ERROR-my_log.py--Ting日志信息: 测试结果是：False
2019-01-03 17:05:54,570-ERROR-my_log.py--Ting日志信息: 断言报错啦！，错误原因：'20103' != None
2019-01-03 17:05:54,573-ERROR-my_log.py--Ting日志信息: 测试结果是：False
2019-01-03 17:05:54,738-ERROR-my_log.py--Ting日志信息: 断言报错啦！，错误原因：'20103' != None
2019-01-03 17:05:54,741-ERROR-my_log.py--Ting日志信息: 测试结果是：False
2019-01-03 17:05:54,911-ERROR-my_log.py--Ting日志信息: 断言报错啦！，错误原因：'20103' != None
2019-01-03 17:05:54,913-ERROR-my_log.py--Ting日志信息: 测试结果是：False
2019-01-03 17:05:55,082-ERROR-my_log.py--Ting日志信息: 断言报错啦！，错误原因：'20103' != None
2019-01-03 17:05:55,085-ERROR-my_log.py--Ting日志信息: 测试结果是：False
2019-01-03 17:05:55,261-ERROR-my_log.py--Ting日志信息: 断言报错啦！，错误原因：'20104' != None
2019-01-03 17:05:55,264-ERROR-my_log.py--Ting日志信息: 测试结果是：False
2019-01-03 17:05:55,431-ERROR-my_log.py--Ting日志信息: 断言报错啦！，错误原因：'20105' != None
2019-01-03 17:05:55,434-ERROR-my_log.py--Ting日志信息: 测试结果是：False
2019-01-03 17:05:55,610-ERROR-my_log.py--Ting日志信息: 断言报错啦！，错误原因：'20106' != None
2019-01-03 17:05:55,613-ERROR-my_log.py--Ting日志信息: 测试结果是：False
2019-01-03 17:05:55,783-ERROR-my_log.py--Ting日志信息: 断言报错啦！，错误原因：'20106' != None
2019-01-03 17:05:55,785-ERROR-my_log.py--Ting日志信息: 测试结果是：False
2019-01-03 17:05:55,964-ERROR-my_log.py--Ting日志信息: 断言报错啦！，错误原因：'20106' != None
2019-01-03 17:05:55,967-ERROR-my_log.py--Ting日志信息: 测试结果是：False
2019-01-03 17:05:56,130-ERROR-my_log.py--Ting日志信息: 断言报错啦！，错误原因：'20107' != None
2019-01-03 17:05:56,134-ERROR-my_log.py--Ting日志信息: 测试结果是：False
2019-01-03 17:05:56,303-ERROR-my_log.py--Ting日志信息: 断言报错啦！，错误原因：'20107' != None
2019-01-03 17:05:56,305-ERROR-my_log.py--Ting日志信息: 测试结果是：False
2019-01-03 17:05:56,521-ERROR-my_log.py--Ting日志信息: 断言报错啦！，错误原因：'20108' != None
2019-01-03 17:05:56,526-ERROR-my_log.py--Ting日志信息: 测试结果是：False
2019-01-03 17:05:56,773-ERROR-my_log.py--Ting日志信息: 断言报错啦！，错误原因：'20109' != None
2019-01-03 17:05:56,776-ERROR-my_log.py--Ting日志信息: 测试结果是：False
2019-01-03 17:06:19,279-ERROR-my_log.py--Ting日志信息: 测试结果是：PASS
2019-01-03 17:06:19,456-ERROR-my_log.py--Ting日志信息: 测试结果是：PASS
2019-01-03 17:06:19,631-ERROR-my_log.py--Ting日志信息: 测试结果是：PASS
2019-01-03 17:06:19,781-ERROR-my_log.py--Ting日志信息: 测试结果是：PASS
2019-01-03 17:06:19,941-ERROR-my_log.py--Ting日志信息: 测试结果是：PASS
2019-01-03 17:06:20,100-ERROR-my_log.py--Ting日志信息: 测试结果是：PASS
2019-01-03 17:06:20,249-ERROR-my_log.py--Ting日志信息: 测试结果是：PASS
2019-01-03 17:06:20,398-ERROR-my_log.py--Ting日志信息: 测试结果是：PASS
2019-01-03 17:06:20,567-ERROR-my_log.py--Ting日志信息: 测试结果是：PASS
2019-01-03 17:06:20,722-ERROR-my_log.py--Ting日志信息: 测试结果是：PASS
2019-01-03 17:06:20,893-ERROR-my_log.py--Ting日志信息: 测试结果是：PASS
2019-01-03 17:06:21,047-ERROR-my_log.py--Ting日志信息: 断言报错啦！，错误原因：'20105' != '20109'
- 20105
?     ^
+ 20109
?     ^

2019-01-03 17:06:21,050-ERROR-my_log.py--Ting日志信息: 测试结果是：False
2019-01-03 17:06:21,215-ERROR-my_log.py--Ting日志信息: 断言报错啦！，错误原因：'20106' != '10001'
- 20106
+ 10001

2019-01-03 17:06:21,218-ERROR-my_log.py--Ting日志信息: 测试结果是：False
2019-01-03 17:06:21,391-ERROR-my_log.py--Ting日志信息: 测试结果是：PASS
2019-01-03 17:06:21,551-ERROR-my_log.py--Ting日志信息: 测试结果是：PASS
2019-01-03 17:06:21,709-ERROR-my_log.py--Ting日志信息: 测试结果是：PASS
2019-01-03 17:06:21,865-ERROR-my_log.py--Ting日志信息: 测试结果是：PASS
2019-01-03 17:06:22,020-ERROR-my_log.py--Ting日志信息: 测试结果是：PASS
2019-01-03 17:06:22,176-ERROR-my_log.py--Ting日志信息: 测试结果是：PASS
2019-01-03 17:09:08,581-ERROR-my_log.py--Ting日志信息: 测试结果是：PASS
2019-01-03 17:09:08,751-ERROR-my_log.py--Ting日志信息: 测试结果是：PASS
2019-01-03 17:09:08,929-ERROR-my_log.py--Ting日志信息: 测试结果是：PASS
2019-01-03 17:09:09,088-ERROR-my_log.py--Ting日志信息: 测试结果是：PASS
2019-01-03 17:09:09,250-ERROR-my_log.py--Ting日志信息: 测试结果是：PASS
2019-01-03 17:09:09,410-ERROR-my_log.py--Ting日志信息: 测试结果是：PASS
2019-01-03 17:09:09,563-ERROR-my_log.py--Ting日志信息: 测试结果是：PASS
2019-01-03 17:09:09,716-ERROR-my_log.py--Ting日志信息: 测试结果是：PASS
2019-01-03 17:09:09,872-ERROR-my_log.py--Ting日志信息: 测试结果是：PASS
2019-01-03 17:09:10,045-ERROR-my_log.py--Ting日志信息: 测试结果是：PASS
2019-01-03 17:09:10,229-ERROR-my_log.py--Ting日志信息: 测试结果是：PASS
2019-01-03 17:09:10,390-ERROR-my_log.py--Ting日志信息: 断言报错啦！，错误原因：'20105' != '20109'
- 20105
?     ^
+ 20109
?     ^

2019-01-03 17:09:10,394-ERROR-my_log.py--Ting日志信息: 测试结果是：False
2019-01-03 17:09:10,615-ERROR-my_log.py--Ting日志信息: 断言报错啦！，错误原因：'20106' != '10001'
- 20106
+ 10001

2019-01-03 17:09:10,619-ERROR-my_log.py--Ting日志信息: 测试结果是：False
2019-01-03 17:09:10,818-ERROR-my_log.py--Ting日志信息: 测试结果是：PASS
2019-01-03 17:09:10,981-ERROR-my_log.py--Ting日志信息: 测试结果是：PASS
2019-01-03 17:09:11,142-ERROR-my_log.py--Ting日志信息: 测试结果是：PASS
2019-01-03 17:09:11,307-ERROR-my_log.py--Ting日志信息: 测试结果是：PASS
2019-01-03 17:09:11,459-ERROR-my_log.py--Ting日志信息: 测试结果是：PASS
2019-01-03 17:09:11,616-ERROR-my_log.py--Ting日志信息: 测试结果是：PASS
2019-01-03 17:10:33,253-ERROR-my_log.py--Ting日志信息: 测试结果是：PASS
2019-01-03 17:10:33,771-ERROR-my_log.py--Ting日志信息: 测试结果是：PASS
2019-01-03 17:12:24,462-ERROR-my_log.py--Ting日志信息: 测试结果是：PASS
2019-01-03 17:12:24,850-ERROR-my_log.py--Ting日志信息: 测试结果是：PASS
2019-01-03 17:14:01,156-ERROR-my_log.py--Ting日志信息: 测试结果是：PASS
2019-01-03 17:14:01,662-ERROR-my_log.py--Ting日志信息: 测试结果是：PASS
2019-01-03 17:15:00,436-ERROR-my_log.py--Ting日志信息: 测试结果是：PASS
2019-01-03 17:15:00,676-ERROR-my_log.py--Ting日志信息: 测试结果是：PASS
2019-01-03 17:15:00,953-ERROR-my_log.py--Ting日志信息: 测试结果是：PASS
2019-01-03 17:15:01,132-ERROR-my_log.py--Ting日志信息: 测试结果是：PASS
2019-01-03 17:15:01,287-ERROR-my_log.py--Ting日志信息: 测试结果是：PASS
2019-01-03 17:15:01,437-ERROR-my_log.py--Ting日志信息: 测试结果是：PASS
2019-01-03 17:15:01,588-ERROR-my_log.py--Ting日志信息: 测试结果是：PASS
2019-01-03 17:15:01,738-ERROR-my_log.py--Ting日志信息: 测试结果是：PASS
2019-01-03 17:15:01,898-ERROR-my_log.py--Ting日志信息: 测试结果是：PASS
2019-01-03 17:15:02,051-ERROR-my_log.py--Ting日志信息: 测试结果是：PASS
2019-01-03 17:15:02,238-ERROR-my_log.py--Ting日志信息: 测试结果是：PASS
2019-01-03 17:15:02,393-ERROR-my_log.py--Ting日志信息: 断言报错啦！，错误原因：'20105' != '20109'
- 20105
?     ^
+ 20109
?     ^

2019-01-03 17:15:02,397-ERROR-my_log.py--Ting日志信息: 测试结果是：False
2019-01-03 17:15:02,574-ERROR-my_log.py--Ting日志信息: 断言报错啦！，错误原因：'20106' != '10001'
- 20106
+ 10001

2019-01-03 17:15:02,577-ERROR-my_log.py--Ting日志信息: 测试结果是：False
2019-01-03 17:15:02,752-ERROR-my_log.py--Ting日志信息: 测试结果是：PASS
2019-01-03 17:15:02,919-ERROR-my_log.py--Ting日志信息: 测试结果是：PASS
2019-01-03 17:15:03,074-ERROR-my_log.py--Ting日志信息: 测试结果是：PASS
2019-01-03 17:15:03,235-ERROR-my_log.py--Ting日志信息: 测试结果是：PASS
2019-01-03 17:15:03,405-ERROR-my_log.py--Ting日志信息: 测试结果是：PASS
2019-01-03 17:15:03,566-ERROR-my_log.py--Ting日志信息: 测试结果是：PASS
2019-01-03 17:15:26,440-ERROR-my_log.py--Ting日志信息: 测试结果是：PASS
2019-01-03 17:15:26,617-ERROR-my_log.py--Ting日志信息: 测试结果是：PASS
2019-01-03 17:15:26,782-ERROR-my_log.py--Ting日志信息: 测试结果是：PASS
2019-01-03 17:15:26,937-ERROR-my_log.py--Ting日志信息: 测试结果是：PASS
2019-01-03 17:15:27,095-ERROR-my_log.py--Ting日志信息: 测试结果是：PASS
2019-01-03 17:15:27,256-ERROR-my_log.py--Ting日志信息: 测试结果是：PASS
2019-01-03 17:15:27,417-ERROR-my_log.py--Ting日志信息: 测试结果是：PASS
2019-01-03 17:15:27,565-ERROR-my_log.py--Ting日志信息: 测试结果是：PASS
2019-01-03 17:15:27,720-ERROR-my_log.py--Ting日志信息: 测试结果是：PASS
2019-01-03 17:15:27,900-ERROR-my_log.py--Ting日志信息: 测试结果是：PASS
2019-01-03 17:15:28,141-ERROR-my_log.py--Ting日志信息: 测试结果是：PASS
2019-01-03 17:15:28,396-ERROR-my_log.py--Ting日志信息: 断言报错啦！，错误原因：'20105' != '20109'
- 20105
?     ^
+ 20109
?     ^

2019-01-03 17:15:28,399-ERROR-my_log.py--Ting日志信息: 测试结果是：False
2019-01-03 17:15:28,581-ERROR-my_log.py--Ting日志信息: 断言报错啦！，错误原因：'20106' != '10001'
- 20106
+ 10001

2019-01-03 17:15:28,584-ERROR-my_log.py--Ting日志信息: 测试结果是：False
2019-01-03 17:15:28,749-ERROR-my_log.py--Ting日志信息: 测试结果是：PASS
2019-01-03 17:15:28,906-ERROR-my_log.py--Ting日志信息: 测试结果是：PASS
2019-01-03 17:15:29,062-ERROR-my_log.py--Ting日志信息: 测试结果是：PASS
2019-01-03 17:15:29,225-ERROR-my_log.py--Ting日志信息: 测试结果是：PASS
2019-01-03 17:15:29,386-ERROR-my_log.py--Ting日志信息: 测试结果是：PASS
2019-01-03 17:15:29,543-ERROR-my_log.py--Ting日志信息: 测试结果是：PASS
