2019-01-02 15:31:26,162-ERROR-my_log.py--Ting日志信息: 这是一条error日志
2019-01-02 15:31:26,169-ERROR-my_log.py--Ting日志信息: 这是一4条error日志
2019-01-02 15:34:50,126-ERROR-my_log.py--Ting日志信息: 这是一条error日志
2019-01-02 15:34:50,133-ERROR-my_log.py--Ting日志信息: 这是一4条error日志
2019-01-02 15:38:27,947-ERROR-my_log.py--Ting日志信息: 这是一条error日志
2019-01-02 15:38:27,954-ERROR-my_log.py--Ting日志信息: 这是一4条error日志
2019-01-02 17:31:10,076-ERROR-my_log.py--Ting日志信息: 测试结果是：PASS
2019-01-02 17:31:10,435-ERROR-my_log.py--Ting日志信息: 测试结果是：PASS
2019-01-02 17:31:10,621-ERROR-my_log.py--Ting日志信息: 投标金额=200
2019-01-02 17:31:10,825-ERROR-my_log.py--Ting日志信息: 测试结果是：PASS
2019-01-02 17:31:11,059-ERROR-my_log.py--Ting日志信息: 测试结果是：PASS
2019-01-02 17:31:11,234-ERROR-my_log.py--Ting日志信息: 测试结果是：PASS
2019-01-02 17:31:11,477-ERROR-my_log.py--Ting日志信息: 测试结果是：PASS
2019-01-02 17:31:11,736-ERROR-my_log.py--Ting日志信息: 测试结果是：PASS
2019-01-02 17:31:11,972-ERROR-my_log.py--Ting日志信息: 测试结果是：PASS
2019-01-02 17:31:12,178-ERROR-my_log.py--Ting日志信息: 测试结果是：PASS
2019-01-02 17:31:12,390-ERROR-my_log.py--Ting日志信息: 测试结果是：PASS
2019-01-02 17:31:12,567-ERROR-my_log.py--Ting日志信息: 测试结果是：PASS
2019-01-02 17:31:12,777-ERROR-my_log.py--Ting日志信息: 测试结果是：PASS
2019-01-02 17:31:13,081-ERROR-my_log.py--Ting日志信息: 测试结果是：PASS
2019-01-02 17:31:13,274-ERROR-my_log.py--Ting日志信息: 断言报错啦！，错误原因：'11012' != '10001'
- 11012
+ 10001

2019-01-02 17:31:13,277-ERROR-my_log.py--Ting日志信息: 测试结果是：False
2019-01-02 17:31:13,391-ERROR-my_log.py--Ting日志信息: 投标金额=9000000
2019-01-02 17:31:13,489-ERROR-my_log.py--Ting日志信息: 测试结果是：PASS
2019-01-02 17:31:13,752-ERROR-my_log.py--Ting日志信息: 断言报错啦！，错误原因：'20119' != '11007'
- 20119
+ 11007

2019-01-02 17:31:13,754-ERROR-my_log.py--Ting日志信息: 测试结果是：False
2019-01-02 17:31:13,947-ERROR-my_log.py--Ting日志信息: 断言报错啦！，错误原因：'11011' != '11010'
- 11011
?     ^
+ 11010
?     ^

2019-01-02 17:31:13,950-ERROR-my_log.py--Ting日志信息: 测试结果是：False
2019-01-02 18:01:11,516-ERROR-my_log.py--Ting日志信息: 测试结果是：PASS
2019-01-02 18:01:11,628-ERROR-my_log.py--Ting日志信息: 充值金额= 0
2019-01-02 18:01:11,632-ERROR-my_log.py--Ting日志信息: 用户实际余额=-9000176.24
2019-01-02 18:01:11,645-ERROR-my_log.py--Ting日志信息: 账户余额正确！
2019-01-02 18:01:11,744-ERROR-my_log.py--Ting日志信息: 测试结果是：PASS
2019-01-02 18:01:11,863-ERROR-my_log.py--Ting日志信息: 充值金额=2000
2019-01-02 18:01:11,865-ERROR-my_log.py--Ting日志信息: 用户实际余额=-8998176.24
2019-01-02 18:01:11,877-ERROR-my_log.py--Ting日志信息: 账户余额正确！
2019-01-02 18:01:11,917-ERROR-my_log.py--Ting日志信息: 测试结果是：PASS
2019-01-02 18:01:12,028-ERROR-my_log.py--Ting日志信息: 充值金额= 0
2019-01-02 18:01:12,031-ERROR-my_log.py--Ting日志信息: 用户实际余额=-8998176.24
2019-01-02 18:01:12,044-ERROR-my_log.py--Ting日志信息: 账户余额正确！
2019-01-02 18:01:12,084-ERROR-my_log.py--Ting日志信息: 测试结果是：PASS
2019-01-02 18:01:12,199-ERROR-my_log.py--Ting日志信息: 充值金额= 0
2019-01-02 18:01:12,201-ERROR-my_log.py--Ting日志信息: 用户实际余额=-8998176.24
2019-01-02 18:01:12,214-ERROR-my_log.py--Ting日志信息: 账户余额正确！
2019-01-02 18:01:12,279-ERROR-my_log.py--Ting日志信息: 断言报错啦！，错误原因：'20109' != '10001'
- 20109
+ 10001

2019-01-02 18:01:12,281-ERROR-my_log.py--Ting日志信息: 测试结果是：False
2019-01-02 18:01:12,395-ERROR-my_log.py--Ting日志信息: 充值金额=100
2019-01-02 18:01:12,398-ERROR-my_log.py--Ting日志信息: 用户实际余额=-8998176.24
2019-01-02 18:01:12,412-ERROR-my_log.py--Ting日志信息: 数据库账户余额不等于实际余额，错误原因:-8998076.24 != -8998176.24
2019-01-02 18:01:12,463-ERROR-my_log.py--Ting日志信息: 数据库账户余额-8998076.24，实际余额应为-8998176.24
2019-01-02 18:01:12,521-ERROR-my_log.py--Ting日志信息: 断言报错啦！，错误原因：'20117' != '10001'
- 20117
+ 10001

2019-01-02 18:01:12,524-ERROR-my_log.py--Ting日志信息: 测试结果是：False
2019-01-02 18:01:12,684-ERROR-my_log.py--Ting日志信息: 充值金额=0
2019-01-02 18:01:12,687-ERROR-my_log.py--Ting日志信息: 用户实际余额=-8998076.24
2019-01-02 18:01:12,701-ERROR-my_log.py--Ting日志信息: 账户余额正确！
2019-01-02 18:01:12,744-ERROR-my_log.py--Ting日志信息: 测试结果是：PASS
2019-01-02 18:01:12,857-ERROR-my_log.py--Ting日志信息: 充值金额= 0
2019-01-02 18:01:12,860-ERROR-my_log.py--Ting日志信息: 用户实际余额=-8998076.24
2019-01-02 18:01:12,876-ERROR-my_log.py--Ting日志信息: 账户余额正确！
2019-01-02 18:01:12,926-ERROR-my_log.py--Ting日志信息: 测试结果是：PASS
2019-01-02 18:01:13,065-ERROR-my_log.py--Ting日志信息: 充值金额= 0
2019-01-02 18:01:13,068-ERROR-my_log.py--Ting日志信息: 用户实际余额=-8998076.24
2019-01-02 18:01:13,080-ERROR-my_log.py--Ting日志信息: 账户余额正确！
2019-01-02 18:01:13,143-ERROR-my_log.py--Ting日志信息: 测试结果是：PASS
2019-01-02 18:01:13,272-ERROR-my_log.py--Ting日志信息: 充值金额=100.88
2019-01-02 18:01:13,276-ERROR-my_log.py--Ting日志信息: 用户实际余额=-8997975.36
2019-01-02 18:01:13,291-ERROR-my_log.py--Ting日志信息: 账户余额正确！
2019-01-02 18:01:13,334-ERROR-my_log.py--Ting日志信息: 测试结果是：PASS
2019-01-02 18:01:13,455-ERROR-my_log.py--Ting日志信息: 充值金额= 0
2019-01-02 18:01:13,458-ERROR-my_log.py--Ting日志信息: 用户实际余额=-8997975.36
2019-01-02 18:01:13,471-ERROR-my_log.py--Ting日志信息: 账户余额正确！
2019-01-02 18:02:35,565-ERROR-my_log.py--Ting日志信息: 测试结果是：PASS
2019-01-02 18:02:35,760-ERROR-my_log.py--Ting日志信息: 测试结果是：PASS
2019-01-02 18:02:35,874-ERROR-my_log.py--Ting日志信息: 投标金额=200
2019-01-02 18:02:35,933-ERROR-my_log.py--Ting日志信息: 测试结果是：PASS
2019-01-02 18:02:36,102-ERROR-my_log.py--Ting日志信息: 测试结果是：PASS
2019-01-02 18:02:36,275-ERROR-my_log.py--Ting日志信息: 测试结果是：PASS
2019-01-02 18:02:36,438-ERROR-my_log.py--Ting日志信息: 测试结果是：PASS
2019-01-02 18:02:36,640-ERROR-my_log.py--Ting日志信息: 测试结果是：PASS
2019-01-02 18:02:36,882-ERROR-my_log.py--Ting日志信息: 测试结果是：PASS
2019-01-02 18:02:37,058-ERROR-my_log.py--Ting日志信息: 测试结果是：PASS
2019-01-02 18:02:37,254-ERROR-my_log.py--Ting日志信息: 测试结果是：PASS
2019-01-02 18:02:37,463-ERROR-my_log.py--Ting日志信息: 测试结果是：PASS
2019-01-02 18:02:37,660-ERROR-my_log.py--Ting日志信息: 测试结果是：PASS
2019-01-02 18:02:37,872-ERROR-my_log.py--Ting日志信息: 测试结果是：PASS
2019-01-02 18:02:38,119-ERROR-my_log.py--Ting日志信息: 断言报错啦！，错误原因：'11012' != '10001'
- 11012
+ 10001

2019-01-02 18:02:38,121-ERROR-my_log.py--Ting日志信息: 测试结果是：False
2019-01-02 18:02:38,266-ERROR-my_log.py--Ting日志信息: 投标金额=9000000
2019-01-02 18:02:38,331-ERROR-my_log.py--Ting日志信息: 测试结果是：PASS
2019-01-02 18:02:38,532-ERROR-my_log.py--Ting日志信息: 断言报错啦！，错误原因：'20119' != '11007'
- 20119
+ 11007

2019-01-02 18:02:38,534-ERROR-my_log.py--Ting日志信息: 测试结果是：False
2019-01-02 18:02:38,787-ERROR-my_log.py--Ting日志信息: 断言报错啦！，错误原因：'11011' != '11010'
- 11011
?     ^
+ 11010
?     ^

2019-01-02 18:02:38,790-ERROR-my_log.py--Ting日志信息: 测试结果是：False
2019-01-02 18:02:39,855-ERROR-my_log.py--Ting日志信息: 测试结果是：PASS
2019-01-02 18:02:39,968-ERROR-my_log.py--Ting日志信息: 充值金额= 0
2019-01-02 18:02:39,970-ERROR-my_log.py--Ting日志信息: 用户实际余额=-17998175.36
2019-01-02 18:02:39,983-ERROR-my_log.py--Ting日志信息: 账户余额正确！
2019-01-02 18:02:40,046-ERROR-my_log.py--Ting日志信息: 测试结果是：PASS
2019-01-02 18:02:40,158-ERROR-my_log.py--Ting日志信息: 充值金额=2000
2019-01-02 18:02:40,161-ERROR-my_log.py--Ting日志信息: 用户实际余额=-17996175.36
2019-01-02 18:02:40,174-ERROR-my_log.py--Ting日志信息: 账户余额正确！
2019-01-02 18:02:40,231-ERROR-my_log.py--Ting日志信息: 测试结果是：PASS
2019-01-02 18:02:40,342-ERROR-my_log.py--Ting日志信息: 充值金额= 0
2019-01-02 18:02:40,345-ERROR-my_log.py--Ting日志信息: 用户实际余额=-17996175.36
2019-01-02 18:02:40,358-ERROR-my_log.py--Ting日志信息: 账户余额正确！
2019-01-02 18:02:40,399-ERROR-my_log.py--Ting日志信息: 测试结果是：PASS
2019-01-02 18:02:40,511-ERROR-my_log.py--Ting日志信息: 充值金额= 0
2019-01-02 18:02:40,515-ERROR-my_log.py--Ting日志信息: 用户实际余额=-17996175.36
2019-01-02 18:02:40,527-ERROR-my_log.py--Ting日志信息: 账户余额正确！
2019-01-02 18:02:40,588-ERROR-my_log.py--Ting日志信息: 断言报错啦！，错误原因：'20109' != '10001'
- 20109
+ 10001

2019-01-02 18:02:40,590-ERROR-my_log.py--Ting日志信息: 测试结果是：False
2019-01-02 18:02:40,704-ERROR-my_log.py--Ting日志信息: 充值金额=100
2019-01-02 18:02:40,712-ERROR-my_log.py--Ting日志信息: 用户实际余额=-17996175.36
2019-01-02 18:02:40,726-ERROR-my_log.py--Ting日志信息: 数据库账户余额不等于实际余额，错误原因:-17996075.36 != -17996175.36
2019-01-02 18:02:40,786-ERROR-my_log.py--Ting日志信息: 数据库账户余额-17996075.36，实际余额应为-17996175.36
2019-01-02 18:02:40,850-ERROR-my_log.py--Ting日志信息: 断言报错啦！，错误原因：'20117' != '10001'
- 20117
+ 10001

2019-01-02 18:02:40,853-ERROR-my_log.py--Ting日志信息: 测试结果是：False
2019-01-02 18:02:40,975-ERROR-my_log.py--Ting日志信息: 充值金额=0
2019-01-02 18:02:40,978-ERROR-my_log.py--Ting日志信息: 用户实际余额=-17996075.36
2019-01-02 18:02:41,002-ERROR-my_log.py--Ting日志信息: 账户余额正确！
2019-01-02 18:02:41,049-ERROR-my_log.py--Ting日志信息: 测试结果是：PASS
2019-01-02 18:02:41,160-ERROR-my_log.py--Ting日志信息: 充值金额= 0
2019-01-02 18:02:41,163-ERROR-my_log.py--Ting日志信息: 用户实际余额=-17996075.36
2019-01-02 18:02:41,175-ERROR-my_log.py--Ting日志信息: 账户余额正确！
2019-01-02 18:02:41,218-ERROR-my_log.py--Ting日志信息: 测试结果是：PASS
2019-01-02 18:02:41,360-ERROR-my_log.py--Ting日志信息: 充值金额= 0
2019-01-02 18:02:41,363-ERROR-my_log.py--Ting日志信息: 用户实际余额=-17996075.36
2019-01-02 18:02:41,376-ERROR-my_log.py--Ting日志信息: 账户余额正确！
2019-01-02 18:02:41,441-ERROR-my_log.py--Ting日志信息: 测试结果是：PASS
2019-01-02 18:02:41,600-ERROR-my_log.py--Ting日志信息: 充值金额=100.88
2019-01-02 18:02:41,603-ERROR-my_log.py--Ting日志信息: 用户实际余额=-17995974.48
2019-01-02 18:02:41,615-ERROR-my_log.py--Ting日志信息: 账户余额正确！
2019-01-02 18:02:41,661-ERROR-my_log.py--Ting日志信息: 测试结果是：PASS
2019-01-02 18:02:41,778-ERROR-my_log.py--Ting日志信息: 充值金额= 0
2019-01-02 18:02:41,780-ERROR-my_log.py--Ting日志信息: 用户实际余额=-17995974.48
2019-01-02 18:02:41,793-ERROR-my_log.py--Ting日志信息: 账户余额正确！
2019-01-02 18:04:51,776-ERROR-my_log.py--Ting日志信息: 测试结果是：PASS
2019-01-02 18:04:51,995-ERROR-my_log.py--Ting日志信息: 测试结果是：PASS
2019-01-02 18:04:52,131-ERROR-my_log.py--Ting日志信息: 投标金额=200
2019-01-02 18:04:52,192-ERROR-my_log.py--Ting日志信息: 测试结果是：PASS
2019-01-02 18:04:52,441-ERROR-my_log.py--Ting日志信息: 测试结果是：PASS
2019-01-02 18:04:52,763-ERROR-my_log.py--Ting日志信息: 测试结果是：PASS
2019-01-02 18:04:52,953-ERROR-my_log.py--Ting日志信息: 测试结果是：PASS
2019-01-02 18:04:53,125-ERROR-my_log.py--Ting日志信息: 测试结果是：PASS
2019-01-02 18:04:53,287-ERROR-my_log.py--Ting日志信息: 测试结果是：PASS
2019-01-02 18:04:53,457-ERROR-my_log.py--Ting日志信息: 测试结果是：PASS
2019-01-02 18:04:53,633-ERROR-my_log.py--Ting日志信息: 测试结果是：PASS
2019-01-02 18:04:53,798-ERROR-my_log.py--Ting日志信息: 测试结果是：PASS
2019-01-02 18:04:53,969-ERROR-my_log.py--Ting日志信息: 测试结果是：PASS
2019-01-02 18:04:54,133-ERROR-my_log.py--Ting日志信息: 测试结果是：PASS
2019-01-02 18:04:54,336-ERROR-my_log.py--Ting日志信息: 断言报错啦！，错误原因：'11012' != '10001'
- 11012
+ 10001

2019-01-02 18:04:54,339-ERROR-my_log.py--Ting日志信息: 测试结果是：False
2019-01-02 18:04:54,466-ERROR-my_log.py--Ting日志信息: 投标金额=9000000
2019-01-02 18:04:54,522-ERROR-my_log.py--Ting日志信息: 测试结果是：PASS
2019-01-02 18:04:54,700-ERROR-my_log.py--Ting日志信息: 断言报错啦！，错误原因：'20119' != '11007'
- 20119
+ 11007

2019-01-02 18:04:54,703-ERROR-my_log.py--Ting日志信息: 测试结果是：False
2019-01-02 18:04:54,891-ERROR-my_log.py--Ting日志信息: 断言报错啦！，错误原因：'11011' != '11010'
- 11011
?     ^
+ 11010
?     ^

2019-01-02 18:04:54,894-ERROR-my_log.py--Ting日志信息: 测试结果是：False
2019-01-02 18:04:55,942-ERROR-my_log.py--Ting日志信息: 测试结果是：PASS
2019-01-02 18:04:56,119-ERROR-my_log.py--Ting日志信息: 测试结果是：PASS
2019-01-02 18:04:56,279-ERROR-my_log.py--Ting日志信息: 测试结果是：PASS
2019-01-02 18:04:56,439-ERROR-my_log.py--Ting日志信息: 测试结果是：PASS
2019-01-02 18:04:56,622-ERROR-my_log.py--Ting日志信息: 断言报错啦！，错误原因：'20109' != '10001'
- 20109
+ 10001

2019-01-02 18:04:56,624-ERROR-my_log.py--Ting日志信息: 测试结果是：False
2019-01-02 18:04:56,787-ERROR-my_log.py--Ting日志信息: 断言报错啦！，错误原因：'20117' != '10001'
- 20117
+ 10001

2019-01-02 18:04:56,790-ERROR-my_log.py--Ting日志信息: 测试结果是：False
2019-01-02 18:04:56,944-ERROR-my_log.py--Ting日志信息: 测试结果是：PASS
2019-01-02 18:04:57,099-ERROR-my_log.py--Ting日志信息: 测试结果是：PASS
2019-01-02 18:04:57,267-ERROR-my_log.py--Ting日志信息: 测试结果是：PASS
2019-01-02 18:04:57,472-ERROR-my_log.py--Ting日志信息: 测试结果是：PASS
2019-01-02 18:05:44,675-ERROR-my_log.py--Ting日志信息: 测试结果是：PASS
2019-01-02 18:05:44,978-ERROR-my_log.py--Ting日志信息: 测试结果是：PASS
2019-01-02 18:05:45,112-ERROR-my_log.py--Ting日志信息: 投标金额=200
2019-01-02 18:05:45,350-ERROR-my_log.py--Ting日志信息: 测试结果是：PASS
2019-01-02 18:05:45,642-ERROR-my_log.py--Ting日志信息: 测试结果是：PASS
2019-01-02 18:05:45,842-ERROR-my_log.py--Ting日志信息: 测试结果是：PASS
2019-01-02 18:05:46,002-ERROR-my_log.py--Ting日志信息: 测试结果是：PASS
2019-01-02 18:05:46,179-ERROR-my_log.py--Ting日志信息: 测试结果是：PASS
2019-01-02 18:05:46,364-ERROR-my_log.py--Ting日志信息: 测试结果是：PASS
2019-01-02 18:05:46,531-ERROR-my_log.py--Ting日志信息: 测试结果是：PASS
2019-01-02 18:05:48,007-ERROR-my_log.py--Ting日志信息: 测试结果是：PASS
2019-01-02 18:05:48,181-ERROR-my_log.py--Ting日志信息: 测试结果是：PASS
2019-01-02 18:05:48,363-ERROR-my_log.py--Ting日志信息: 测试结果是：PASS
2019-01-02 18:05:48,524-ERROR-my_log.py--Ting日志信息: 测试结果是：PASS
2019-01-02 18:05:48,718-ERROR-my_log.py--Ting日志信息: 断言报错啦！，错误原因：'11012' != '10001'
- 11012
+ 10001

2019-01-02 18:05:48,720-ERROR-my_log.py--Ting日志信息: 测试结果是：False
2019-01-02 18:05:48,835-ERROR-my_log.py--Ting日志信息: 投标金额=9000000
2019-01-02 18:05:48,891-ERROR-my_log.py--Ting日志信息: 测试结果是：PASS
2019-01-02 18:05:49,062-ERROR-my_log.py--Ting日志信息: 断言报错啦！，错误原因：'20119' != '11007'
- 20119
+ 11007

2019-01-02 18:05:49,064-ERROR-my_log.py--Ting日志信息: 测试结果是：False
2019-01-02 18:05:49,245-ERROR-my_log.py--Ting日志信息: 断言报错啦！，错误原因：'11011' != '11010'
- 11011
?     ^
+ 11010
?     ^

2019-01-02 18:05:49,247-ERROR-my_log.py--Ting日志信息: 测试结果是：False
2019-01-02 18:05:50,318-ERROR-my_log.py--Ting日志信息: 测试结果是：PASS
2019-01-02 18:05:50,507-ERROR-my_log.py--Ting日志信息: 测试结果是：PASS
2019-01-02 18:05:50,671-ERROR-my_log.py--Ting日志信息: 测试结果是：PASS
2019-01-02 18:05:50,839-ERROR-my_log.py--Ting日志信息: 测试结果是：PASS
2019-01-02 18:05:51,085-ERROR-my_log.py--Ting日志信息: 断言报错啦！，错误原因：'20109' != '10001'
- 20109
+ 10001

2019-01-02 18:05:51,087-ERROR-my_log.py--Ting日志信息: 测试结果是：False
2019-01-02 18:05:51,273-ERROR-my_log.py--Ting日志信息: 断言报错啦！，错误原因：'20117' != '10001'
- 20117
+ 10001

2019-01-02 18:05:51,275-ERROR-my_log.py--Ting日志信息: 测试结果是：False
2019-01-02 18:05:51,456-ERROR-my_log.py--Ting日志信息: 测试结果是：PASS
2019-01-02 18:05:51,630-ERROR-my_log.py--Ting日志信息: 测试结果是：PASS
2019-01-02 18:05:51,821-ERROR-my_log.py--Ting日志信息: 测试结果是：PASS
2019-01-02 18:05:52,006-ERROR-my_log.py--Ting日志信息: 测试结果是：PASS
