2019-01-02 15:31:26,162-ERROR-my_log.py--Ting日志信息: 这是一条error日志
2019-01-02 15:31:26,165-INFO-my_log.py--Ting日志信息: 这是一条info日志
2019-01-02 15:31:26,169-ERROR-my_log.py--Ting日志信息: 这是一4条error日志
2019-01-02 15:34:50,126-ERROR-my_log.py--Ting日志信息: 这是一条error日志
2019-01-02 15:34:50,129-INFO-my_log.py--Ting日志信息: 这是一条info日志
2019-01-02 15:34:50,133-ERROR-my_log.py--Ting日志信息: 这是一4条error日志
2019-01-02 15:38:27,947-ERROR-my_log.py--Ting日志信息: 这是一条error日志
2019-01-02 15:38:27,950-INFO-my_log.py--Ting日志信息: 这是一条info日志
2019-01-02 15:38:27,954-ERROR-my_log.py--Ting日志信息: 这是一4条error日志
2019-01-02 17:31:09,831-INFO-my_log.py--Ting日志信息: ======================开始测试===========================
2019-01-02 17:31:09,849-INFO-my_log.py--Ting日志信息: 账户余额=23.76
2019-01-02 17:31:09,852-INFO-my_log.py--Ting日志信息: ============测试用例的title为  正常登录==============case_id=1
2019-01-02 17:31:10,074-INFO-my_log.py--Ting日志信息: {'code': '10001', 'msg': '登录成功', 'status': 1, 'data': None}
2019-01-02 17:31:10,076-ERROR-my_log.py--Ting日志信息: 测试结果是：PASS
2019-01-02 17:31:10,232-INFO-my_log.py--Ting日志信息: ======================结束测试===========================
2019-01-02 17:31:10,236-INFO-my_log.py--Ting日志信息: ======================开始测试===========================
2019-01-02 17:31:10,251-INFO-my_log.py--Ting日志信息: 账户余额=23.76
2019-01-02 17:31:10,253-INFO-my_log.py--Ting日志信息: ============测试用例的title为  正常投标==============case_id=2
2019-01-02 17:31:10,432-INFO-my_log.py--Ting日志信息: {'code': '10001', 'msg': '竞标成功', 'status': 1, 'data': None}
2019-01-02 17:31:10,435-ERROR-my_log.py--Ting日志信息: 测试结果是：PASS
2019-01-02 17:31:10,621-ERROR-my_log.py--Ting日志信息: 投标金额=200
2019-01-02 17:31:10,637-INFO-my_log.py--Ting日志信息: ======================结束测试===========================
2019-01-02 17:31:10,640-INFO-my_log.py--Ting日志信息: ======================开始测试===========================
2019-01-02 17:31:10,652-INFO-my_log.py--Ting日志信息: 账户余额=-176.24
2019-01-02 17:31:10,655-INFO-my_log.py--Ting日志信息: ============测试用例的title为  用户id为空==============case_id=3
2019-01-02 17:31:10,823-INFO-my_log.py--Ting日志信息: {'code': '11003', 'msg': '参数错误:所有参数都不能为空', 'status': 0, 'data': None}
2019-01-02 17:31:10,825-ERROR-my_log.py--Ting日志信息: 测试结果是：PASS
2019-01-02 17:31:10,950-INFO-my_log.py--Ting日志信息: ======================结束测试===========================
2019-01-02 17:31:10,953-INFO-my_log.py--Ting日志信息: ======================开始测试===========================
2019-01-02 17:31:10,966-INFO-my_log.py--Ting日志信息: 账户余额=-176.24
2019-01-02 17:31:10,969-INFO-my_log.py--Ting日志信息: ============测试用例的title为  密码为空==============case_id=4
2019-01-02 17:31:11,056-INFO-my_log.py--Ting日志信息: {'code': '11003', 'msg': '参数错误:所有参数都不能为空', 'status': 0, 'data': None}
2019-01-02 17:31:11,059-ERROR-my_log.py--Ting日志信息: 测试结果是：PASS
2019-01-02 17:31:11,184-INFO-my_log.py--Ting日志信息: ======================结束测试===========================
2019-01-02 17:31:11,188-INFO-my_log.py--Ting日志信息: ======================开始测试===========================
2019-01-02 17:31:11,201-INFO-my_log.py--Ting日志信息: 账户余额=-176.24
2019-01-02 17:31:11,204-INFO-my_log.py--Ting日志信息: ============测试用例的title为  标id为空==============case_id=5
2019-01-02 17:31:11,232-INFO-my_log.py--Ting日志信息: {'code': '11003', 'msg': '参数错误:所有参数都不能为空', 'status': 0, 'data': None}
2019-01-02 17:31:11,234-ERROR-my_log.py--Ting日志信息: 测试结果是：PASS
2019-01-02 17:31:11,428-INFO-my_log.py--Ting日志信息: ======================结束测试===========================
2019-01-02 17:31:11,431-INFO-my_log.py--Ting日志信息: ======================开始测试===========================
2019-01-02 17:31:11,445-INFO-my_log.py--Ting日志信息: 账户余额=-176.24
2019-01-02 17:31:11,448-INFO-my_log.py--Ting日志信息: ============测试用例的title为  金额为空==============case_id=6
2019-01-02 17:31:11,474-INFO-my_log.py--Ting日志信息: {'code': '11003', 'msg': '参数错误:所有参数都不能为空', 'status': 0, 'data': None}
2019-01-02 17:31:11,477-ERROR-my_log.py--Ting日志信息: 测试结果是：PASS
2019-01-02 17:31:11,678-INFO-my_log.py--Ting日志信息: ======================结束测试===========================
2019-01-02 17:31:11,684-INFO-my_log.py--Ting日志信息: ======================开始测试===========================
2019-01-02 17:31:11,699-INFO-my_log.py--Ting日志信息: 账户余额=-176.24
2019-01-02 17:31:11,702-INFO-my_log.py--Ting日志信息: ============测试用例的title为  不存在的标的==============case_id=7
2019-01-02 17:31:11,733-INFO-my_log.py--Ting日志信息: {'code': '11009', 'msg': '不存在该标的', 'status': 0, 'data': None}
2019-01-02 17:31:11,736-ERROR-my_log.py--Ting日志信息: 测试结果是：PASS
2019-01-02 17:31:11,921-INFO-my_log.py--Ting日志信息: ======================结束测试===========================
2019-01-02 17:31:11,924-INFO-my_log.py--Ting日志信息: ======================开始测试===========================
2019-01-02 17:31:11,940-INFO-my_log.py--Ting日志信息: 账户余额=-176.24
2019-01-02 17:31:11,942-INFO-my_log.py--Ting日志信息: ============测试用例的title为  密码长度错误：12345==============case_id=8
2019-01-02 17:31:11,969-INFO-my_log.py--Ting日志信息: {'code': '11006', 'msg': '参数错误，password长度必须大于6位且小于18位', 'status': 0, 'data': None}
2019-01-02 17:31:11,972-ERROR-my_log.py--Ting日志信息: 测试结果是：PASS
2019-01-02 17:31:12,120-INFO-my_log.py--Ting日志信息: ======================结束测试===========================
2019-01-02 17:31:12,123-INFO-my_log.py--Ting日志信息: ======================开始测试===========================
2019-01-02 17:31:12,135-INFO-my_log.py--Ting日志信息: 账户余额=-176.24
2019-01-02 17:31:12,137-INFO-my_log.py--Ting日志信息: ============测试用例的title为  密码长度错误：1234567890123456789==============case_id=9
2019-01-02 17:31:12,175-INFO-my_log.py--Ting日志信息: {'code': '11006', 'msg': '参数错误，password长度必须大于6位且小于18位', 'status': 0, 'data': None}
2019-01-02 17:31:12,178-ERROR-my_log.py--Ting日志信息: 测试结果是：PASS
2019-01-02 17:31:12,335-INFO-my_log.py--Ting日志信息: ======================结束测试===========================
2019-01-02 17:31:12,338-INFO-my_log.py--Ting日志信息: ======================开始测试===========================
2019-01-02 17:31:12,351-INFO-my_log.py--Ting日志信息: 账户余额=-176.24
2019-01-02 17:31:12,354-INFO-my_log.py--Ting日志信息: ============测试用例的title为  标不在竞标中==============case_id=10
2019-01-02 17:31:12,388-INFO-my_log.py--Ting日志信息: {'code': '11010', 'msg': '该标不在竞标中状态，无法完成投标', 'status': 0, 'data': None}
2019-01-02 17:31:12,390-ERROR-my_log.py--Ting日志信息: 测试结果是：PASS
2019-01-02 17:31:12,517-INFO-my_log.py--Ting日志信息: ======================结束测试===========================
2019-01-02 17:31:12,520-INFO-my_log.py--Ting日志信息: ======================开始测试===========================
2019-01-02 17:31:12,533-INFO-my_log.py--Ting日志信息: 账户余额=-176.24
2019-01-02 17:31:12,535-INFO-my_log.py--Ting日志信息: ============测试用例的title为  投标金额：101==============case_id=11
2019-01-02 17:31:12,565-INFO-my_log.py--Ting日志信息: {'code': '11007', 'msg': '参数错误，投资金额必须是能被100整除的正整数', 'status': 0, 'data': None}
2019-01-02 17:31:12,567-ERROR-my_log.py--Ting日志信息: 测试结果是：PASS
2019-01-02 17:31:12,705-INFO-my_log.py--Ting日志信息: ======================结束测试===========================
2019-01-02 17:31:12,709-INFO-my_log.py--Ting日志信息: ======================开始测试===========================
2019-01-02 17:31:12,727-INFO-my_log.py--Ting日志信息: 账户余额=-176.24
2019-01-02 17:31:12,730-INFO-my_log.py--Ting日志信息: ============测试用例的title为  投标金额：99.5==============case_id=12
2019-01-02 17:31:12,773-INFO-my_log.py--Ting日志信息: {'code': '11007', 'msg': '参数错误，投资金额必须是能被100整除的正整数', 'status': 0, 'data': None}
2019-01-02 17:31:12,777-ERROR-my_log.py--Ting日志信息: 测试结果是：PASS
2019-01-02 17:31:13,036-INFO-my_log.py--Ting日志信息: ======================结束测试===========================
2019-01-02 17:31:13,039-INFO-my_log.py--Ting日志信息: ======================开始测试===========================
2019-01-02 17:31:13,052-INFO-my_log.py--Ting日志信息: 账户余额=-176.24
2019-01-02 17:31:13,054-INFO-my_log.py--Ting日志信息: ============测试用例的title为  投标金额为：-100==============case_id=13
2019-01-02 17:31:13,078-INFO-my_log.py--Ting日志信息: {'code': '11007', 'msg': '参数错误，投资金额必须是能被100整除的正整数', 'status': 0, 'data': None}
2019-01-02 17:31:13,081-ERROR-my_log.py--Ting日志信息: 测试结果是：PASS
2019-01-02 17:31:13,209-INFO-my_log.py--Ting日志信息: ======================结束测试===========================
2019-01-02 17:31:13,211-INFO-my_log.py--Ting日志信息: ======================开始测试===========================
2019-01-02 17:31:13,224-INFO-my_log.py--Ting日志信息: 账户余额=-176.24
2019-01-02 17:31:13,226-INFO-my_log.py--Ting日志信息: ============测试用例的title为  投标金额大于可投金额==============case_id=14
2019-01-02 17:31:13,272-INFO-my_log.py--Ting日志信息: {'code': '10001', 'msg': '竞标成功', 'status': 1, 'data': None}
2019-01-02 17:31:13,274-ERROR-my_log.py--Ting日志信息: 断言报错啦！，错误原因：'11012' != '10001'
- 11012
+ 10001

2019-01-02 17:31:13,277-ERROR-my_log.py--Ting日志信息: 测试结果是：False
2019-01-02 17:31:13,391-ERROR-my_log.py--Ting日志信息: 投标金额=9000000
2019-01-02 17:31:13,404-INFO-my_log.py--Ting日志信息: ======================结束测试===========================
2019-01-02 17:31:13,437-INFO-my_log.py--Ting日志信息: ======================开始测试===========================
2019-01-02 17:31:13,449-INFO-my_log.py--Ting日志信息: 账户余额=-9000176.24
2019-01-02 17:31:13,453-INFO-my_log.py--Ting日志信息: ============测试用例的title为  用户id为负数==============case_id=15
2019-01-02 17:31:13,487-INFO-my_log.py--Ting日志信息: {'code': '11004', 'msg': '参数错误，memberId必须是大于0的正整数', 'status': 0, 'data': None}
2019-01-02 17:31:13,489-ERROR-my_log.py--Ting日志信息: 测试结果是：PASS
2019-01-02 17:31:13,689-INFO-my_log.py--Ting日志信息: ======================结束测试===========================
2019-01-02 17:31:13,693-INFO-my_log.py--Ting日志信息: ======================开始测试===========================
2019-01-02 17:31:13,706-INFO-my_log.py--Ting日志信息: 账户余额=-9000176.24
2019-01-02 17:31:13,709-INFO-my_log.py--Ting日志信息: ============测试用例的title为  账户余额不足，投标金额：int（账户余额/100）*100==============case_id=16
2019-01-02 17:31:13,749-INFO-my_log.py--Ting日志信息: {'code': '11007', 'msg': '参数错误，投资金额必须是能被100整除的正整数', 'status': 0, 'data': None}
2019-01-02 17:31:13,752-ERROR-my_log.py--Ting日志信息: 断言报错啦！，错误原因：'20119' != '11007'
- 20119
+ 11007

2019-01-02 17:31:13,754-ERROR-my_log.py--Ting日志信息: 测试结果是：False
2019-01-02 17:31:13,893-INFO-my_log.py--Ting日志信息: ======================结束测试===========================
2019-01-02 17:31:13,897-INFO-my_log.py--Ting日志信息: ======================开始测试===========================
2019-01-02 17:31:13,910-INFO-my_log.py--Ting日志信息: 账户余额=-9000176.24
2019-01-02 17:31:13,913-INFO-my_log.py--Ting日志信息: ============测试用例的title为  标的已满==============case_id=17
2019-01-02 17:31:13,945-INFO-my_log.py--Ting日志信息: {'code': '11010', 'msg': '该标不在竞标中状态，无法完成投标', 'status': 0, 'data': None}
2019-01-02 17:31:13,947-ERROR-my_log.py--Ting日志信息: 断言报错啦！，错误原因：'11011' != '11010'
- 11011
?     ^
+ 11010
?     ^

2019-01-02 17:31:13,950-ERROR-my_log.py--Ting日志信息: 测试结果是：False
2019-01-02 17:31:14,075-INFO-my_log.py--Ting日志信息: ======================结束测试===========================
2019-01-02 18:01:10,145-INFO-my_log.py--Ting日志信息: ======================开始测试===========================
2019-01-02 18:01:10,159-INFO-my_log.py--Ting日志信息: 账户余额=-9000176.24
2019-01-02 18:01:10,162-INFO-my_log.py--Ting日志信息: ============测试用例的title为  正常登录==============case_id=1
2019-01-02 18:01:10,165-INFO-my_log.py--Ting日志信息: ======================结束测试===========================
2019-01-02 18:01:10,170-INFO-my_log.py--Ting日志信息: ======================开始测试===========================
2019-01-02 18:01:10,183-INFO-my_log.py--Ting日志信息: 账户余额=-9000176.24
2019-01-02 18:01:10,186-INFO-my_log.py--Ting日志信息: ============测试用例的title为  正常投标==============case_id=2
2019-01-02 18:01:10,189-INFO-my_log.py--Ting日志信息: ======================结束测试===========================
2019-01-02 18:01:10,192-INFO-my_log.py--Ting日志信息: ======================开始测试===========================
2019-01-02 18:01:10,205-INFO-my_log.py--Ting日志信息: 账户余额=-9000176.24
2019-01-02 18:01:10,208-INFO-my_log.py--Ting日志信息: ============测试用例的title为  用户id为空==============case_id=3
2019-01-02 18:01:10,211-INFO-my_log.py--Ting日志信息: ======================结束测试===========================
2019-01-02 18:01:10,214-INFO-my_log.py--Ting日志信息: ======================开始测试===========================
2019-01-02 18:01:10,228-INFO-my_log.py--Ting日志信息: 账户余额=-9000176.24
2019-01-02 18:01:10,230-INFO-my_log.py--Ting日志信息: ============测试用例的title为  密码为空==============case_id=4
2019-01-02 18:01:10,232-INFO-my_log.py--Ting日志信息: ======================结束测试===========================
2019-01-02 18:01:10,235-INFO-my_log.py--Ting日志信息: ======================开始测试===========================
2019-01-02 18:01:10,247-INFO-my_log.py--Ting日志信息: 账户余额=-9000176.24
2019-01-02 18:01:10,249-INFO-my_log.py--Ting日志信息: ============测试用例的title为  标id为空==============case_id=5
2019-01-02 18:01:10,251-INFO-my_log.py--Ting日志信息: ======================结束测试===========================
2019-01-02 18:01:10,253-INFO-my_log.py--Ting日志信息: ======================开始测试===========================
2019-01-02 18:01:10,265-INFO-my_log.py--Ting日志信息: 账户余额=-9000176.24
2019-01-02 18:01:10,267-INFO-my_log.py--Ting日志信息: ============测试用例的title为  金额为空==============case_id=6
2019-01-02 18:01:10,270-INFO-my_log.py--Ting日志信息: ======================结束测试===========================
2019-01-02 18:01:10,272-INFO-my_log.py--Ting日志信息: ======================开始测试===========================
2019-01-02 18:01:10,284-INFO-my_log.py--Ting日志信息: 账户余额=-9000176.24
2019-01-02 18:01:10,286-INFO-my_log.py--Ting日志信息: ============测试用例的title为  不存在的标的==============case_id=7
2019-01-02 18:01:10,288-INFO-my_log.py--Ting日志信息: ======================结束测试===========================
2019-01-02 18:01:10,290-INFO-my_log.py--Ting日志信息: ======================开始测试===========================
2019-01-02 18:01:10,302-INFO-my_log.py--Ting日志信息: 账户余额=-9000176.24
2019-01-02 18:01:10,303-INFO-my_log.py--Ting日志信息: ============测试用例的title为  密码长度错误：12345==============case_id=8
2019-01-02 18:01:10,306-INFO-my_log.py--Ting日志信息: ======================结束测试===========================
2019-01-02 18:01:10,308-INFO-my_log.py--Ting日志信息: ======================开始测试===========================
2019-01-02 18:01:10,321-INFO-my_log.py--Ting日志信息: 账户余额=-9000176.24
2019-01-02 18:01:10,324-INFO-my_log.py--Ting日志信息: ============测试用例的title为  密码长度错误：1234567890123456789==============case_id=9
2019-01-02 18:01:10,327-INFO-my_log.py--Ting日志信息: ======================结束测试===========================
2019-01-02 18:01:10,329-INFO-my_log.py--Ting日志信息: ======================开始测试===========================
2019-01-02 18:01:10,341-INFO-my_log.py--Ting日志信息: 账户余额=-9000176.24
2019-01-02 18:01:10,343-INFO-my_log.py--Ting日志信息: ============测试用例的title为  标不在竞标中==============case_id=10
2019-01-02 18:01:10,345-INFO-my_log.py--Ting日志信息: ======================结束测试===========================
2019-01-02 18:01:10,348-INFO-my_log.py--Ting日志信息: ======================开始测试===========================
2019-01-02 18:01:10,359-INFO-my_log.py--Ting日志信息: 账户余额=-9000176.24
2019-01-02 18:01:10,361-INFO-my_log.py--Ting日志信息: ============测试用例的title为  投标金额：101==============case_id=11
2019-01-02 18:01:10,363-INFO-my_log.py--Ting日志信息: ======================结束测试===========================
2019-01-02 18:01:10,365-INFO-my_log.py--Ting日志信息: ======================开始测试===========================
2019-01-02 18:01:10,378-INFO-my_log.py--Ting日志信息: 账户余额=-9000176.24
2019-01-02 18:01:10,380-INFO-my_log.py--Ting日志信息: ============测试用例的title为  投标金额：99.5==============case_id=12
2019-01-02 18:01:10,382-INFO-my_log.py--Ting日志信息: ======================结束测试===========================
2019-01-02 18:01:10,385-INFO-my_log.py--Ting日志信息: ======================开始测试===========================
2019-01-02 18:01:10,396-INFO-my_log.py--Ting日志信息: 账户余额=-9000176.24
2019-01-02 18:01:10,398-INFO-my_log.py--Ting日志信息: ============测试用例的title为  投标金额为：-100==============case_id=13
2019-01-02 18:01:10,401-INFO-my_log.py--Ting日志信息: ======================结束测试===========================
2019-01-02 18:01:10,404-INFO-my_log.py--Ting日志信息: ======================开始测试===========================
2019-01-02 18:01:10,416-INFO-my_log.py--Ting日志信息: 账户余额=-9000176.24
2019-01-02 18:01:10,419-INFO-my_log.py--Ting日志信息: ============测试用例的title为  投标金额大于可投金额==============case_id=14
2019-01-02 18:01:10,421-INFO-my_log.py--Ting日志信息: ======================结束测试===========================
2019-01-02 18:01:10,423-INFO-my_log.py--Ting日志信息: ======================开始测试===========================
2019-01-02 18:01:10,436-INFO-my_log.py--Ting日志信息: 账户余额=-9000176.24
2019-01-02 18:01:10,438-INFO-my_log.py--Ting日志信息: ============测试用例的title为  用户id为负数==============case_id=15
2019-01-02 18:01:10,440-INFO-my_log.py--Ting日志信息: ======================结束测试===========================
2019-01-02 18:01:10,442-INFO-my_log.py--Ting日志信息: ======================开始测试===========================
2019-01-02 18:01:10,453-INFO-my_log.py--Ting日志信息: 账户余额=-9000176.24
2019-01-02 18:01:10,455-INFO-my_log.py--Ting日志信息: ============测试用例的title为  账户余额不足，投标金额：int（账户余额/100）*100==============case_id=16
2019-01-02 18:01:10,457-INFO-my_log.py--Ting日志信息: ======================结束测试===========================
2019-01-02 18:01:10,460-INFO-my_log.py--Ting日志信息: ======================开始测试===========================
2019-01-02 18:01:10,471-INFO-my_log.py--Ting日志信息: 账户余额=-9000176.24
2019-01-02 18:01:10,474-INFO-my_log.py--Ting日志信息: ============测试用例的title为  标的已满==============case_id=17
2019-01-02 18:01:10,476-INFO-my_log.py--Ting日志信息: ======================结束测试===========================
2019-01-02 18:01:11,467-INFO-my_log.py--Ting日志信息: ======================开始测试===========================
2019-01-02 18:01:11,486-INFO-my_log.py--Ting日志信息: 账户余额=-9000176.24
2019-01-02 18:01:11,488-INFO-my_log.py--Ting日志信息: ============测试用例的title为： 正常登录==============case_id=1
2019-01-02 18:01:11,516-ERROR-my_log.py--Ting日志信息: 测试结果是：PASS
2019-01-02 18:01:11,628-ERROR-my_log.py--Ting日志信息: 充值金额= 0
2019-01-02 18:01:11,632-ERROR-my_log.py--Ting日志信息: 用户实际余额=-9000176.24
2019-01-02 18:01:11,645-ERROR-my_log.py--Ting日志信息: 账户余额正确！
2019-01-02 18:01:11,648-INFO-my_log.py--Ting日志信息: ======================结束测试===========================
2019-01-02 18:01:11,650-INFO-my_log.py--Ting日志信息: ======================开始测试===========================
2019-01-02 18:01:11,664-INFO-my_log.py--Ting日志信息: 账户余额=-9000176.24
2019-01-02 18:01:11,665-INFO-my_log.py--Ting日志信息: ============测试用例的title为： 充值成功==============case_id=2
2019-01-02 18:01:11,744-ERROR-my_log.py--Ting日志信息: 测试结果是：PASS
2019-01-02 18:01:11,863-ERROR-my_log.py--Ting日志信息: 充值金额=2000
2019-01-02 18:01:11,865-ERROR-my_log.py--Ting日志信息: 用户实际余额=-8998176.24
2019-01-02 18:01:11,877-ERROR-my_log.py--Ting日志信息: 账户余额正确！
2019-01-02 18:01:11,880-INFO-my_log.py--Ting日志信息: ======================结束测试===========================
2019-01-02 18:01:11,882-INFO-my_log.py--Ting日志信息: ======================开始测试===========================
2019-01-02 18:01:11,895-INFO-my_log.py--Ting日志信息: 账户余额=-8998176.24
2019-01-02 18:01:11,897-INFO-my_log.py--Ting日志信息: ============测试用例的title为： 充值手机号为空==============case_id=3
2019-01-02 18:01:11,917-ERROR-my_log.py--Ting日志信息: 测试结果是：PASS
2019-01-02 18:01:12,028-ERROR-my_log.py--Ting日志信息: 充值金额= 0
2019-01-02 18:01:12,031-ERROR-my_log.py--Ting日志信息: 用户实际余额=-8998176.24
2019-01-02 18:01:12,044-ERROR-my_log.py--Ting日志信息: 账户余额正确！
2019-01-02 18:01:12,046-INFO-my_log.py--Ting日志信息: ======================结束测试===========================
2019-01-02 18:01:12,048-INFO-my_log.py--Ting日志信息: ======================开始测试===========================
2019-01-02 18:01:12,061-INFO-my_log.py--Ting日志信息: 账户余额=-8998176.24
2019-01-02 18:01:12,063-INFO-my_log.py--Ting日志信息: ============测试用例的title为： 充值金额为空==============case_id=4
2019-01-02 18:01:12,084-ERROR-my_log.py--Ting日志信息: 测试结果是：PASS
2019-01-02 18:01:12,199-ERROR-my_log.py--Ting日志信息: 充值金额= 0
2019-01-02 18:01:12,201-ERROR-my_log.py--Ting日志信息: 用户实际余额=-8998176.24
2019-01-02 18:01:12,214-ERROR-my_log.py--Ting日志信息: 账户余额正确！
2019-01-02 18:01:12,216-INFO-my_log.py--Ting日志信息: ======================结束测试===========================
2019-01-02 18:01:12,218-INFO-my_log.py--Ting日志信息: ======================开始测试===========================
2019-01-02 18:01:12,233-INFO-my_log.py--Ting日志信息: 账户余额=-8998176.24
2019-01-02 18:01:12,235-INFO-my_log.py--Ting日志信息: ============测试用例的title为： 充值手机号格式错误==============case_id=5
2019-01-02 18:01:12,279-ERROR-my_log.py--Ting日志信息: 断言报错啦！，错误原因：'20109' != '10001'
- 20109
+ 10001

2019-01-02 18:01:12,281-ERROR-my_log.py--Ting日志信息: 测试结果是：False
2019-01-02 18:01:12,395-ERROR-my_log.py--Ting日志信息: 充值金额=100
2019-01-02 18:01:12,398-ERROR-my_log.py--Ting日志信息: 用户实际余额=-8998176.24
2019-01-02 18:01:12,412-ERROR-my_log.py--Ting日志信息: 数据库账户余额不等于实际余额，错误原因:-8998076.24 != -8998176.24
2019-01-02 18:01:12,463-ERROR-my_log.py--Ting日志信息: 数据库账户余额-8998076.24，实际余额应为-8998176.24
2019-01-02 18:01:12,465-INFO-my_log.py--Ting日志信息: ======================结束测试===========================
2019-01-02 18:01:12,468-INFO-my_log.py--Ting日志信息: ======================开始测试===========================
2019-01-02 18:01:12,482-INFO-my_log.py--Ting日志信息: 账户余额=-8998076.24
2019-01-02 18:01:12,484-INFO-my_log.py--Ting日志信息: ============测试用例的title为： 充值金额：0==============case_id=6
2019-01-02 18:01:12,521-ERROR-my_log.py--Ting日志信息: 断言报错啦！，错误原因：'20117' != '10001'
- 20117
+ 10001

2019-01-02 18:01:12,524-ERROR-my_log.py--Ting日志信息: 测试结果是：False
2019-01-02 18:01:12,684-ERROR-my_log.py--Ting日志信息: 充值金额=0
2019-01-02 18:01:12,687-ERROR-my_log.py--Ting日志信息: 用户实际余额=-8998076.24
2019-01-02 18:01:12,701-ERROR-my_log.py--Ting日志信息: 账户余额正确！
2019-01-02 18:01:12,703-INFO-my_log.py--Ting日志信息: ======================结束测试===========================
2019-01-02 18:01:12,706-INFO-my_log.py--Ting日志信息: ======================开始测试===========================
2019-01-02 18:01:12,718-INFO-my_log.py--Ting日志信息: 账户余额=-8998076.24
2019-01-02 18:01:12,720-INFO-my_log.py--Ting日志信息: ============测试用例的title为： 充值金额：-10==============case_id=7
2019-01-02 18:01:12,744-ERROR-my_log.py--Ting日志信息: 测试结果是：PASS
2019-01-02 18:01:12,857-ERROR-my_log.py--Ting日志信息: 充值金额= 0
2019-01-02 18:01:12,860-ERROR-my_log.py--Ting日志信息: 用户实际余额=-8998076.24
2019-01-02 18:01:12,876-ERROR-my_log.py--Ting日志信息: 账户余额正确！
2019-01-02 18:01:12,882-INFO-my_log.py--Ting日志信息: ======================结束测试===========================
2019-01-02 18:01:12,886-INFO-my_log.py--Ting日志信息: ======================开始测试===========================
2019-01-02 18:01:12,900-INFO-my_log.py--Ting日志信息: 账户余额=-8998076.24
2019-01-02 18:01:12,902-INFO-my_log.py--Ting日志信息: ============测试用例的title为： 充值金额：100@！==============case_id=8
2019-01-02 18:01:12,926-ERROR-my_log.py--Ting日志信息: 测试结果是：PASS
2019-01-02 18:01:13,065-ERROR-my_log.py--Ting日志信息: 充值金额= 0
2019-01-02 18:01:13,068-ERROR-my_log.py--Ting日志信息: 用户实际余额=-8998076.24
2019-01-02 18:01:13,080-ERROR-my_log.py--Ting日志信息: 账户余额正确！
2019-01-02 18:01:13,083-INFO-my_log.py--Ting日志信息: ======================结束测试===========================
2019-01-02 18:01:13,085-INFO-my_log.py--Ting日志信息: ======================开始测试===========================
2019-01-02 18:01:13,099-INFO-my_log.py--Ting日志信息: 账户余额=-8998076.24
2019-01-02 18:01:13,101-INFO-my_log.py--Ting日志信息: ============测试用例的title为： 充值金额：100.88==============case_id=9
2019-01-02 18:01:13,143-ERROR-my_log.py--Ting日志信息: 测试结果是：PASS
2019-01-02 18:01:13,272-ERROR-my_log.py--Ting日志信息: 充值金额=100.88
2019-01-02 18:01:13,276-ERROR-my_log.py--Ting日志信息: 用户实际余额=-8997975.36
2019-01-02 18:01:13,291-ERROR-my_log.py--Ting日志信息: 账户余额正确！
2019-01-02 18:01:13,294-INFO-my_log.py--Ting日志信息: ======================结束测试===========================
2019-01-02 18:01:13,296-INFO-my_log.py--Ting日志信息: ======================开始测试===========================
2019-01-02 18:01:13,309-INFO-my_log.py--Ting日志信息: 账户余额=-8997975.36
2019-01-02 18:01:13,311-INFO-my_log.py--Ting日志信息: ============测试用例的title为： 充值金额：100.555==============case_id=10
2019-01-02 18:01:13,334-ERROR-my_log.py--Ting日志信息: 测试结果是：PASS
2019-01-02 18:01:13,455-ERROR-my_log.py--Ting日志信息: 充值金额= 0
2019-01-02 18:01:13,458-ERROR-my_log.py--Ting日志信息: 用户实际余额=-8997975.36
2019-01-02 18:01:13,471-ERROR-my_log.py--Ting日志信息: 账户余额正确！
2019-01-02 18:01:13,474-INFO-my_log.py--Ting日志信息: ======================结束测试===========================
2019-01-02 18:02:35,514-INFO-my_log.py--Ting日志信息: ======================开始测试===========================
2019-01-02 18:02:35,527-INFO-my_log.py--Ting日志信息: 账户余额=-8997975.36
2019-01-02 18:02:35,530-INFO-my_log.py--Ting日志信息: ============测试用例的title为  正常登录==============case_id=1
2019-01-02 18:02:35,533-INFO-my_log.py--Ting日志信息: 测试参数：{'mobilephone': 13729990000, 'pwd':1234567890}
2019-01-02 18:02:35,563-INFO-my_log.py--Ting日志信息: {'code': '10001', 'data': None, 'status': 1, 'msg': '登录成功'}
2019-01-02 18:02:35,565-ERROR-my_log.py--Ting日志信息: 测试结果是：PASS
2019-01-02 18:02:35,685-INFO-my_log.py--Ting日志信息: ======================结束测试===========================
2019-01-02 18:02:35,687-INFO-my_log.py--Ting日志信息: ======================开始测试===========================
2019-01-02 18:02:35,699-INFO-my_log.py--Ting日志信息: 账户余额=-8997975.36
2019-01-02 18:02:35,701-INFO-my_log.py--Ting日志信息: ============测试用例的title为  正常投标==============case_id=2
2019-01-02 18:02:35,703-INFO-my_log.py--Ting日志信息: 测试参数：{"memberId":1111404,"password":1234567890,"loanId":8111,"amount":"200"}
2019-01-02 18:02:35,756-INFO-my_log.py--Ting日志信息: {'code': '10001', 'data': None, 'status': 1, 'msg': '竞标成功'}
2019-01-02 18:02:35,760-ERROR-my_log.py--Ting日志信息: 测试结果是：PASS
2019-01-02 18:02:35,874-ERROR-my_log.py--Ting日志信息: 投标金额=200
2019-01-02 18:02:35,886-INFO-my_log.py--Ting日志信息: ======================结束测试===========================
2019-01-02 18:02:35,888-INFO-my_log.py--Ting日志信息: ======================开始测试===========================
2019-01-02 18:02:35,899-INFO-my_log.py--Ting日志信息: 账户余额=-8998175.36
2019-01-02 18:02:35,901-INFO-my_log.py--Ting日志信息: ============测试用例的title为  用户id为空==============case_id=3
2019-01-02 18:02:35,903-INFO-my_log.py--Ting日志信息: 测试参数：{"memberId":"","password":1234567890,"loanId":8111,"amount":"200"}
2019-01-02 18:02:35,930-INFO-my_log.py--Ting日志信息: {'code': '11003', 'data': None, 'status': 0, 'msg': '参数错误:所有参数都不能为空'}
2019-01-02 18:02:35,933-ERROR-my_log.py--Ting日志信息: 测试结果是：PASS
2019-01-02 18:02:36,055-INFO-my_log.py--Ting日志信息: ======================结束测试===========================
2019-01-02 18:02:36,057-INFO-my_log.py--Ting日志信息: ======================开始测试===========================
2019-01-02 18:02:36,069-INFO-my_log.py--Ting日志信息: 账户余额=-8998175.36
2019-01-02 18:02:36,071-INFO-my_log.py--Ting日志信息: ============测试用例的title为  密码为空==============case_id=4
2019-01-02 18:02:36,073-INFO-my_log.py--Ting日志信息: 测试参数：{"memberId":1111404,"password":"","loanId":8111,"amount":"200"}
2019-01-02 18:02:36,100-INFO-my_log.py--Ting日志信息: {'code': '11003', 'data': None, 'status': 0, 'msg': '参数错误:所有参数都不能为空'}
2019-01-02 18:02:36,102-ERROR-my_log.py--Ting日志信息: 测试结果是：PASS
2019-01-02 18:02:36,222-INFO-my_log.py--Ting日志信息: ======================结束测试===========================
2019-01-02 18:02:36,224-INFO-my_log.py--Ting日志信息: ======================开始测试===========================
2019-01-02 18:02:36,236-INFO-my_log.py--Ting日志信息: 账户余额=-8998175.36
2019-01-02 18:02:36,238-INFO-my_log.py--Ting日志信息: ============测试用例的title为  标id为空==============case_id=5
2019-01-02 18:02:36,240-INFO-my_log.py--Ting日志信息: 测试参数：{"memberId":1111404,"password":1234567890,"loanId":"","amount":"200"}
2019-01-02 18:02:36,272-INFO-my_log.py--Ting日志信息: {'code': '11003', 'data': None, 'status': 0, 'msg': '参数错误:所有参数都不能为空'}
2019-01-02 18:02:36,275-ERROR-my_log.py--Ting日志信息: 测试结果是：PASS
2019-01-02 18:02:36,394-INFO-my_log.py--Ting日志信息: ======================结束测试===========================
2019-01-02 18:02:36,396-INFO-my_log.py--Ting日志信息: ======================开始测试===========================
2019-01-02 18:02:36,408-INFO-my_log.py--Ting日志信息: 账户余额=-8998175.36
2019-01-02 18:02:36,410-INFO-my_log.py--Ting日志信息: ============测试用例的title为  金额为空==============case_id=6
2019-01-02 18:02:36,411-INFO-my_log.py--Ting日志信息: 测试参数：{"memberId":1111404,"password":1234567890,"loanId":8111,"amount":""}
2019-01-02 18:02:36,436-INFO-my_log.py--Ting日志信息: {'code': '11003', 'data': None, 'status': 0, 'msg': '参数错误:所有参数都不能为空'}
2019-01-02 18:02:36,438-ERROR-my_log.py--Ting日志信息: 测试结果是：PASS
2019-01-02 18:02:36,589-INFO-my_log.py--Ting日志信息: ======================结束测试===========================
2019-01-02 18:02:36,592-INFO-my_log.py--Ting日志信息: ======================开始测试===========================
2019-01-02 18:02:36,604-INFO-my_log.py--Ting日志信息: 账户余额=-8998175.36
2019-01-02 18:02:36,606-INFO-my_log.py--Ting日志信息: ============测试用例的title为  不存在的标的==============case_id=7
2019-01-02 18:02:36,608-INFO-my_log.py--Ting日志信息: 测试参数：{"memberId":1111404,"password":1234567890,"loanId":9514,"amount":"200"}
2019-01-02 18:02:36,637-INFO-my_log.py--Ting日志信息: {'code': '11009', 'data': None, 'status': 0, 'msg': '不存在该标的'}
2019-01-02 18:02:36,640-ERROR-my_log.py--Ting日志信息: 测试结果是：PASS
2019-01-02 18:02:36,836-INFO-my_log.py--Ting日志信息: ======================结束测试===========================
2019-01-02 18:02:36,839-INFO-my_log.py--Ting日志信息: ======================开始测试===========================
2019-01-02 18:02:36,850-INFO-my_log.py--Ting日志信息: 账户余额=-8998175.36
2019-01-02 18:02:36,852-INFO-my_log.py--Ting日志信息: ============测试用例的title为  密码长度错误：12345==============case_id=8
2019-01-02 18:02:36,854-INFO-my_log.py--Ting日志信息: 测试参数：{"memberId":1111404,"password":"12345","loanId":8111,"amount":"200"}
2019-01-02 18:02:36,880-INFO-my_log.py--Ting日志信息: {'code': '11006', 'data': None, 'status': 0, 'msg': '参数错误，password长度必须大于6位且小于18位'}
2019-01-02 18:02:36,882-ERROR-my_log.py--Ting日志信息: 测试结果是：PASS
2019-01-02 18:02:37,010-INFO-my_log.py--Ting日志信息: ======================结束测试===========================
2019-01-02 18:02:37,013-INFO-my_log.py--Ting日志信息: ======================开始测试===========================
2019-01-02 18:02:37,024-INFO-my_log.py--Ting日志信息: 账户余额=-8998175.36
2019-01-02 18:02:37,026-INFO-my_log.py--Ting日志信息: ============测试用例的title为  密码长度错误：1234567890123456789==============case_id=9
2019-01-02 18:02:37,028-INFO-my_log.py--Ting日志信息: 测试参数：{"memberId":1111404,"password":"1234567890123456789","loanId":8111,"amount":"100"}
2019-01-02 18:02:37,056-INFO-my_log.py--Ting日志信息: {'code': '11006', 'data': None, 'status': 0, 'msg': '参数错误，password长度必须大于6位且小于18位'}
2019-01-02 18:02:37,058-ERROR-my_log.py--Ting日志信息: 测试结果是：PASS
2019-01-02 18:02:37,197-INFO-my_log.py--Ting日志信息: ======================结束测试===========================
2019-01-02 18:02:37,199-INFO-my_log.py--Ting日志信息: ======================开始测试===========================
2019-01-02 18:02:37,212-INFO-my_log.py--Ting日志信息: 账户余额=-8998175.36
2019-01-02 18:02:37,215-INFO-my_log.py--Ting日志信息: ============测试用例的title为  标不在竞标中==============case_id=10
2019-01-02 18:02:37,217-INFO-my_log.py--Ting日志信息: 测试参数：{"memberId":1111404,"password":1234567890,"loanId":5,"amount":"100"}
2019-01-02 18:02:37,252-INFO-my_log.py--Ting日志信息: {'code': '11010', 'data': None, 'status': 0, 'msg': '该标不在竞标中状态，无法完成投标'}
2019-01-02 18:02:37,254-ERROR-my_log.py--Ting日志信息: 测试结果是：PASS
2019-01-02 18:02:37,414-INFO-my_log.py--Ting日志信息: ======================结束测试===========================
2019-01-02 18:02:37,417-INFO-my_log.py--Ting日志信息: ======================开始测试===========================
2019-01-02 18:02:37,430-INFO-my_log.py--Ting日志信息: 账户余额=-8998175.36
2019-01-02 18:02:37,433-INFO-my_log.py--Ting日志信息: ============测试用例的title为  投标金额：101==============case_id=11
2019-01-02 18:02:37,436-INFO-my_log.py--Ting日志信息: 测试参数：{"memberId":1111404,"password":1234567890,"loanId":8111,"amount":"100.55"}
2019-01-02 18:02:37,461-INFO-my_log.py--Ting日志信息: {'code': '11007', 'data': None, 'status': 0, 'msg': '参数错误，投资金额必须是能被100整除的正整数'}
2019-01-02 18:02:37,463-ERROR-my_log.py--Ting日志信息: 测试结果是：PASS
2019-01-02 18:02:37,615-INFO-my_log.py--Ting日志信息: ======================结束测试===========================
2019-01-02 18:02:37,619-INFO-my_log.py--Ting日志信息: ======================开始测试===========================
2019-01-02 18:02:37,631-INFO-my_log.py--Ting日志信息: 账户余额=-8998175.36
2019-01-02 18:02:37,633-INFO-my_log.py--Ting日志信息: ============测试用例的title为  投标金额：99.5==============case_id=12
2019-01-02 18:02:37,635-INFO-my_log.py--Ting日志信息: 测试参数：{"memberId":1111404,"password":1234567890,"loanId":8111,"amount":"99.5"}
2019-01-02 18:02:37,659-INFO-my_log.py--Ting日志信息: {'code': '11007', 'data': None, 'status': 0, 'msg': '参数错误，投资金额必须是能被100整除的正整数'}
2019-01-02 18:02:37,660-ERROR-my_log.py--Ting日志信息: 测试结果是：PASS
2019-01-02 18:02:37,825-INFO-my_log.py--Ting日志信息: ======================结束测试===========================
2019-01-02 18:02:37,827-INFO-my_log.py--Ting日志信息: ======================开始测试===========================
2019-01-02 18:02:37,839-INFO-my_log.py--Ting日志信息: 账户余额=-8998175.36
2019-01-02 18:02:37,842-INFO-my_log.py--Ting日志信息: ============测试用例的title为  投标金额为：-100==============case_id=13
2019-01-02 18:02:37,844-INFO-my_log.py--Ting日志信息: 测试参数：{"memberId":1111404,"password":1234567890,"loanId":8111,"amount":"-100"}
2019-01-02 18:02:37,870-INFO-my_log.py--Ting日志信息: {'code': '11007', 'data': None, 'status': 0, 'msg': '参数错误，投资金额必须是能被100整除的正整数'}
2019-01-02 18:02:37,872-ERROR-my_log.py--Ting日志信息: 测试结果是：PASS
2019-01-02 18:02:38,013-INFO-my_log.py--Ting日志信息: ======================结束测试===========================
2019-01-02 18:02:38,015-INFO-my_log.py--Ting日志信息: ======================开始测试===========================
2019-01-02 18:02:38,027-INFO-my_log.py--Ting日志信息: 账户余额=-8998175.36
2019-01-02 18:02:38,029-INFO-my_log.py--Ting日志信息: ============测试用例的title为  投标金额大于可投金额==============case_id=14
2019-01-02 18:02:38,031-INFO-my_log.py--Ting日志信息: 测试参数：{"memberId":1111404,"password":1234567890,"loanId":8111,"amount":"9000000"}
2019-01-02 18:02:38,116-INFO-my_log.py--Ting日志信息: {'code': '10001', 'data': None, 'status': 1, 'msg': '竞标成功'}
2019-01-02 18:02:38,119-ERROR-my_log.py--Ting日志信息: 断言报错啦！，错误原因：'11012' != '10001'
- 11012
+ 10001

2019-01-02 18:02:38,121-ERROR-my_log.py--Ting日志信息: 测试结果是：False
2019-01-02 18:02:38,266-ERROR-my_log.py--Ting日志信息: 投标金额=9000000
2019-01-02 18:02:38,280-INFO-my_log.py--Ting日志信息: ======================结束测试===========================
2019-01-02 18:02:38,283-INFO-my_log.py--Ting日志信息: ======================开始测试===========================
2019-01-02 18:02:38,296-INFO-my_log.py--Ting日志信息: 账户余额=-17998175.36
2019-01-02 18:02:38,298-INFO-my_log.py--Ting日志信息: ============测试用例的title为  用户id为负数==============case_id=15
2019-01-02 18:02:38,300-INFO-my_log.py--Ting日志信息: 测试参数：{"memberId":"-122","password":1234567890,"loanId":8111,"amount":"100"}
2019-01-02 18:02:38,329-INFO-my_log.py--Ting日志信息: {'code': '11004', 'data': None, 'status': 0, 'msg': '参数错误，memberId必须是大于0的正整数'}
2019-01-02 18:02:38,331-ERROR-my_log.py--Ting日志信息: 测试结果是：PASS
2019-01-02 18:02:38,480-INFO-my_log.py--Ting日志信息: ======================结束测试===========================
2019-01-02 18:02:38,482-INFO-my_log.py--Ting日志信息: ======================开始测试===========================
2019-01-02 18:02:38,494-INFO-my_log.py--Ting日志信息: 账户余额=-17998175.36
2019-01-02 18:02:38,496-INFO-my_log.py--Ting日志信息: ============测试用例的title为  账户余额不足，投标金额：int（账户余额/100）*100==============case_id=16
2019-01-02 18:02:38,499-INFO-my_log.py--Ting日志信息: 测试参数：{"memberId":1111404,"password":1234567890,"loanId":8111,"amount":-17998100}
2019-01-02 18:02:38,530-INFO-my_log.py--Ting日志信息: {'code': '11007', 'data': None, 'status': 0, 'msg': '参数错误，投资金额必须是能被100整除的正整数'}
2019-01-02 18:02:38,532-ERROR-my_log.py--Ting日志信息: 断言报错啦！，错误原因：'20119' != '11007'
- 20119
+ 11007

2019-01-02 18:02:38,534-ERROR-my_log.py--Ting日志信息: 测试结果是：False
2019-01-02 18:02:38,732-INFO-my_log.py--Ting日志信息: ======================结束测试===========================
2019-01-02 18:02:38,735-INFO-my_log.py--Ting日志信息: ======================开始测试===========================
2019-01-02 18:02:38,747-INFO-my_log.py--Ting日志信息: 账户余额=-17998175.36
2019-01-02 18:02:38,750-INFO-my_log.py--Ting日志信息: ============测试用例的title为  标的已满==============case_id=17
2019-01-02 18:02:38,752-INFO-my_log.py--Ting日志信息: 测试参数：{"memberId":1111404,"password":1234567890,"loanId":4819,"amount":"200"}
2019-01-02 18:02:38,784-INFO-my_log.py--Ting日志信息: {'code': '11010', 'data': None, 'status': 0, 'msg': '该标不在竞标中状态，无法完成投标'}
2019-01-02 18:02:38,787-ERROR-my_log.py--Ting日志信息: 断言报错啦！，错误原因：'11011' != '11010'
- 11011
?     ^
+ 11010
?     ^

2019-01-02 18:02:38,790-ERROR-my_log.py--Ting日志信息: 测试结果是：False
2019-01-02 18:02:38,935-INFO-my_log.py--Ting日志信息: ======================结束测试===========================
2019-01-02 18:02:39,813-INFO-my_log.py--Ting日志信息: ======================开始测试===========================
2019-01-02 18:02:39,826-INFO-my_log.py--Ting日志信息: 账户余额=-17998175.36
2019-01-02 18:02:39,828-INFO-my_log.py--Ting日志信息: ============测试用例的title为： 正常登录==============case_id=1
2019-01-02 18:02:39,855-ERROR-my_log.py--Ting日志信息: 测试结果是：PASS
2019-01-02 18:02:39,968-ERROR-my_log.py--Ting日志信息: 充值金额= 0
2019-01-02 18:02:39,970-ERROR-my_log.py--Ting日志信息: 用户实际余额=-17998175.36
2019-01-02 18:02:39,983-ERROR-my_log.py--Ting日志信息: 账户余额正确！
2019-01-02 18:02:39,985-INFO-my_log.py--Ting日志信息: ======================结束测试===========================
2019-01-02 18:02:39,987-INFO-my_log.py--Ting日志信息: ======================开始测试===========================
2019-01-02 18:02:40,003-INFO-my_log.py--Ting日志信息: 账户余额=-17998175.36
2019-01-02 18:02:40,005-INFO-my_log.py--Ting日志信息: ============测试用例的title为： 充值成功==============case_id=2
2019-01-02 18:02:40,046-ERROR-my_log.py--Ting日志信息: 测试结果是：PASS
2019-01-02 18:02:40,158-ERROR-my_log.py--Ting日志信息: 充值金额=2000
2019-01-02 18:02:40,161-ERROR-my_log.py--Ting日志信息: 用户实际余额=-17996175.36
2019-01-02 18:02:40,174-ERROR-my_log.py--Ting日志信息: 账户余额正确！
2019-01-02 18:02:40,176-INFO-my_log.py--Ting日志信息: ======================结束测试===========================
2019-01-02 18:02:40,178-INFO-my_log.py--Ting日志信息: ======================开始测试===========================
2019-01-02 18:02:40,197-INFO-my_log.py--Ting日志信息: 账户余额=-17996175.36
2019-01-02 18:02:40,199-INFO-my_log.py--Ting日志信息: ============测试用例的title为： 充值手机号为空==============case_id=3
2019-01-02 18:02:40,231-ERROR-my_log.py--Ting日志信息: 测试结果是：PASS
2019-01-02 18:02:40,342-ERROR-my_log.py--Ting日志信息: 充值金额= 0
2019-01-02 18:02:40,345-ERROR-my_log.py--Ting日志信息: 用户实际余额=-17996175.36
2019-01-02 18:02:40,358-ERROR-my_log.py--Ting日志信息: 账户余额正确！
2019-01-02 18:02:40,361-INFO-my_log.py--Ting日志信息: ======================结束测试===========================
2019-01-02 18:02:40,363-INFO-my_log.py--Ting日志信息: ======================开始测试===========================
2019-01-02 18:02:40,376-INFO-my_log.py--Ting日志信息: 账户余额=-17996175.36
2019-01-02 18:02:40,377-INFO-my_log.py--Ting日志信息: ============测试用例的title为： 充值金额为空==============case_id=4
2019-01-02 18:02:40,399-ERROR-my_log.py--Ting日志信息: 测试结果是：PASS
2019-01-02 18:02:40,511-ERROR-my_log.py--Ting日志信息: 充值金额= 0
2019-01-02 18:02:40,515-ERROR-my_log.py--Ting日志信息: 用户实际余额=-17996175.36
2019-01-02 18:02:40,527-ERROR-my_log.py--Ting日志信息: 账户余额正确！
2019-01-02 18:02:40,529-INFO-my_log.py--Ting日志信息: ======================结束测试===========================
2019-01-02 18:02:40,531-INFO-my_log.py--Ting日志信息: ======================开始测试===========================
2019-01-02 18:02:40,544-INFO-my_log.py--Ting日志信息: 账户余额=-17996175.36
2019-01-02 18:02:40,546-INFO-my_log.py--Ting日志信息: ============测试用例的title为： 充值手机号格式错误==============case_id=5
2019-01-02 18:02:40,588-ERROR-my_log.py--Ting日志信息: 断言报错啦！，错误原因：'20109' != '10001'
- 20109
+ 10001

2019-01-02 18:02:40,590-ERROR-my_log.py--Ting日志信息: 测试结果是：False
2019-01-02 18:02:40,704-ERROR-my_log.py--Ting日志信息: 充值金额=100
2019-01-02 18:02:40,712-ERROR-my_log.py--Ting日志信息: 用户实际余额=-17996175.36
2019-01-02 18:02:40,726-ERROR-my_log.py--Ting日志信息: 数据库账户余额不等于实际余额，错误原因:-17996075.36 != -17996175.36
2019-01-02 18:02:40,786-ERROR-my_log.py--Ting日志信息: 数据库账户余额-17996075.36，实际余额应为-17996175.36
2019-01-02 18:02:40,790-INFO-my_log.py--Ting日志信息: ======================结束测试===========================
2019-01-02 18:02:40,794-INFO-my_log.py--Ting日志信息: ======================开始测试===========================
2019-01-02 18:02:40,809-INFO-my_log.py--Ting日志信息: 账户余额=-17996075.36
2019-01-02 18:02:40,812-INFO-my_log.py--Ting日志信息: ============测试用例的title为： 充值金额：0==============case_id=6
2019-01-02 18:02:40,850-ERROR-my_log.py--Ting日志信息: 断言报错啦！，错误原因：'20117' != '10001'
- 20117
+ 10001

2019-01-02 18:02:40,853-ERROR-my_log.py--Ting日志信息: 测试结果是：False
2019-01-02 18:02:40,975-ERROR-my_log.py--Ting日志信息: 充值金额=0
2019-01-02 18:02:40,978-ERROR-my_log.py--Ting日志信息: 用户实际余额=-17996075.36
2019-01-02 18:02:41,002-ERROR-my_log.py--Ting日志信息: 账户余额正确！
2019-01-02 18:02:41,005-INFO-my_log.py--Ting日志信息: ======================结束测试===========================
2019-01-02 18:02:41,007-INFO-my_log.py--Ting日志信息: ======================开始测试===========================
2019-01-02 18:02:41,020-INFO-my_log.py--Ting日志信息: 账户余额=-17996075.36
2019-01-02 18:02:41,022-INFO-my_log.py--Ting日志信息: ============测试用例的title为： 充值金额：-10==============case_id=7
2019-01-02 18:02:41,049-ERROR-my_log.py--Ting日志信息: 测试结果是：PASS
2019-01-02 18:02:41,160-ERROR-my_log.py--Ting日志信息: 充值金额= 0
2019-01-02 18:02:41,163-ERROR-my_log.py--Ting日志信息: 用户实际余额=-17996075.36
2019-01-02 18:02:41,175-ERROR-my_log.py--Ting日志信息: 账户余额正确！
2019-01-02 18:02:41,178-INFO-my_log.py--Ting日志信息: ======================结束测试===========================
2019-01-02 18:02:41,180-INFO-my_log.py--Ting日志信息: ======================开始测试===========================
2019-01-02 18:02:41,193-INFO-my_log.py--Ting日志信息: 账户余额=-17996075.36
2019-01-02 18:02:41,195-INFO-my_log.py--Ting日志信息: ============测试用例的title为： 充值金额：100@！==============case_id=8
2019-01-02 18:02:41,218-ERROR-my_log.py--Ting日志信息: 测试结果是：PASS
2019-01-02 18:02:41,360-ERROR-my_log.py--Ting日志信息: 充值金额= 0
2019-01-02 18:02:41,363-ERROR-my_log.py--Ting日志信息: 用户实际余额=-17996075.36
2019-01-02 18:02:41,376-ERROR-my_log.py--Ting日志信息: 账户余额正确！
2019-01-02 18:02:41,379-INFO-my_log.py--Ting日志信息: ======================结束测试===========================
2019-01-02 18:02:41,382-INFO-my_log.py--Ting日志信息: ======================开始测试===========================
2019-01-02 18:02:41,395-INFO-my_log.py--Ting日志信息: 账户余额=-17996075.36
2019-01-02 18:02:41,397-INFO-my_log.py--Ting日志信息: ============测试用例的title为： 充值金额：100.88==============case_id=9
2019-01-02 18:02:41,441-ERROR-my_log.py--Ting日志信息: 测试结果是：PASS
2019-01-02 18:02:41,600-ERROR-my_log.py--Ting日志信息: 充值金额=100.88
2019-01-02 18:02:41,603-ERROR-my_log.py--Ting日志信息: 用户实际余额=-17995974.48
2019-01-02 18:02:41,615-ERROR-my_log.py--Ting日志信息: 账户余额正确！
2019-01-02 18:02:41,618-INFO-my_log.py--Ting日志信息: ======================结束测试===========================
2019-01-02 18:02:41,620-INFO-my_log.py--Ting日志信息: ======================开始测试===========================
2019-01-02 18:02:41,633-INFO-my_log.py--Ting日志信息: 账户余额=-17995974.48
2019-01-02 18:02:41,636-INFO-my_log.py--Ting日志信息: ============测试用例的title为： 充值金额：100.555==============case_id=10
2019-01-02 18:02:41,661-ERROR-my_log.py--Ting日志信息: 测试结果是：PASS
2019-01-02 18:02:41,778-ERROR-my_log.py--Ting日志信息: 充值金额= 0
2019-01-02 18:02:41,780-ERROR-my_log.py--Ting日志信息: 用户实际余额=-17995974.48
2019-01-02 18:02:41,793-ERROR-my_log.py--Ting日志信息: 账户余额正确！
2019-01-02 18:02:41,795-INFO-my_log.py--Ting日志信息: ======================结束测试===========================
2019-01-02 18:04:51,728-INFO-my_log.py--Ting日志信息: ======================开始测试===========================
2019-01-02 18:04:51,739-INFO-my_log.py--Ting日志信息: 账户余额=-17995974.48
2019-01-02 18:04:51,741-INFO-my_log.py--Ting日志信息: ============测试用例的title为  正常登录==============case_id=1
2019-01-02 18:04:51,744-INFO-my_log.py--Ting日志信息: 测试参数：{'mobilephone': 13729990000, 'pwd':1234567890}
2019-01-02 18:04:51,774-INFO-my_log.py--Ting日志信息: {'code': '10001', 'msg': '登录成功', 'data': None, 'status': 1}
2019-01-02 18:04:51,776-ERROR-my_log.py--Ting日志信息: 测试结果是：PASS
2019-01-02 18:04:51,907-INFO-my_log.py--Ting日志信息: ======================结束测试===========================
2019-01-02 18:04:51,917-INFO-my_log.py--Ting日志信息: ======================开始测试===========================
2019-01-02 18:04:51,930-INFO-my_log.py--Ting日志信息: 账户余额=-17995974.48
2019-01-02 18:04:51,934-INFO-my_log.py--Ting日志信息: ============测试用例的title为  正常投标==============case_id=2
2019-01-02 18:04:51,936-INFO-my_log.py--Ting日志信息: 测试参数：{"memberId":1111404,"password":1234567890,"loanId":8111,"amount":"200"}
2019-01-02 18:04:51,992-INFO-my_log.py--Ting日志信息: {'code': '10001', 'msg': '竞标成功', 'data': None, 'status': 1}
2019-01-02 18:04:51,995-ERROR-my_log.py--Ting日志信息: 测试结果是：PASS
2019-01-02 18:04:52,131-ERROR-my_log.py--Ting日志信息: 投标金额=200
2019-01-02 18:04:52,144-INFO-my_log.py--Ting日志信息: ======================结束测试===========================
2019-01-02 18:04:52,146-INFO-my_log.py--Ting日志信息: ======================开始测试===========================
2019-01-02 18:04:52,157-INFO-my_log.py--Ting日志信息: 账户余额=-17996174.48
2019-01-02 18:04:52,159-INFO-my_log.py--Ting日志信息: ============测试用例的title为  用户id为空==============case_id=3
2019-01-02 18:04:52,162-INFO-my_log.py--Ting日志信息: 测试参数：{"memberId":"","password":1234567890,"loanId":8111,"amount":"200"}
2019-01-02 18:04:52,190-INFO-my_log.py--Ting日志信息: {'code': '11003', 'msg': '参数错误:所有参数都不能为空', 'data': None, 'status': 0}
2019-01-02 18:04:52,192-ERROR-my_log.py--Ting日志信息: 测试结果是：PASS
2019-01-02 18:04:52,388-INFO-my_log.py--Ting日志信息: ======================结束测试===========================
2019-01-02 18:04:52,391-INFO-my_log.py--Ting日志信息: ======================开始测试===========================
2019-01-02 18:04:52,406-INFO-my_log.py--Ting日志信息: 账户余额=-17996174.48
2019-01-02 18:04:52,408-INFO-my_log.py--Ting日志信息: ============测试用例的title为  密码为空==============case_id=4
2019-01-02 18:04:52,412-INFO-my_log.py--Ting日志信息: 测试参数：{"memberId":1111404,"password":"","loanId":8111,"amount":"200"}
2019-01-02 18:04:52,439-INFO-my_log.py--Ting日志信息: {'code': '11003', 'msg': '参数错误:所有参数都不能为空', 'data': None, 'status': 0}
2019-01-02 18:04:52,441-ERROR-my_log.py--Ting日志信息: 测试结果是：PASS
2019-01-02 18:04:52,685-INFO-my_log.py--Ting日志信息: ======================结束测试===========================
2019-01-02 18:04:52,688-INFO-my_log.py--Ting日志信息: ======================开始测试===========================
2019-01-02 18:04:52,701-INFO-my_log.py--Ting日志信息: 账户余额=-17996174.48
2019-01-02 18:04:52,703-INFO-my_log.py--Ting日志信息: ============测试用例的title为  标id为空==============case_id=5
2019-01-02 18:04:52,707-INFO-my_log.py--Ting日志信息: 测试参数：{"memberId":1111404,"password":1234567890,"loanId":"","amount":"200"}
2019-01-02 18:04:52,760-INFO-my_log.py--Ting日志信息: {'code': '11003', 'msg': '参数错误:所有参数都不能为空', 'data': None, 'status': 0}
2019-01-02 18:04:52,763-ERROR-my_log.py--Ting日志信息: 测试结果是：PASS
2019-01-02 18:04:52,912-INFO-my_log.py--Ting日志信息: ======================结束测试===========================
2019-01-02 18:04:52,914-INFO-my_log.py--Ting日志信息: ======================开始测试===========================
2019-01-02 18:04:52,927-INFO-my_log.py--Ting日志信息: 账户余额=-17996174.48
2019-01-02 18:04:52,928-INFO-my_log.py--Ting日志信息: ============测试用例的title为  金额为空==============case_id=6
2019-01-02 18:04:52,930-INFO-my_log.py--Ting日志信息: 测试参数：{"memberId":1111404,"password":1234567890,"loanId":8111,"amount":""}
2019-01-02 18:04:52,951-INFO-my_log.py--Ting日志信息: {'code': '11003', 'msg': '参数错误:所有参数都不能为空', 'data': None, 'status': 0}
2019-01-02 18:04:52,953-ERROR-my_log.py--Ting日志信息: 测试结果是：PASS
2019-01-02 18:04:53,071-INFO-my_log.py--Ting日志信息: ======================结束测试===========================
2019-01-02 18:04:53,074-INFO-my_log.py--Ting日志信息: ======================开始测试===========================
2019-01-02 18:04:53,084-INFO-my_log.py--Ting日志信息: 账户余额=-17996174.48
2019-01-02 18:04:53,086-INFO-my_log.py--Ting日志信息: ============测试用例的title为  不存在的标的==============case_id=7
2019-01-02 18:04:53,089-INFO-my_log.py--Ting日志信息: 测试参数：{"memberId":1111404,"password":1234567890,"loanId":9514,"amount":"200"}
2019-01-02 18:04:53,122-INFO-my_log.py--Ting日志信息: {'code': '11009', 'msg': '不存在该标的', 'data': None, 'status': 0}
2019-01-02 18:04:53,125-ERROR-my_log.py--Ting日志信息: 测试结果是：PASS
2019-01-02 18:04:53,244-INFO-my_log.py--Ting日志信息: ======================结束测试===========================
2019-01-02 18:04:53,246-INFO-my_log.py--Ting日志信息: ======================开始测试===========================
2019-01-02 18:04:53,258-INFO-my_log.py--Ting日志信息: 账户余额=-17996174.48
2019-01-02 18:04:53,260-INFO-my_log.py--Ting日志信息: ============测试用例的title为  密码长度错误：12345==============case_id=8
2019-01-02 18:04:53,262-INFO-my_log.py--Ting日志信息: 测试参数：{"memberId":1111404,"password":"12345","loanId":8111,"amount":"200"}
2019-01-02 18:04:53,285-INFO-my_log.py--Ting日志信息: {'code': '11006', 'msg': '参数错误，password长度必须大于6位且小于18位', 'data': None, 'status': 0}
2019-01-02 18:04:53,287-ERROR-my_log.py--Ting日志信息: 测试结果是：PASS
2019-01-02 18:04:53,406-INFO-my_log.py--Ting日志信息: ======================结束测试===========================
2019-01-02 18:04:53,408-INFO-my_log.py--Ting日志信息: ======================开始测试===========================
2019-01-02 18:04:53,419-INFO-my_log.py--Ting日志信息: 账户余额=-17996174.48
2019-01-02 18:04:53,421-INFO-my_log.py--Ting日志信息: ============测试用例的title为  密码长度错误：1234567890123456789==============case_id=9
2019-01-02 18:04:53,422-INFO-my_log.py--Ting日志信息: 测试参数：{"memberId":1111404,"password":"1234567890123456789","loanId":8111,"amount":"100"}
2019-01-02 18:04:53,455-INFO-my_log.py--Ting日志信息: {'code': '11006', 'msg': '参数错误，password长度必须大于6位且小于18位', 'data': None, 'status': 0}
2019-01-02 18:04:53,457-ERROR-my_log.py--Ting日志信息: 测试结果是：PASS
2019-01-02 18:04:53,581-INFO-my_log.py--Ting日志信息: ======================结束测试===========================
2019-01-02 18:04:53,583-INFO-my_log.py--Ting日志信息: ======================开始测试===========================
2019-01-02 18:04:53,596-INFO-my_log.py--Ting日志信息: 账户余额=-17996174.48
2019-01-02 18:04:53,597-INFO-my_log.py--Ting日志信息: ============测试用例的title为  标不在竞标中==============case_id=10
2019-01-02 18:04:53,599-INFO-my_log.py--Ting日志信息: 测试参数：{"memberId":1111404,"password":1234567890,"loanId":5,"amount":"100"}
2019-01-02 18:04:53,631-INFO-my_log.py--Ting日志信息: {'code': '11010', 'msg': '该标不在竞标中状态，无法完成投标', 'data': None, 'status': 0}
2019-01-02 18:04:53,633-ERROR-my_log.py--Ting日志信息: 测试结果是：PASS
2019-01-02 18:04:53,754-INFO-my_log.py--Ting日志信息: ======================结束测试===========================
2019-01-02 18:04:53,756-INFO-my_log.py--Ting日志信息: ======================开始测试===========================
2019-01-02 18:04:53,766-INFO-my_log.py--Ting日志信息: 账户余额=-17996174.48
2019-01-02 18:04:53,768-INFO-my_log.py--Ting日志信息: ============测试用例的title为  投标金额：101==============case_id=11
2019-01-02 18:04:53,769-INFO-my_log.py--Ting日志信息: 测试参数：{"memberId":1111404,"password":1234567890,"loanId":8111,"amount":"100.55"}
2019-01-02 18:04:53,796-INFO-my_log.py--Ting日志信息: {'code': '11007', 'msg': '参数错误，投资金额必须是能被100整除的正整数', 'data': None, 'status': 0}
2019-01-02 18:04:53,798-ERROR-my_log.py--Ting日志信息: 测试结果是：PASS
2019-01-02 18:04:53,924-INFO-my_log.py--Ting日志信息: ======================结束测试===========================
2019-01-02 18:04:53,927-INFO-my_log.py--Ting日志信息: ======================开始测试===========================
2019-01-02 18:04:53,937-INFO-my_log.py--Ting日志信息: 账户余额=-17996174.48
2019-01-02 18:04:53,939-INFO-my_log.py--Ting日志信息: ============测试用例的title为  投标金额：99.5==============case_id=12
2019-01-02 18:04:53,941-INFO-my_log.py--Ting日志信息: 测试参数：{"memberId":1111404,"password":1234567890,"loanId":8111,"amount":"99.5"}
2019-01-02 18:04:53,966-INFO-my_log.py--Ting日志信息: {'code': '11007', 'msg': '参数错误，投资金额必须是能被100整除的正整数', 'data': None, 'status': 0}
2019-01-02 18:04:53,969-ERROR-my_log.py--Ting日志信息: 测试结果是：PASS
2019-01-02 18:04:54,089-INFO-my_log.py--Ting日志信息: ======================结束测试===========================
2019-01-02 18:04:54,092-INFO-my_log.py--Ting日志信息: ======================开始测试===========================
2019-01-02 18:04:54,103-INFO-my_log.py--Ting日志信息: 账户余额=-17996174.48
2019-01-02 18:04:54,105-INFO-my_log.py--Ting日志信息: ============测试用例的title为  投标金额为：-100==============case_id=13
2019-01-02 18:04:54,107-INFO-my_log.py--Ting日志信息: 测试参数：{"memberId":1111404,"password":1234567890,"loanId":8111,"amount":"-100"}
2019-01-02 18:04:54,130-INFO-my_log.py--Ting日志信息: {'code': '11007', 'msg': '参数错误，投资金额必须是能被100整除的正整数', 'data': None, 'status': 0}
2019-01-02 18:04:54,133-ERROR-my_log.py--Ting日志信息: 测试结果是：PASS
2019-01-02 18:04:54,255-INFO-my_log.py--Ting日志信息: ======================结束测试===========================
2019-01-02 18:04:54,258-INFO-my_log.py--Ting日志信息: ======================开始测试===========================
2019-01-02 18:04:54,268-INFO-my_log.py--Ting日志信息: 账户余额=-17996174.48
2019-01-02 18:04:54,270-INFO-my_log.py--Ting日志信息: ============测试用例的title为  投标金额大于可投金额==============case_id=14
2019-01-02 18:04:54,273-INFO-my_log.py--Ting日志信息: 测试参数：{"memberId":1111404,"password":1234567890,"loanId":8111,"amount":"9000000"}
2019-01-02 18:04:54,333-INFO-my_log.py--Ting日志信息: {'code': '10001', 'msg': '竞标成功', 'data': None, 'status': 1}
2019-01-02 18:04:54,336-ERROR-my_log.py--Ting日志信息: 断言报错啦！，错误原因：'11012' != '10001'
- 11012
+ 10001

2019-01-02 18:04:54,339-ERROR-my_log.py--Ting日志信息: 测试结果是：False
2019-01-02 18:04:54,466-ERROR-my_log.py--Ting日志信息: 投标金额=9000000
2019-01-02 18:04:54,478-INFO-my_log.py--Ting日志信息: ======================结束测试===========================
2019-01-02 18:04:54,481-INFO-my_log.py--Ting日志信息: ======================开始测试===========================
2019-01-02 18:04:54,492-INFO-my_log.py--Ting日志信息: 账户余额=-26996174.48
2019-01-02 18:04:54,494-INFO-my_log.py--Ting日志信息: ============测试用例的title为  用户id为负数==============case_id=15
2019-01-02 18:04:54,496-INFO-my_log.py--Ting日志信息: 测试参数：{"memberId":"-122","password":1234567890,"loanId":8111,"amount":"100"}
2019-01-02 18:04:54,520-INFO-my_log.py--Ting日志信息: {'code': '11004', 'msg': '参数错误，memberId必须是大于0的正整数', 'data': None, 'status': 0}
2019-01-02 18:04:54,522-ERROR-my_log.py--Ting日志信息: 测试结果是：PASS
2019-01-02 18:04:54,649-INFO-my_log.py--Ting日志信息: ======================结束测试===========================
2019-01-02 18:04:54,652-INFO-my_log.py--Ting日志信息: ======================开始测试===========================
2019-01-02 18:04:54,664-INFO-my_log.py--Ting日志信息: 账户余额=-26996174.48
2019-01-02 18:04:54,666-INFO-my_log.py--Ting日志信息: ============测试用例的title为  账户余额不足，投标金额：int（账户余额/100）*100==============case_id=16
2019-01-02 18:04:54,668-INFO-my_log.py--Ting日志信息: 测试参数：{"memberId":1111404,"password":1234567890,"loanId":8111,"amount":-26996100}
2019-01-02 18:04:54,697-INFO-my_log.py--Ting日志信息: {'code': '11007', 'msg': '参数错误，投资金额必须是能被100整除的正整数', 'data': None, 'status': 0}
2019-01-02 18:04:54,700-ERROR-my_log.py--Ting日志信息: 断言报错啦！，错误原因：'20119' != '11007'
- 20119
+ 11007

2019-01-02 18:04:54,703-ERROR-my_log.py--Ting日志信息: 测试结果是：False
2019-01-02 18:04:54,835-INFO-my_log.py--Ting日志信息: ======================结束测试===========================
2019-01-02 18:04:54,837-INFO-my_log.py--Ting日志信息: ======================开始测试===========================
2019-01-02 18:04:54,853-INFO-my_log.py--Ting日志信息: 账户余额=-26996174.48
2019-01-02 18:04:54,855-INFO-my_log.py--Ting日志信息: ============测试用例的title为  标的已满==============case_id=17
2019-01-02 18:04:54,856-INFO-my_log.py--Ting日志信息: 测试参数：{"memberId":1111404,"password":1234567890,"loanId":4819,"amount":"200"}
2019-01-02 18:04:54,889-INFO-my_log.py--Ting日志信息: {'code': '11010', 'msg': '该标不在竞标中状态，无法完成投标', 'data': None, 'status': 0}
2019-01-02 18:04:54,891-ERROR-my_log.py--Ting日志信息: 断言报错啦！，错误原因：'11011' != '11010'
- 11011
?     ^
+ 11010
?     ^

2019-01-02 18:04:54,894-ERROR-my_log.py--Ting日志信息: 测试结果是：False
2019-01-02 18:04:55,018-INFO-my_log.py--Ting日志信息: ======================结束测试===========================
2019-01-02 18:04:55,901-INFO-my_log.py--Ting日志信息: ======================开始测试===========================
2019-01-02 18:04:55,913-INFO-my_log.py--Ting日志信息: 账户余额=-26996174.48
2019-01-02 18:04:55,915-INFO-my_log.py--Ting日志信息: ============测试用例的title为： 正常登录==============case_id=1
2019-01-02 18:04:55,942-ERROR-my_log.py--Ting日志信息: 测试结果是：PASS
2019-01-02 18:04:56,057-INFO-my_log.py--Ting日志信息: ======================结束测试===========================
2019-01-02 18:04:56,060-INFO-my_log.py--Ting日志信息: ======================开始测试===========================
2019-01-02 18:04:56,072-INFO-my_log.py--Ting日志信息: 账户余额=-26996174.48
2019-01-02 18:04:56,074-INFO-my_log.py--Ting日志信息: ============测试用例的title为： 充值成功==============case_id=2
2019-01-02 18:04:56,119-ERROR-my_log.py--Ting日志信息: 测试结果是：PASS
2019-01-02 18:04:56,237-INFO-my_log.py--Ting日志信息: ======================结束测试===========================
2019-01-02 18:04:56,240-INFO-my_log.py--Ting日志信息: ======================开始测试===========================
2019-01-02 18:04:56,252-INFO-my_log.py--Ting日志信息: 账户余额=-26994174.48
2019-01-02 18:04:56,254-INFO-my_log.py--Ting日志信息: ============测试用例的title为： 充值手机号为空==============case_id=3
2019-01-02 18:04:56,279-ERROR-my_log.py--Ting日志信息: 测试结果是：PASS
2019-01-02 18:04:56,395-INFO-my_log.py--Ting日志信息: ======================结束测试===========================
2019-01-02 18:04:56,398-INFO-my_log.py--Ting日志信息: ======================开始测试===========================
2019-01-02 18:04:56,410-INFO-my_log.py--Ting日志信息: 账户余额=-26994174.48
2019-01-02 18:04:56,412-INFO-my_log.py--Ting日志信息: ============测试用例的title为： 充值金额为空==============case_id=4
2019-01-02 18:04:56,439-ERROR-my_log.py--Ting日志信息: 测试结果是：PASS
2019-01-02 18:04:56,560-INFO-my_log.py--Ting日志信息: ======================结束测试===========================
2019-01-02 18:04:56,563-INFO-my_log.py--Ting日志信息: ======================开始测试===========================
2019-01-02 18:04:56,575-INFO-my_log.py--Ting日志信息: 账户余额=-26994174.48
2019-01-02 18:04:56,577-INFO-my_log.py--Ting日志信息: ============测试用例的title为： 充值手机号格式错误==============case_id=5
2019-01-02 18:04:56,622-ERROR-my_log.py--Ting日志信息: 断言报错啦！，错误原因：'20109' != '10001'
- 20109
+ 10001

2019-01-02 18:04:56,624-ERROR-my_log.py--Ting日志信息: 测试结果是：False
2019-01-02 18:04:56,740-INFO-my_log.py--Ting日志信息: ======================结束测试===========================
2019-01-02 18:04:56,743-INFO-my_log.py--Ting日志信息: ======================开始测试===========================
2019-01-02 18:04:56,755-INFO-my_log.py--Ting日志信息: 账户余额=-26994074.48
2019-01-02 18:04:56,757-INFO-my_log.py--Ting日志信息: ============测试用例的title为： 充值金额：0==============case_id=6
2019-01-02 18:04:56,787-ERROR-my_log.py--Ting日志信息: 断言报错啦！，错误原因：'20117' != '10001'
- 20117
+ 10001

2019-01-02 18:04:56,790-ERROR-my_log.py--Ting日志信息: 测试结果是：False
2019-01-02 18:04:56,906-INFO-my_log.py--Ting日志信息: ======================结束测试===========================
2019-01-02 18:04:56,909-INFO-my_log.py--Ting日志信息: ======================开始测试===========================
2019-01-02 18:04:56,921-INFO-my_log.py--Ting日志信息: 账户余额=-26994074.48
2019-01-02 18:04:56,923-INFO-my_log.py--Ting日志信息: ============测试用例的title为： 充值金额：-10==============case_id=7
2019-01-02 18:04:56,944-ERROR-my_log.py--Ting日志信息: 测试结果是：PASS
2019-01-02 18:04:57,059-INFO-my_log.py--Ting日志信息: ======================结束测试===========================
2019-01-02 18:04:57,061-INFO-my_log.py--Ting日志信息: ======================开始测试===========================
2019-01-02 18:04:57,074-INFO-my_log.py--Ting日志信息: 账户余额=-26994074.48
2019-01-02 18:04:57,076-INFO-my_log.py--Ting日志信息: ============测试用例的title为： 充值金额：100@！==============case_id=8
2019-01-02 18:04:57,099-ERROR-my_log.py--Ting日志信息: 测试结果是：PASS
2019-01-02 18:04:57,211-INFO-my_log.py--Ting日志信息: ======================结束测试===========================
2019-01-02 18:04:57,213-INFO-my_log.py--Ting日志信息: ======================开始测试===========================
2019-01-02 18:04:57,226-INFO-my_log.py--Ting日志信息: 账户余额=-26994074.48
2019-01-02 18:04:57,228-INFO-my_log.py--Ting日志信息: ============测试用例的title为： 充值金额：100.88==============case_id=9
2019-01-02 18:04:57,267-ERROR-my_log.py--Ting日志信息: 测试结果是：PASS
2019-01-02 18:04:57,429-INFO-my_log.py--Ting日志信息: ======================结束测试===========================
2019-01-02 18:04:57,432-INFO-my_log.py--Ting日志信息: ======================开始测试===========================
2019-01-02 18:04:57,445-INFO-my_log.py--Ting日志信息: 账户余额=-26993973.60
2019-01-02 18:04:57,447-INFO-my_log.py--Ting日志信息: ============测试用例的title为： 充值金额：100.555==============case_id=10
2019-01-02 18:04:57,472-ERROR-my_log.py--Ting日志信息: 测试结果是：PASS
2019-01-02 18:04:57,624-INFO-my_log.py--Ting日志信息: ======================结束测试===========================
2019-01-02 18:05:44,558-INFO-my_log.py--Ting日志信息: ======================开始测试===========================
2019-01-02 18:05:44,571-INFO-my_log.py--Ting日志信息: 账户余额=-26993973.60
2019-01-02 18:05:44,574-INFO-my_log.py--Ting日志信息: ============测试用例的title为  正常登录==============case_id=1
2019-01-02 18:05:44,576-INFO-my_log.py--Ting日志信息: 测试参数：{'mobilephone': 13729990000, 'pwd':1234567890}
2019-01-02 18:05:44,673-INFO-my_log.py--Ting日志信息: {'code': '10001', 'msg': '登录成功', 'data': None, 'status': 1}
2019-01-02 18:05:44,675-ERROR-my_log.py--Ting日志信息: 测试结果是：PASS
2019-01-02 18:05:44,802-INFO-my_log.py--Ting日志信息: ======================结束测试===========================
2019-01-02 18:05:44,805-INFO-my_log.py--Ting日志信息: ======================开始测试===========================
2019-01-02 18:05:44,828-INFO-my_log.py--Ting日志信息: 账户余额=-26993973.60
2019-01-02 18:05:44,830-INFO-my_log.py--Ting日志信息: ============测试用例的title为  正常投标==============case_id=2
2019-01-02 18:05:44,831-INFO-my_log.py--Ting日志信息: 测试参数：{"memberId":1111404,"password":1234567890,"loanId":8111,"amount":"200"}
2019-01-02 18:05:44,976-INFO-my_log.py--Ting日志信息: {'code': '10001', 'msg': '竞标成功', 'data': None, 'status': 1}
2019-01-02 18:05:44,978-ERROR-my_log.py--Ting日志信息: 测试结果是：PASS
2019-01-02 18:05:45,112-ERROR-my_log.py--Ting日志信息: 投标金额=200
2019-01-02 18:05:45,126-INFO-my_log.py--Ting日志信息: ======================结束测试===========================
2019-01-02 18:05:45,128-INFO-my_log.py--Ting日志信息: ======================开始测试===========================
2019-01-02 18:05:45,146-INFO-my_log.py--Ting日志信息: 账户余额=-26994173.60
2019-01-02 18:05:45,149-INFO-my_log.py--Ting日志信息: ============测试用例的title为  用户id为空==============case_id=3
2019-01-02 18:05:45,151-INFO-my_log.py--Ting日志信息: 测试参数：{"memberId":"","password":1234567890,"loanId":8111,"amount":"200"}
2019-01-02 18:05:45,346-INFO-my_log.py--Ting日志信息: {'code': '11003', 'msg': '参数错误:所有参数都不能为空', 'data': None, 'status': 0}
2019-01-02 18:05:45,350-ERROR-my_log.py--Ting日志信息: 测试结果是：PASS
2019-01-02 18:05:45,515-INFO-my_log.py--Ting日志信息: ======================结束测试===========================
2019-01-02 18:05:45,517-INFO-my_log.py--Ting日志信息: ======================开始测试===========================
2019-01-02 18:05:45,528-INFO-my_log.py--Ting日志信息: 账户余额=-26994173.60
2019-01-02 18:05:45,530-INFO-my_log.py--Ting日志信息: ============测试用例的title为  密码为空==============case_id=4
2019-01-02 18:05:45,532-INFO-my_log.py--Ting日志信息: 测试参数：{"memberId":1111404,"password":"","loanId":8111,"amount":"200"}
2019-01-02 18:05:45,640-INFO-my_log.py--Ting日志信息: {'code': '11003', 'msg': '参数错误:所有参数都不能为空', 'data': None, 'status': 0}
2019-01-02 18:05:45,642-ERROR-my_log.py--Ting日志信息: 测试结果是：PASS
2019-01-02 18:05:45,797-INFO-my_log.py--Ting日志信息: ======================结束测试===========================
2019-01-02 18:05:45,800-INFO-my_log.py--Ting日志信息: ======================开始测试===========================
2019-01-02 18:05:45,811-INFO-my_log.py--Ting日志信息: 账户余额=-26994173.60
2019-01-02 18:05:45,813-INFO-my_log.py--Ting日志信息: ============测试用例的title为  标id为空==============case_id=5
2019-01-02 18:05:45,815-INFO-my_log.py--Ting日志信息: 测试参数：{"memberId":1111404,"password":1234567890,"loanId":"","amount":"200"}
2019-01-02 18:05:45,840-INFO-my_log.py--Ting日志信息: {'code': '11003', 'msg': '参数错误:所有参数都不能为空', 'data': None, 'status': 0}
2019-01-02 18:05:45,842-ERROR-my_log.py--Ting日志信息: 测试结果是：PASS
2019-01-02 18:05:45,963-INFO-my_log.py--Ting日志信息: ======================结束测试===========================
2019-01-02 18:05:45,965-INFO-my_log.py--Ting日志信息: ======================开始测试===========================
2019-01-02 18:05:45,976-INFO-my_log.py--Ting日志信息: 账户余额=-26994173.60
2019-01-02 18:05:45,978-INFO-my_log.py--Ting日志信息: ============测试用例的title为  金额为空==============case_id=6
2019-01-02 18:05:45,980-INFO-my_log.py--Ting日志信息: 测试参数：{"memberId":1111404,"password":1234567890,"loanId":8111,"amount":""}
2019-01-02 18:05:46,000-INFO-my_log.py--Ting日志信息: {'code': '11003', 'msg': '参数错误:所有参数都不能为空', 'data': None, 'status': 0}
2019-01-02 18:05:46,002-ERROR-my_log.py--Ting日志信息: 测试结果是：PASS
2019-01-02 18:05:46,134-INFO-my_log.py--Ting日志信息: ======================结束测试===========================
2019-01-02 18:05:46,136-INFO-my_log.py--Ting日志信息: ======================开始测试===========================
2019-01-02 18:05:46,146-INFO-my_log.py--Ting日志信息: 账户余额=-26994173.60
2019-01-02 18:05:46,148-INFO-my_log.py--Ting日志信息: ============测试用例的title为  不存在的标的==============case_id=7
2019-01-02 18:05:46,150-INFO-my_log.py--Ting日志信息: 测试参数：{"memberId":1111404,"password":1234567890,"loanId":9514,"amount":"200"}
2019-01-02 18:05:46,177-INFO-my_log.py--Ting日志信息: {'code': '11009', 'msg': '不存在该标的', 'data': None, 'status': 0}
2019-01-02 18:05:46,179-ERROR-my_log.py--Ting日志信息: 测试结果是：PASS
2019-01-02 18:05:46,313-INFO-my_log.py--Ting日志信息: ======================结束测试===========================
2019-01-02 18:05:46,315-INFO-my_log.py--Ting日志信息: ======================开始测试===========================
2019-01-02 18:05:46,330-INFO-my_log.py--Ting日志信息: 账户余额=-26994173.60
2019-01-02 18:05:46,332-INFO-my_log.py--Ting日志信息: ============测试用例的title为  密码长度错误：12345==============case_id=8
2019-01-02 18:05:46,334-INFO-my_log.py--Ting日志信息: 测试参数：{"memberId":1111404,"password":"12345","loanId":8111,"amount":"200"}
2019-01-02 18:05:46,362-INFO-my_log.py--Ting日志信息: {'code': '11006', 'msg': '参数错误，password长度必须大于6位且小于18位', 'data': None, 'status': 0}
2019-01-02 18:05:46,364-ERROR-my_log.py--Ting日志信息: 测试结果是：PASS
2019-01-02 18:05:46,490-INFO-my_log.py--Ting日志信息: ======================结束测试===========================
2019-01-02 18:05:46,493-INFO-my_log.py--Ting日志信息: ======================开始测试===========================
2019-01-02 18:05:46,502-INFO-my_log.py--Ting日志信息: 账户余额=-26994173.60
2019-01-02 18:05:46,504-INFO-my_log.py--Ting日志信息: ============测试用例的title为  密码长度错误：1234567890123456789==============case_id=9
2019-01-02 18:05:46,506-INFO-my_log.py--Ting日志信息: 测试参数：{"memberId":1111404,"password":"1234567890123456789","loanId":8111,"amount":"100"}
2019-01-02 18:05:46,529-INFO-my_log.py--Ting日志信息: {'code': '11006', 'msg': '参数错误，password长度必须大于6位且小于18位', 'data': None, 'status': 0}
2019-01-02 18:05:46,531-ERROR-my_log.py--Ting日志信息: 测试结果是：PASS
2019-01-02 18:05:46,651-INFO-my_log.py--Ting日志信息: ======================结束测试===========================
2019-01-02 18:05:46,653-INFO-my_log.py--Ting日志信息: ======================开始测试===========================
2019-01-02 18:05:46,685-INFO-my_log.py--Ting日志信息: 账户余额=-26994173.60
2019-01-02 18:05:46,687-INFO-my_log.py--Ting日志信息: ============测试用例的title为  标不在竞标中==============case_id=10
2019-01-02 18:05:46,689-INFO-my_log.py--Ting日志信息: 测试参数：{"memberId":1111404,"password":1234567890,"loanId":5,"amount":"100"}
2019-01-02 18:05:48,004-INFO-my_log.py--Ting日志信息: {'code': '11010', 'msg': '该标不在竞标中状态，无法完成投标', 'data': None, 'status': 0}
2019-01-02 18:05:48,007-ERROR-my_log.py--Ting日志信息: 测试结果是：PASS
2019-01-02 18:05:48,138-INFO-my_log.py--Ting日志信息: ======================结束测试===========================
2019-01-02 18:05:48,140-INFO-my_log.py--Ting日志信息: ======================开始测试===========================
2019-01-02 18:05:48,151-INFO-my_log.py--Ting日志信息: 账户余额=-26994173.60
2019-01-02 18:05:48,153-INFO-my_log.py--Ting日志信息: ============测试用例的title为  投标金额：101==============case_id=11
2019-01-02 18:05:48,154-INFO-my_log.py--Ting日志信息: 测试参数：{"memberId":1111404,"password":1234567890,"loanId":8111,"amount":"100.55"}
2019-01-02 18:05:48,179-INFO-my_log.py--Ting日志信息: {'code': '11007', 'msg': '参数错误，投资金额必须是能被100整除的正整数', 'data': None, 'status': 0}
2019-01-02 18:05:48,181-ERROR-my_log.py--Ting日志信息: 测试结果是：PASS
2019-01-02 18:05:48,304-INFO-my_log.py--Ting日志信息: ======================结束测试===========================
2019-01-02 18:05:48,306-INFO-my_log.py--Ting日志信息: ======================开始测试===========================
2019-01-02 18:05:48,326-INFO-my_log.py--Ting日志信息: 账户余额=-26994173.60
2019-01-02 18:05:48,328-INFO-my_log.py--Ting日志信息: ============测试用例的title为  投标金额：99.5==============case_id=12
2019-01-02 18:05:48,330-INFO-my_log.py--Ting日志信息: 测试参数：{"memberId":1111404,"password":1234567890,"loanId":8111,"amount":"99.5"}
2019-01-02 18:05:48,361-INFO-my_log.py--Ting日志信息: {'code': '11007', 'msg': '参数错误，投资金额必须是能被100整除的正整数', 'data': None, 'status': 0}
2019-01-02 18:05:48,363-ERROR-my_log.py--Ting日志信息: 测试结果是：PASS
2019-01-02 18:05:48,483-INFO-my_log.py--Ting日志信息: ======================结束测试===========================
2019-01-02 18:05:48,486-INFO-my_log.py--Ting日志信息: ======================开始测试===========================
2019-01-02 18:05:48,495-INFO-my_log.py--Ting日志信息: 账户余额=-26994173.60
2019-01-02 18:05:48,497-INFO-my_log.py--Ting日志信息: ============测试用例的title为  投标金额为：-100==============case_id=13
2019-01-02 18:05:48,500-INFO-my_log.py--Ting日志信息: 测试参数：{"memberId":1111404,"password":1234567890,"loanId":8111,"amount":"-100"}
2019-01-02 18:05:48,522-INFO-my_log.py--Ting日志信息: {'code': '11007', 'msg': '参数错误，投资金额必须是能被100整除的正整数', 'data': None, 'status': 0}
2019-01-02 18:05:48,524-ERROR-my_log.py--Ting日志信息: 测试结果是：PASS
2019-01-02 18:05:48,644-INFO-my_log.py--Ting日志信息: ======================结束测试===========================
2019-01-02 18:05:48,646-INFO-my_log.py--Ting日志信息: ======================开始测试===========================
2019-01-02 18:05:48,657-INFO-my_log.py--Ting日志信息: 账户余额=-26994173.60
2019-01-02 18:05:48,658-INFO-my_log.py--Ting日志信息: ============测试用例的title为  投标金额大于可投金额==============case_id=14
2019-01-02 18:05:48,660-INFO-my_log.py--Ting日志信息: 测试参数：{"memberId":1111404,"password":1234567890,"loanId":8111,"amount":"9000000"}
2019-01-02 18:05:48,714-INFO-my_log.py--Ting日志信息: {'code': '10001', 'msg': '竞标成功', 'data': None, 'status': 1}
2019-01-02 18:05:48,718-ERROR-my_log.py--Ting日志信息: 断言报错啦！，错误原因：'11012' != '10001'
- 11012
+ 10001

2019-01-02 18:05:48,720-ERROR-my_log.py--Ting日志信息: 测试结果是：False
2019-01-02 18:05:48,835-ERROR-my_log.py--Ting日志信息: 投标金额=9000000
2019-01-02 18:05:48,847-INFO-my_log.py--Ting日志信息: ======================结束测试===========================
2019-01-02 18:05:48,850-INFO-my_log.py--Ting日志信息: ======================开始测试===========================
2019-01-02 18:05:48,860-INFO-my_log.py--Ting日志信息: 账户余额=-35994173.60
2019-01-02 18:05:48,862-INFO-my_log.py--Ting日志信息: ============测试用例的title为  用户id为负数==============case_id=15
2019-01-02 18:05:48,864-INFO-my_log.py--Ting日志信息: 测试参数：{"memberId":"-122","password":1234567890,"loanId":8111,"amount":"100"}
2019-01-02 18:05:48,888-INFO-my_log.py--Ting日志信息: {'code': '11004', 'msg': '参数错误，memberId必须是大于0的正整数', 'data': None, 'status': 0}
2019-01-02 18:05:48,891-ERROR-my_log.py--Ting日志信息: 测试结果是：PASS
2019-01-02 18:05:49,015-INFO-my_log.py--Ting日志信息: ======================结束测试===========================
2019-01-02 18:05:49,018-INFO-my_log.py--Ting日志信息: ======================开始测试===========================
2019-01-02 18:05:49,028-INFO-my_log.py--Ting日志信息: 账户余额=-35994173.60
2019-01-02 18:05:49,031-INFO-my_log.py--Ting日志信息: ============测试用例的title为  账户余额不足，投标金额：int（账户余额/100）*100==============case_id=16
2019-01-02 18:05:49,033-INFO-my_log.py--Ting日志信息: 测试参数：{"memberId":1111404,"password":1234567890,"loanId":8111,"amount":-35994100}
2019-01-02 18:05:49,058-INFO-my_log.py--Ting日志信息: {'code': '11007', 'msg': '参数错误，投资金额必须是能被100整除的正整数', 'data': None, 'status': 0}
2019-01-02 18:05:49,062-ERROR-my_log.py--Ting日志信息: 断言报错啦！，错误原因：'20119' != '11007'
- 20119
+ 11007

2019-01-02 18:05:49,064-ERROR-my_log.py--Ting日志信息: 测试结果是：False
2019-01-02 18:05:49,189-INFO-my_log.py--Ting日志信息: ======================结束测试===========================
2019-01-02 18:05:49,192-INFO-my_log.py--Ting日志信息: ======================开始测试===========================
2019-01-02 18:05:49,202-INFO-my_log.py--Ting日志信息: 账户余额=-35994173.60
2019-01-02 18:05:49,204-INFO-my_log.py--Ting日志信息: ============测试用例的title为  标的已满==============case_id=17
2019-01-02 18:05:49,206-INFO-my_log.py--Ting日志信息: 测试参数：{"memberId":1111404,"password":1234567890,"loanId":4819,"amount":"200"}
2019-01-02 18:05:49,242-INFO-my_log.py--Ting日志信息: {'code': '11010', 'msg': '该标不在竞标中状态，无法完成投标', 'data': None, 'status': 0}
2019-01-02 18:05:49,245-ERROR-my_log.py--Ting日志信息: 断言报错啦！，错误原因：'11011' != '11010'
- 11011
?     ^
+ 11010
?     ^

2019-01-02 18:05:49,247-ERROR-my_log.py--Ting日志信息: 测试结果是：False
2019-01-02 18:05:49,388-INFO-my_log.py--Ting日志信息: ======================结束测试===========================
2019-01-02 18:05:50,277-INFO-my_log.py--Ting日志信息: ======================开始测试===========================
2019-01-02 18:05:50,290-INFO-my_log.py--Ting日志信息: 账户余额=-35994173.60
2019-01-02 18:05:50,293-INFO-my_log.py--Ting日志信息: ============测试用例的title为： 正常登录==============case_id=1
2019-01-02 18:05:50,318-ERROR-my_log.py--Ting日志信息: 测试结果是：PASS
2019-01-02 18:05:50,447-INFO-my_log.py--Ting日志信息: ======================结束测试===========================
2019-01-02 18:05:50,451-INFO-my_log.py--Ting日志信息: ======================开始测试===========================
2019-01-02 18:05:50,464-INFO-my_log.py--Ting日志信息: 账户余额=-35994173.60
2019-01-02 18:05:50,467-INFO-my_log.py--Ting日志信息: ============测试用例的title为： 充值成功==============case_id=2
2019-01-02 18:05:50,507-ERROR-my_log.py--Ting日志信息: 测试结果是：PASS
2019-01-02 18:05:50,626-INFO-my_log.py--Ting日志信息: ======================结束测试===========================
2019-01-02 18:05:50,628-INFO-my_log.py--Ting日志信息: ======================开始测试===========================
2019-01-02 18:05:50,641-INFO-my_log.py--Ting日志信息: 账户余额=-35992173.60
2019-01-02 18:05:50,643-INFO-my_log.py--Ting日志信息: ============测试用例的title为： 充值手机号为空==============case_id=3
2019-01-02 18:05:50,671-ERROR-my_log.py--Ting日志信息: 测试结果是：PASS
2019-01-02 18:05:50,796-INFO-my_log.py--Ting日志信息: ======================结束测试===========================
2019-01-02 18:05:50,798-INFO-my_log.py--Ting日志信息: ======================开始测试===========================
2019-01-02 18:05:50,811-INFO-my_log.py--Ting日志信息: 账户余额=-35992173.60
2019-01-02 18:05:50,812-INFO-my_log.py--Ting日志信息: ============测试用例的title为： 充值金额为空==============case_id=4
2019-01-02 18:05:50,839-ERROR-my_log.py--Ting日志信息: 测试结果是：PASS
2019-01-02 18:05:51,023-INFO-my_log.py--Ting日志信息: ======================结束测试===========================
2019-01-02 18:05:51,026-INFO-my_log.py--Ting日志信息: ======================开始测试===========================
2019-01-02 18:05:51,039-INFO-my_log.py--Ting日志信息: 账户余额=-35992173.60
2019-01-02 18:05:51,041-INFO-my_log.py--Ting日志信息: ============测试用例的title为： 充值手机号格式错误==============case_id=5
2019-01-02 18:05:51,085-ERROR-my_log.py--Ting日志信息: 断言报错啦！，错误原因：'20109' != '10001'
- 20109
+ 10001

2019-01-02 18:05:51,087-ERROR-my_log.py--Ting日志信息: 测试结果是：False
2019-01-02 18:05:51,215-INFO-my_log.py--Ting日志信息: ======================结束测试===========================
2019-01-02 18:05:51,218-INFO-my_log.py--Ting日志信息: ======================开始测试===========================
2019-01-02 18:05:51,232-INFO-my_log.py--Ting日志信息: 账户余额=-35992073.60
2019-01-02 18:05:51,236-INFO-my_log.py--Ting日志信息: ============测试用例的title为： 充值金额：0==============case_id=6
2019-01-02 18:05:51,273-ERROR-my_log.py--Ting日志信息: 断言报错啦！，错误原因：'20117' != '10001'
- 20117
+ 10001

2019-01-02 18:05:51,275-ERROR-my_log.py--Ting日志信息: 测试结果是：False
2019-01-02 18:05:51,400-INFO-my_log.py--Ting日志信息: ======================结束测试===========================
2019-01-02 18:05:51,404-INFO-my_log.py--Ting日志信息: ======================开始测试===========================
2019-01-02 18:05:51,431-INFO-my_log.py--Ting日志信息: 账户余额=-35992073.60
2019-01-02 18:05:51,433-INFO-my_log.py--Ting日志信息: ============测试用例的title为： 充值金额：-10==============case_id=7
2019-01-02 18:05:51,456-ERROR-my_log.py--Ting日志信息: 测试结果是：PASS
2019-01-02 18:05:51,579-INFO-my_log.py--Ting日志信息: ======================结束测试===========================
2019-01-02 18:05:51,581-INFO-my_log.py--Ting日志信息: ======================开始测试===========================
2019-01-02 18:05:51,594-INFO-my_log.py--Ting日志信息: 账户余额=-35992073.60
2019-01-02 18:05:51,596-INFO-my_log.py--Ting日志信息: ============测试用例的title为： 充值金额：100@！==============case_id=8
2019-01-02 18:05:51,630-ERROR-my_log.py--Ting日志信息: 测试结果是：PASS
2019-01-02 18:05:51,756-INFO-my_log.py--Ting日志信息: ======================结束测试===========================
2019-01-02 18:05:51,758-INFO-my_log.py--Ting日志信息: ======================开始测试===========================
2019-01-02 18:05:51,771-INFO-my_log.py--Ting日志信息: 账户余额=-35992073.60
2019-01-02 18:05:51,773-INFO-my_log.py--Ting日志信息: ============测试用例的title为： 充值金额：100.88==============case_id=9
2019-01-02 18:05:51,821-ERROR-my_log.py--Ting日志信息: 测试结果是：PASS
2019-01-02 18:05:51,961-INFO-my_log.py--Ting日志信息: ======================结束测试===========================
2019-01-02 18:05:51,965-INFO-my_log.py--Ting日志信息: ======================开始测试===========================
2019-01-02 18:05:51,979-INFO-my_log.py--Ting日志信息: 账户余额=-35991972.72
2019-01-02 18:05:51,982-INFO-my_log.py--Ting日志信息: ============测试用例的title为： 充值金额：100.555==============case_id=10
2019-01-02 18:05:52,006-ERROR-my_log.py--Ting日志信息: 测试结果是：PASS
2019-01-02 18:05:52,126-INFO-my_log.py--Ting日志信息: ======================结束测试===========================
